{"/Users/zhupengcong/wallet/FiveToken-Wallet-Chrome-Extension/src/config.js": {"path":"/Users/zhupengcong/wallet/FiveToken-Wallet-Chrome-Extension/src/config.js","statementMap":{"0":{"start":{"line":1,"column":15},"end":{"line":3,"column":1}}},"fnMap":{},"branchMap":{},"s":{"0":9},"f":{},"b":{},"_coverageSchema":"43e27e138ebf9cfc5966b082cf9a028302ed4184","hash":"e29e78906535bc057ddb76bc6f877f5c457fa41e"}
,"/Users/zhupengcong/wallet/FiveToken-Wallet-Chrome-Extension/src/enumeration.js": {"path":"/Users/zhupengcong/wallet/FiveToken-Wallet-Chrome-Extension/src/enumeration.js","statementMap":{"0":{"start":{"line":1,"column":29},"end":{"line":6,"column":1}},"1":{"start":{"line":8,"column":17},"end":{"line":54,"column":1}}},"fnMap":{},"branchMap":{},"s":{"0":1,"1":1},"f":{},"b":{},"_coverageSchema":"43e27e138ebf9cfc5966b082cf9a028302ed4184","hash":"37d6df52053d49ef21db70aaffbbc2eebedacb67"}
,"/Users/zhupengcong/wallet/FiveToken-Wallet-Chrome-Extension/src/inject.js": {"path":"/Users/zhupengcong/wallet/FiveToken-Wallet-Chrome-Extension/src/inject.js","statementMap":{"0":{"start":{"line":1,"column":0},"end":{"line":93,"column":4}},"1":{"start":{"line":2,"column":20},"end":{"line":91,"column":3}},"2":{"start":{"line":6,"column":6},"end":{"line":38,"column":8}},"3":{"start":{"line":7,"column":8},"end":{"line":37,"column":9}},"4":{"start":{"line":9,"column":10},"end":{"line":14,"column":17}},"5":{"start":{"line":16,"column":10},"end":{"line":34,"column":12}},"6":{"start":{"line":17,"column":12},"end":{"line":33,"column":13}},"7":{"start":{"line":19,"column":14},"end":{"line":21,"column":15}},"8":{"start":{"line":20,"column":16},"end":{"line":20,"column":48}},"9":{"start":{"line":30,"column":14},"end":{"line":32,"column":15}},"10":{"start":{"line":31,"column":16},"end":{"line":31,"column":44}},"11":{"start":{"line":36,"column":10},"end":{"line":36,"column":23}},"12":{"start":{"line":42,"column":6},"end":{"line":46,"column":7}},"13":{"start":{"line":43,"column":8},"end":{"line":43,"column":41}},"14":{"start":{"line":45,"column":8},"end":{"line":45,"column":39}},"15":{"start":{"line":49,"column":6},"end":{"line":51,"column":7}},"16":{"start":{"line":50,"column":8},"end":{"line":50,"column":42}},"17":{"start":{"line":52,"column":6},"end":{"line":54,"column":8}},"18":{"start":{"line":53,"column":8},"end":{"line":53,"column":23}},"19":{"start":{"line":57,"column":6},"end":{"line":59,"column":7}},"20":{"start":{"line":58,"column":8},"end":{"line":58,"column":38}},"21":{"start":{"line":60,"column":6},"end":{"line":60,"column":40}},"22":{"start":{"line":63,"column":22},"end":{"line":66,"column":7}},"23":{"start":{"line":67,"column":6},"end":{"line":69,"column":7}},"24":{"start":{"line":68,"column":8},"end":{"line":68,"column":39}},"25":{"start":{"line":70,"column":6},"end":{"line":70,"column":37}},"26":{"start":{"line":71,"column":6},"end":{"line":89,"column":8}},"27":{"start":{"line":73,"column":8},"end":{"line":79,"column":9}},"28":{"start":{"line":76,"column":10},"end":{"line":78,"column":11}},"29":{"start":{"line":77,"column":12},"end":{"line":77,"column":79}},"30":{"start":{"line":81,"column":8},"end":{"line":88,"column":9}},"31":{"start":{"line":84,"column":10},"end":{"line":87,"column":11}},"32":{"start":{"line":85,"column":23},"end":{"line":85,"column":74}},"33":{"start":{"line":86,"column":12},"end":{"line":86,"column":55}},"34":{"start":{"line":92,"column":2},"end":{"line":92,"column":30}}},"fnMap":{"0":{"name":"(anonymous_0)","decl":{"start":{"line":1,"column":1},"end":{"line":1,"column":2}},"loc":{"start":{"line":1,"column":13},"end":{"line":93,"column":1}},"line":1},"1":{"name":"(anonymous_1)","decl":{"start":{"line":5,"column":13},"end":{"line":5,"column":14}},"loc":{"start":{"line":5,"column":37},"end":{"line":39,"column":5}},"line":5},"2":{"name":"(anonymous_2)","decl":{"start":{"line":6,"column":25},"end":{"line":6,"column":26}},"loc":{"start":{"line":6,"column":46},"end":{"line":38,"column":7}},"line":6},"3":{"name":"(anonymous_3)","decl":{"start":{"line":16,"column":45},"end":{"line":16,"column":46}},"loc":{"start":{"line":16,"column":56},"end":{"line":34,"column":11}},"line":16},"4":{"name":"(anonymous_4)","decl":{"start":{"line":41,"column":20},"end":{"line":41,"column":21}},"loc":{"start":{"line":41,"column":30},"end":{"line":47,"column":5}},"line":41},"5":{"name":"(anonymous_5)","decl":{"start":{"line":48,"column":19},"end":{"line":48,"column":20}},"loc":{"start":{"line":48,"column":37},"end":{"line":55,"column":5}},"line":48},"6":{"name":"(anonymous_6)","decl":{"start":{"line":52,"column":40},"end":{"line":52,"column":41}},"loc":{"start":{"line":52,"column":51},"end":{"line":54,"column":7}},"line":52},"7":{"name":"(anonymous_7)","decl":{"start":{"line":56,"column":17},"end":{"line":56,"column":18}},"loc":{"start":{"line":56,"column":31},"end":{"line":61,"column":5}},"line":56},"8":{"name":"(anonymous_8)","decl":{"start":{"line":62,"column":8},"end":{"line":62,"column":9}},"loc":{"start":{"line":62,"column":22},"end":{"line":90,"column":5}},"line":62},"9":{"name":"(anonymous_9)","decl":{"start":{"line":71,"column":41},"end":{"line":71,"column":42}},"loc":{"start":{"line":71,"column":52},"end":{"line":89,"column":7}},"line":71}},"branchMap":{"0":{"loc":{"start":{"line":17,"column":12},"end":{"line":33,"column":13}},"type":"if","locations":[{"start":{"line":17,"column":12},"end":{"line":33,"column":13}},{"start":{"line":17,"column":12},"end":{"line":33,"column":13}}],"line":17},"1":{"loc":{"start":{"line":17,"column":16},"end":{"line":17,"column":105}},"type":"binary-expr","locations":[{"start":{"line":17,"column":16},"end":{"line":17,"column":21}},{"start":{"line":17,"column":25},"end":{"line":17,"column":35}},{"start":{"line":17,"column":39},"end":{"line":17,"column":75}},{"start":{"line":17,"column":79},"end":{"line":17,"column":105}}],"line":17},"2":{"loc":{"start":{"line":19,"column":14},"end":{"line":21,"column":15}},"type":"if","locations":[{"start":{"line":19,"column":14},"end":{"line":21,"column":15}},{"start":{"line":19,"column":14},"end":{"line":21,"column":15}}],"line":19},"3":{"loc":{"start":{"line":19,"column":18},"end":{"line":19,"column":88}},"type":"binary-expr","locations":[{"start":{"line":19,"column":18},"end":{"line":19,"column":61}},{"start":{"line":19,"column":65},"end":{"line":19,"column":88}}],"line":19},"4":{"loc":{"start":{"line":30,"column":14},"end":{"line":32,"column":15}},"type":"if","locations":[{"start":{"line":30,"column":14},"end":{"line":32,"column":15}},{"start":{"line":30,"column":14},"end":{"line":32,"column":15}}],"line":30},"5":{"loc":{"start":{"line":30,"column":18},"end":{"line":30,"column":84}},"type":"binary-expr","locations":[{"start":{"line":30,"column":18},"end":{"line":30,"column":61}},{"start":{"line":30,"column":65},"end":{"line":30,"column":84}}],"line":30},"6":{"loc":{"start":{"line":42,"column":6},"end":{"line":46,"column":7}},"type":"if","locations":[{"start":{"line":42,"column":6},"end":{"line":46,"column":7}},{"start":{"line":42,"column":6},"end":{"line":46,"column":7}}],"line":42},"7":{"loc":{"start":{"line":49,"column":6},"end":{"line":51,"column":7}},"type":"if","locations":[{"start":{"line":49,"column":6},"end":{"line":51,"column":7}},{"start":{"line":49,"column":6},"end":{"line":51,"column":7}}],"line":49},"8":{"loc":{"start":{"line":57,"column":6},"end":{"line":59,"column":7}},"type":"if","locations":[{"start":{"line":57,"column":6},"end":{"line":59,"column":7}},{"start":{"line":57,"column":6},"end":{"line":59,"column":7}}],"line":57},"9":{"loc":{"start":{"line":67,"column":6},"end":{"line":69,"column":7}},"type":"if","locations":[{"start":{"line":67,"column":6},"end":{"line":69,"column":7}},{"start":{"line":67,"column":6},"end":{"line":69,"column":7}}],"line":67},"10":{"loc":{"start":{"line":73,"column":8},"end":{"line":79,"column":9}},"type":"if","locations":[{"start":{"line":73,"column":8},"end":{"line":79,"column":9}},{"start":{"line":73,"column":8},"end":{"line":79,"column":9}}],"line":73},"11":{"loc":{"start":{"line":74,"column":10},"end":{"line":74,"column":72}},"type":"binary-expr","locations":[{"start":{"line":74,"column":10},"end":{"line":74,"column":15}},{"start":{"line":74,"column":19},"end":{"line":74,"column":29}},{"start":{"line":74,"column":33},"end":{"line":74,"column":72}}],"line":74},"12":{"loc":{"start":{"line":76,"column":10},"end":{"line":78,"column":11}},"type":"if","locations":[{"start":{"line":76,"column":10},"end":{"line":78,"column":11}},{"start":{"line":76,"column":10},"end":{"line":78,"column":11}}],"line":76},"13":{"loc":{"start":{"line":81,"column":8},"end":{"line":88,"column":9}},"type":"if","locations":[{"start":{"line":81,"column":8},"end":{"line":88,"column":9}},{"start":{"line":81,"column":8},"end":{"line":88,"column":9}}],"line":81},"14":{"loc":{"start":{"line":82,"column":10},"end":{"line":82,"column":69}},"type":"binary-expr","locations":[{"start":{"line":82,"column":10},"end":{"line":82,"column":15}},{"start":{"line":82,"column":19},"end":{"line":82,"column":29}},{"start":{"line":82,"column":33},"end":{"line":82,"column":69}}],"line":82},"15":{"loc":{"start":{"line":84,"column":10},"end":{"line":87,"column":11}},"type":"if","locations":[{"start":{"line":84,"column":10},"end":{"line":87,"column":11}},{"start":{"line":84,"column":10},"end":{"line":87,"column":11}}],"line":84}},"s":{"0":0,"1":0,"2":0,"3":0,"4":0,"5":0,"6":0,"7":0,"8":0,"9":0,"10":0,"11":0,"12":0,"13":0,"14":0,"15":0,"16":0,"17":0,"18":0,"19":0,"20":0,"21":0,"22":0,"23":0,"24":0,"25":0,"26":0,"27":0,"28":0,"29":0,"30":0,"31":0,"32":0,"33":0,"34":0},"f":{"0":0,"1":0,"2":0,"3":0,"4":0,"5":0,"6":0,"7":0,"8":0,"9":0},"b":{"0":[0,0],"1":[0,0,0,0],"2":[0,0],"3":[0,0],"4":[0,0],"5":[0,0],"6":[0,0],"7":[0,0],"8":[0,0],"9":[0,0],"10":[0,0],"11":[0,0,0],"12":[0,0],"13":[0,0],"14":[0,0,0],"15":[0,0]},"hash":"515a22d454683a58b6a2e6cc65c70b4e19da128e"}
,"/Users/zhupengcong/wallet/FiveToken-Wallet-Chrome-Extension/src/api/ethers.js": {"path":"/Users/zhupengcong/wallet/FiveToken-Wallet-Chrome-Extension/src/api/ethers.js","statementMap":{"0":{"start":{"line":6,"column":4},"end":{"line":6,"column":24}},"1":{"start":{"line":7,"column":4},"end":{"line":7,"column":34}},"2":{"start":{"line":11,"column":4},"end":{"line":11,"column":74}},"3":{"start":{"line":16,"column":4},"end":{"line":16,"column":50}},"4":{"start":{"line":25,"column":4},"end":{"line":31,"column":5}},"5":{"start":{"line":26,"column":18},"end":{"line":26,"column":57}},"6":{"start":{"line":27,"column":22},"end":{"line":27,"column":44}},"7":{"start":{"line":28,"column":6},"end":{"line":28,"column":20}},"8":{"start":{"line":30,"column":6},"end":{"line":30,"column":14}},"9":{"start":{"line":41,"column":4},"end":{"line":57,"column":5}},"10":{"start":{"line":42,"column":18},"end":{"line":42,"column":67}},"11":{"start":{"line":43,"column":6},"end":{"line":43,"column":16}},"12":{"start":{"line":45,"column":6},"end":{"line":55,"column":7}},"13":{"start":{"line":46,"column":8},"end":{"line":49,"column":10}},"14":{"start":{"line":51,"column":8},"end":{"line":54,"column":10}},"15":{"start":{"line":56,"column":6},"end":{"line":56,"column":17}},"16":{"start":{"line":66,"column":4},"end":{"line":71,"column":5}},"17":{"start":{"line":67,"column":18},"end":{"line":67,"column":58}},"18":{"start":{"line":68,"column":6},"end":{"line":68,"column":16}},"19":{"start":{"line":70,"column":6},"end":{"line":70,"column":17}},"20":{"start":{"line":81,"column":4},"end":{"line":86,"column":5}},"21":{"start":{"line":82,"column":18},"end":{"line":82,"column":65}},"22":{"start":{"line":83,"column":6},"end":{"line":83,"column":16}},"23":{"start":{"line":85,"column":6},"end":{"line":85,"column":17}},"24":{"start":{"line":93,"column":4},"end":{"line":98,"column":5}},"25":{"start":{"line":94,"column":18},"end":{"line":94,"column":51}},"26":{"start":{"line":95,"column":6},"end":{"line":95,"column":16}},"27":{"start":{"line":97,"column":6},"end":{"line":97,"column":17}},"28":{"start":{"line":105,"column":4},"end":{"line":110,"column":5}},"29":{"start":{"line":106,"column":18},"end":{"line":106,"column":62}},"30":{"start":{"line":107,"column":6},"end":{"line":107,"column":16}},"31":{"start":{"line":109,"column":6},"end":{"line":109,"column":17}},"32":{"start":{"line":119,"column":4},"end":{"line":124,"column":5}},"33":{"start":{"line":120,"column":18},"end":{"line":120,"column":53}},"34":{"start":{"line":121,"column":6},"end":{"line":121,"column":16}},"35":{"start":{"line":123,"column":6},"end":{"line":123,"column":17}},"36":{"start":{"line":133,"column":4},"end":{"line":138,"column":5}},"37":{"start":{"line":134,"column":18},"end":{"line":134,"column":54}},"38":{"start":{"line":135,"column":6},"end":{"line":135,"column":16}},"39":{"start":{"line":137,"column":6},"end":{"line":137,"column":17}}},"fnMap":{"0":{"name":"(anonymous_0)","decl":{"start":{"line":5,"column":2},"end":{"line":5,"column":3}},"loc":{"start":{"line":5,"column":17},"end":{"line":8,"column":3}},"line":5},"1":{"name":"(anonymous_1)","decl":{"start":{"line":10,"column":2},"end":{"line":10,"column":3}},"loc":{"start":{"line":10,"column":37},"end":{"line":12,"column":3}},"line":10},"2":{"name":"(anonymous_2)","decl":{"start":{"line":15,"column":2},"end":{"line":15,"column":3}},"loc":{"start":{"line":15,"column":20},"end":{"line":17,"column":3}},"line":15},"3":{"name":"(anonymous_3)","decl":{"start":{"line":24,"column":2},"end":{"line":24,"column":3}},"loc":{"start":{"line":24,"column":29},"end":{"line":32,"column":3}},"line":24},"4":{"name":"(anonymous_4)","decl":{"start":{"line":40,"column":2},"end":{"line":40,"column":3}},"loc":{"start":{"line":40,"column":29},"end":{"line":58,"column":3}},"line":40},"5":{"name":"(anonymous_5)","decl":{"start":{"line":65,"column":2},"end":{"line":65,"column":3}},"loc":{"start":{"line":65,"column":30},"end":{"line":72,"column":3}},"line":65},"6":{"name":"(anonymous_6)","decl":{"start":{"line":80,"column":2},"end":{"line":80,"column":3}},"loc":{"start":{"line":80,"column":37},"end":{"line":87,"column":3}},"line":80},"7":{"name":"(anonymous_7)","decl":{"start":{"line":92,"column":2},"end":{"line":92,"column":3}},"loc":{"start":{"line":92,"column":23},"end":{"line":99,"column":3}},"line":92},"8":{"name":"(anonymous_8)","decl":{"start":{"line":104,"column":2},"end":{"line":104,"column":3}},"loc":{"start":{"line":104,"column":37},"end":{"line":111,"column":3}},"line":104},"9":{"name":"(anonymous_9)","decl":{"start":{"line":118,"column":2},"end":{"line":118,"column":3}},"loc":{"start":{"line":118,"column":25},"end":{"line":125,"column":3}},"line":118},"10":{"name":"(anonymous_10)","decl":{"start":{"line":132,"column":2},"end":{"line":132,"column":3}},"loc":{"start":{"line":132,"column":29},"end":{"line":139,"column":3}},"line":132}},"branchMap":{"0":{"loc":{"start":{"line":45,"column":6},"end":{"line":55,"column":7}},"type":"if","locations":[{"start":{"line":45,"column":6},"end":{"line":55,"column":7}},{"start":{"line":45,"column":6},"end":{"line":55,"column":7}}],"line":45},"1":{"loc":{"start":{"line":45,"column":10},"end":{"line":45,"column":40}},"type":"binary-expr","locations":[{"start":{"line":45,"column":10},"end":{"line":45,"column":19}},{"start":{"line":45,"column":23},"end":{"line":45,"column":40}}],"line":45},"2":{"loc":{"start":{"line":48,"column":19},"end":{"line":48,"column":49}},"type":"binary-expr","locations":[{"start":{"line":48,"column":19},"end":{"line":48,"column":28}},{"start":{"line":48,"column":32},"end":{"line":48,"column":49}}],"line":48}},"s":{"0":1,"1":1,"2":1,"3":1,"4":0,"5":0,"6":0,"7":0,"8":0,"9":0,"10":0,"11":0,"12":0,"13":0,"14":0,"15":0,"16":0,"17":0,"18":0,"19":0,"20":0,"21":0,"22":0,"23":0,"24":0,"25":0,"26":0,"27":0,"28":0,"29":0,"30":0,"31":0,"32":0,"33":0,"34":0,"35":0,"36":1,"37":1,"38":0,"39":0},"f":{"0":1,"1":1,"2":1,"3":0,"4":0,"5":0,"6":0,"7":0,"8":0,"9":0,"10":1},"b":{"0":[0,0],"1":[0,0],"2":[0,0]},"_coverageSchema":"43e27e138ebf9cfc5966b082cf9a028302ed4184","hash":"4cee451448acf86d95171848bee2d2b44473b6da"}
,"/Users/zhupengcong/wallet/FiveToken-Wallet-Chrome-Extension/src/api/filecoin.js": {"path":"/Users/zhupengcong/wallet/FiveToken-Wallet-Chrome-Extension/src/api/filecoin.js","statementMap":{"0":{"start":{"line":6,"column":4},"end":{"line":6,"column":17}},"1":{"start":{"line":7,"column":4},"end":{"line":10,"column":5}},"2":{"start":{"line":15,"column":4},"end":{"line":15,"column":18}},"3":{"start":{"line":22,"column":4},"end":{"line":36,"column":5}},"4":{"start":{"line":23,"column":21},"end":{"line":27,"column":7}},"5":{"start":{"line":28,"column":18},"end":{"line":32,"column":8}},"6":{"start":{"line":33,"column":6},"end":{"line":33,"column":16}},"7":{"start":{"line":35,"column":6},"end":{"line":35,"column":17}},"8":{"start":{"line":45,"column":4},"end":{"line":64,"column":5}},"9":{"start":{"line":46,"column":21},"end":{"line":50,"column":7}},"10":{"start":{"line":51,"column":18},"end":{"line":55,"column":8}},"11":{"start":{"line":56,"column":6},"end":{"line":61,"column":7}},"12":{"start":{"line":57,"column":24},"end":{"line":57,"column":47}},"13":{"start":{"line":58,"column":8},"end":{"line":58,"column":22}},"14":{"start":{"line":60,"column":8},"end":{"line":60,"column":16}},"15":{"start":{"line":63,"column":6},"end":{"line":63,"column":14}},"16":{"start":{"line":75,"column":4},"end":{"line":122,"column":5}},"17":{"start":{"line":76,"column":21},"end":{"line":97,"column":7}},"18":{"start":{"line":98,"column":18},"end":{"line":102,"column":8}},"19":{"start":{"line":103,"column":21},"end":{"line":103,"column":22}},"20":{"start":{"line":104,"column":23},"end":{"line":104,"column":24}},"21":{"start":{"line":105,"column":22},"end":{"line":105,"column":23}},"22":{"start":{"line":106,"column":6},"end":{"line":110,"column":7}},"23":{"start":{"line":107,"column":8},"end":{"line":107,"column":38}},"24":{"start":{"line":108,"column":8},"end":{"line":108,"column":42}},"25":{"start":{"line":109,"column":8},"end":{"line":109,"column":40}},"26":{"start":{"line":111,"column":6},"end":{"line":115,"column":7}},"27":{"start":{"line":117,"column":6},"end":{"line":121,"column":7}},"28":{"start":{"line":131,"column":4},"end":{"line":149,"column":5}},"29":{"start":{"line":132,"column":21},"end":{"line":136,"column":7}},"30":{"start":{"line":137,"column":18},"end":{"line":141,"column":8}},"31":{"start":{"line":142,"column":6},"end":{"line":146,"column":7}},"32":{"start":{"line":143,"column":8},"end":{"line":143,"column":25}},"33":{"start":{"line":145,"column":8},"end":{"line":145,"column":16}},"34":{"start":{"line":148,"column":6},"end":{"line":148,"column":14}},"35":{"start":{"line":158,"column":4},"end":{"line":182,"column":5}},"36":{"start":{"line":159,"column":21},"end":{"line":163,"column":7}},"37":{"start":{"line":164,"column":18},"end":{"line":168,"column":8}},"38":{"start":{"line":169,"column":6},"end":{"line":179,"column":7}},"39":{"start":{"line":170,"column":8},"end":{"line":170,"column":30}},"40":{"start":{"line":172,"column":8},"end":{"line":177,"column":9}},"41":{"start":{"line":173,"column":10},"end":{"line":176,"column":12}},"42":{"start":{"line":178,"column":8},"end":{"line":178,"column":17}},"43":{"start":{"line":181,"column":6},"end":{"line":181,"column":15}},"44":{"start":{"line":191,"column":4},"end":{"line":213,"column":5}},"45":{"start":{"line":192,"column":21},"end":{"line":200,"column":7}},"46":{"start":{"line":201,"column":18},"end":{"line":205,"column":8}},"47":{"start":{"line":206,"column":6},"end":{"line":210,"column":7}},"48":{"start":{"line":207,"column":8},"end":{"line":207,"column":25}},"49":{"start":{"line":209,"column":8},"end":{"line":209,"column":19}},"50":{"start":{"line":212,"column":6},"end":{"line":212,"column":17}},"51":{"start":{"line":222,"column":4},"end":{"line":245,"column":5}},"52":{"start":{"line":223,"column":21},"end":{"line":232,"column":7}},"53":{"start":{"line":233,"column":18},"end":{"line":237,"column":8}},"54":{"start":{"line":238,"column":6},"end":{"line":242,"column":7}},"55":{"start":{"line":239,"column":8},"end":{"line":239,"column":25}},"56":{"start":{"line":241,"column":8},"end":{"line":241,"column":19}},"57":{"start":{"line":244,"column":6},"end":{"line":244,"column":17}}},"fnMap":{"0":{"name":"(anonymous_0)","decl":{"start":{"line":5,"column":2},"end":{"line":5,"column":3}},"loc":{"start":{"line":5,"column":17},"end":{"line":11,"column":3}},"line":5},"1":{"name":"(anonymous_1)","decl":{"start":{"line":14,"column":2},"end":{"line":14,"column":3}},"loc":{"start":{"line":14,"column":15},"end":{"line":16,"column":3}},"line":14},"2":{"name":"(anonymous_2)","decl":{"start":{"line":21,"column":2},"end":{"line":21,"column":3}},"loc":{"start":{"line":21,"column":31},"end":{"line":37,"column":3}},"line":21},"3":{"name":"(anonymous_3)","decl":{"start":{"line":44,"column":2},"end":{"line":44,"column":3}},"loc":{"start":{"line":44,"column":29},"end":{"line":65,"column":3}},"line":44},"4":{"name":"(anonymous_4)","decl":{"start":{"line":74,"column":2},"end":{"line":74,"column":3}},"loc":{"start":{"line":74,"column":43},"end":{"line":123,"column":3}},"line":74},"5":{"name":"(anonymous_5)","decl":{"start":{"line":130,"column":2},"end":{"line":130,"column":3}},"loc":{"start":{"line":130,"column":27},"end":{"line":150,"column":3}},"line":130},"6":{"name":"(anonymous_6)","decl":{"start":{"line":157,"column":2},"end":{"line":157,"column":3}},"loc":{"start":{"line":157,"column":25},"end":{"line":183,"column":3}},"line":157},"7":{"name":"(anonymous_7)","decl":{"start":{"line":190,"column":2},"end":{"line":190,"column":3}},"loc":{"start":{"line":190,"column":31},"end":{"line":214,"column":3}},"line":190},"8":{"name":"(anonymous_8)","decl":{"start":{"line":221,"column":2},"end":{"line":221,"column":3}},"loc":{"start":{"line":221,"column":31},"end":{"line":246,"column":3}},"line":221}},"branchMap":{"0":{"loc":{"start":{"line":56,"column":6},"end":{"line":61,"column":7}},"type":"if","locations":[{"start":{"line":56,"column":6},"end":{"line":61,"column":7}},{"start":{"line":56,"column":6},"end":{"line":61,"column":7}}],"line":56},"1":{"loc":{"start":{"line":56,"column":10},"end":{"line":56,"column":27}},"type":"binary-expr","locations":[{"start":{"line":56,"column":10},"end":{"line":56,"column":13}},{"start":{"line":56,"column":17},"end":{"line":56,"column":27}}],"line":56},"2":{"loc":{"start":{"line":57,"column":31},"end":{"line":57,"column":46}},"type":"binary-expr","locations":[{"start":{"line":57,"column":31},"end":{"line":57,"column":41}},{"start":{"line":57,"column":45},"end":{"line":57,"column":46}}],"line":57},"3":{"loc":{"start":{"line":106,"column":6},"end":{"line":110,"column":7}},"type":"if","locations":[{"start":{"line":106,"column":6},"end":{"line":110,"column":7}},{"start":{"line":106,"column":6},"end":{"line":110,"column":7}}],"line":106},"4":{"loc":{"start":{"line":106,"column":10},"end":{"line":106,"column":27}},"type":"binary-expr","locations":[{"start":{"line":106,"column":10},"end":{"line":106,"column":13}},{"start":{"line":106,"column":17},"end":{"line":106,"column":27}}],"line":106},"5":{"loc":{"start":{"line":142,"column":6},"end":{"line":146,"column":7}},"type":"if","locations":[{"start":{"line":142,"column":6},"end":{"line":146,"column":7}},{"start":{"line":142,"column":6},"end":{"line":146,"column":7}}],"line":142},"6":{"loc":{"start":{"line":142,"column":10},"end":{"line":142,"column":27}},"type":"binary-expr","locations":[{"start":{"line":142,"column":10},"end":{"line":142,"column":13}},{"start":{"line":142,"column":17},"end":{"line":142,"column":27}}],"line":142},"7":{"loc":{"start":{"line":169,"column":6},"end":{"line":179,"column":7}},"type":"if","locations":[{"start":{"line":169,"column":6},"end":{"line":179,"column":7}},{"start":{"line":169,"column":6},"end":{"line":179,"column":7}}],"line":169},"8":{"loc":{"start":{"line":169,"column":10},"end":{"line":169,"column":27}},"type":"binary-expr","locations":[{"start":{"line":169,"column":10},"end":{"line":169,"column":13}},{"start":{"line":169,"column":17},"end":{"line":169,"column":27}}],"line":169},"9":{"loc":{"start":{"line":172,"column":8},"end":{"line":177,"column":9}},"type":"if","locations":[{"start":{"line":172,"column":8},"end":{"line":177,"column":9}},{"start":{"line":172,"column":8},"end":{"line":177,"column":9}}],"line":172},"10":{"loc":{"start":{"line":172,"column":12},"end":{"line":172,"column":49}},"type":"binary-expr","locations":[{"start":{"line":172,"column":12},"end":{"line":172,"column":15}},{"start":{"line":172,"column":19},"end":{"line":172,"column":28}},{"start":{"line":172,"column":32},"end":{"line":172,"column":49}}],"line":172},"11":{"loc":{"start":{"line":206,"column":6},"end":{"line":210,"column":7}},"type":"if","locations":[{"start":{"line":206,"column":6},"end":{"line":210,"column":7}},{"start":{"line":206,"column":6},"end":{"line":210,"column":7}}],"line":206},"12":{"loc":{"start":{"line":206,"column":10},"end":{"line":206,"column":27}},"type":"binary-expr","locations":[{"start":{"line":206,"column":10},"end":{"line":206,"column":13}},{"start":{"line":206,"column":17},"end":{"line":206,"column":27}}],"line":206},"13":{"loc":{"start":{"line":238,"column":6},"end":{"line":242,"column":7}},"type":"if","locations":[{"start":{"line":238,"column":6},"end":{"line":242,"column":7}},{"start":{"line":238,"column":6},"end":{"line":242,"column":7}}],"line":238},"14":{"loc":{"start":{"line":238,"column":10},"end":{"line":238,"column":27}},"type":"binary-expr","locations":[{"start":{"line":238,"column":10},"end":{"line":238,"column":13}},{"start":{"line":238,"column":17},"end":{"line":238,"column":27}}],"line":238}},"s":{"0":1,"1":1,"2":1,"3":1,"4":1,"5":0,"6":0,"7":1,"8":1,"9":1,"10":0,"11":0,"12":0,"13":0,"14":0,"15":1,"16":0,"17":0,"18":0,"19":0,"20":0,"21":0,"22":0,"23":0,"24":0,"25":0,"26":0,"27":0,"28":0,"29":0,"30":0,"31":0,"32":0,"33":0,"34":0,"35":0,"36":0,"37":0,"38":0,"39":0,"40":0,"41":0,"42":0,"43":0,"44":1,"45":1,"46":0,"47":0,"48":0,"49":0,"50":1,"51":1,"52":1,"53":0,"54":0,"55":0,"56":0,"57":1},"f":{"0":1,"1":1,"2":1,"3":1,"4":0,"5":0,"6":0,"7":1,"8":1},"b":{"0":[0,0],"1":[0,0],"2":[0,0],"3":[0,0],"4":[0,0],"5":[0,0],"6":[0,0],"7":[0,0],"8":[0,0],"9":[0,0],"10":[0,0,0],"11":[0,0],"12":[0,0],"13":[0,0],"14":[0,0]},"_coverageSchema":"43e27e138ebf9cfc5966b082cf9a028302ed4184","hash":"a7a1984843bc38504949f3877fb7bc3b1ac2c245"}
,"/Users/zhupengcong/wallet/FiveToken-Wallet-Chrome-Extension/src/api/index.js": {"path":"/Users/zhupengcong/wallet/FiveToken-Wallet-Chrome-Extension/src/api/index.js","statementMap":{"0":{"start":{"line":21,"column":4},"end":{"line":21,"column":17}},"1":{"start":{"line":23,"column":4},"end":{"line":23,"column":25}},"2":{"start":{"line":24,"column":4},"end":{"line":24,"column":27}},"3":{"start":{"line":25,"column":4},"end":{"line":25,"column":27}},"4":{"start":{"line":29,"column":4},"end":{"line":29,"column":40}},"5":{"start":{"line":33,"column":4},"end":{"line":33,"column":40}},"6":{"start":{"line":37,"column":4},"end":{"line":37,"column":18}},"7":{"start":{"line":41,"column":4},"end":{"line":41,"column":27}},"8":{"start":{"line":50,"column":4},"end":{"line":103,"column":5}},"9":{"start":{"line":51,"column":6},"end":{"line":74,"column":7}},"10":{"start":{"line":52,"column":23},"end":{"line":52,"column":69}},"11":{"start":{"line":53,"column":8},"end":{"line":73,"column":9}},"12":{"start":{"line":54,"column":10},"end":{"line":67,"column":11}},"13":{"start":{"line":55,"column":29},"end":{"line":55,"column":50}},"14":{"start":{"line":56,"column":28},"end":{"line":56,"column":71}},"15":{"start":{"line":57,"column":26},"end":{"line":57,"column":40}},"16":{"start":{"line":58,"column":12},"end":{"line":61,"column":13}},"17":{"start":{"line":63,"column":12},"end":{"line":66,"column":13}},"18":{"start":{"line":69,"column":10},"end":{"line":72,"column":11}},"19":{"start":{"line":75,"column":6},"end":{"line":83,"column":7}},"20":{"start":{"line":76,"column":8},"end":{"line":76,"column":29}},"21":{"start":{"line":77,"column":8},"end":{"line":77,"column":46}},"22":{"start":{"line":78,"column":23},"end":{"line":78,"column":65}},"23":{"start":{"line":79,"column":8},"end":{"line":82,"column":9}},"24":{"start":{"line":84,"column":6},"end":{"line":93,"column":7}},"25":{"start":{"line":85,"column":8},"end":{"line":85,"column":29}},"26":{"start":{"line":86,"column":8},"end":{"line":86,"column":41}},"27":{"start":{"line":87,"column":23},"end":{"line":87,"column":65}},"28":{"start":{"line":88,"column":25},"end":{"line":88,"column":65}},"29":{"start":{"line":89,"column":8},"end":{"line":92,"column":9}},"30":{"start":{"line":95,"column":6},"end":{"line":98,"column":8}},"31":{"start":{"line":99,"column":6},"end":{"line":102,"column":7}},"32":{"start":{"line":113,"column":4},"end":{"line":234,"column":5}},"33":{"start":{"line":121,"column":10},"end":{"line":121,"column":12}},"34":{"start":{"line":122,"column":6},"end":{"line":162,"column":7}},"35":{"start":{"line":123,"column":52},"end":{"line":123,"column":62}},"36":{"start":{"line":124,"column":20},"end":{"line":124,"column":35}},"37":{"start":{"line":125,"column":20},"end":{"line":136,"column":9}},"38":{"start":{"line":138,"column":26},"end":{"line":138,"column":63}},"39":{"start":{"line":139,"column":26},"end":{"line":141,"column":9}},"40":{"start":{"line":142,"column":25},"end":{"line":142,"column":63}},"41":{"start":{"line":144,"column":8},"end":{"line":161,"column":9}},"42":{"start":{"line":145,"column":22},"end":{"line":145,"column":35}},"43":{"start":{"line":146,"column":10},"end":{"line":149,"column":11}},"44":{"start":{"line":151,"column":10},"end":{"line":156,"column":11}},"45":{"start":{"line":152,"column":12},"end":{"line":155,"column":14}},"46":{"start":{"line":157,"column":10},"end":{"line":160,"column":11}},"47":{"start":{"line":163,"column":6},"end":{"line":198,"column":7}},"48":{"start":{"line":164,"column":84},"end":{"line":164,"column":94}},"49":{"start":{"line":165,"column":26},"end":{"line":165,"column":30}},"50":{"start":{"line":166,"column":8},"end":{"line":181,"column":9}},"51":{"start":{"line":167,"column":10},"end":{"line":173,"column":11}},"52":{"start":{"line":175,"column":10},"end":{"line":180,"column":11}},"53":{"start":{"line":183,"column":8},"end":{"line":183,"column":29}},"54":{"start":{"line":184,"column":8},"end":{"line":184,"column":46}},"55":{"start":{"line":185,"column":8},"end":{"line":185,"column":58}},"56":{"start":{"line":186,"column":23},"end":{"line":186,"column":74}},"57":{"start":{"line":187,"column":8},"end":{"line":197,"column":9}},"58":{"start":{"line":188,"column":10},"end":{"line":191,"column":11}},"59":{"start":{"line":193,"column":10},"end":{"line":196,"column":11}},"60":{"start":{"line":199,"column":6},"end":{"line":227,"column":7}},"61":{"start":{"line":200,"column":52},"end":{"line":200,"column":62}},"62":{"start":{"line":201,"column":23},"end":{"line":201,"column":38}},"63":{"start":{"line":202,"column":23},"end":{"line":213,"column":9}},"64":{"start":{"line":214,"column":24},"end":{"line":214,"column":64}},"65":{"start":{"line":215,"column":23},"end":{"line":217,"column":10}},"66":{"start":{"line":218,"column":8},"end":{"line":218,"column":29}},"67":{"start":{"line":219,"column":8},"end":{"line":219,"column":41}},"68":{"start":{"line":220,"column":23},"end":{"line":220,"column":63}},"69":{"start":{"line":221,"column":8},"end":{"line":226,"column":9}},"70":{"start":{"line":222,"column":10},"end":{"line":225,"column":11}},"71":{"start":{"line":229,"column":6},"end":{"line":232,"column":8}},"72":{"start":{"line":233,"column":6},"end":{"line":233,"column":17}},"73":{"start":{"line":243,"column":4},"end":{"line":345,"column":5}},"74":{"start":{"line":244,"column":6},"end":{"line":276,"column":7}},"75":{"start":{"line":245,"column":23},"end":{"line":245,"column":58}},"76":{"start":{"line":246,"column":8},"end":{"line":275,"column":9}},"77":{"start":{"line":247,"column":27},"end":{"line":247,"column":38}},"78":{"start":{"line":248,"column":24},"end":{"line":248,"column":46}},"79":{"start":{"line":249,"column":28},"end":{"line":249,"column":52}},"80":{"start":{"line":250,"column":30},"end":{"line":250,"column":63}},"81":{"start":{"line":251,"column":28},"end":{"line":251,"column":92}},"82":{"start":{"line":253,"column":21},"end":{"line":253,"column":30}},"83":{"start":{"line":254,"column":10},"end":{"line":256,"column":11}},"84":{"start":{"line":255,"column":12},"end":{"line":255,"column":28}},"85":{"start":{"line":257,"column":10},"end":{"line":259,"column":11}},"86":{"start":{"line":258,"column":12},"end":{"line":258,"column":26}},"87":{"start":{"line":260,"column":25},"end":{"line":271,"column":11}},"88":{"start":{"line":272,"column":10},"end":{"line":272,"column":23}},"89":{"start":{"line":274,"column":10},"end":{"line":274,"column":21}},"90":{"start":{"line":277,"column":6},"end":{"line":311,"column":7}},"91":{"start":{"line":278,"column":8},"end":{"line":278,"column":29}},"92":{"start":{"line":279,"column":8},"end":{"line":279,"column":46}},"93":{"start":{"line":280,"column":23},"end":{"line":280,"column":65}},"94":{"start":{"line":281,"column":23},"end":{"line":281,"column":72}},"95":{"start":{"line":282,"column":22},"end":{"line":282,"column":73}},"96":{"start":{"line":283,"column":8},"end":{"line":310,"column":9}},"97":{"start":{"line":284,"column":21},"end":{"line":284,"column":30}},"98":{"start":{"line":285,"column":10},"end":{"line":287,"column":11}},"99":{"start":{"line":286,"column":12},"end":{"line":286,"column":28}},"100":{"start":{"line":288,"column":10},"end":{"line":290,"column":11}},"101":{"start":{"line":289,"column":12},"end":{"line":289,"column":26}},"102":{"start":{"line":291,"column":28},"end":{"line":291,"column":61}},"103":{"start":{"line":292,"column":24},"end":{"line":292,"column":55}},"104":{"start":{"line":293,"column":28},"end":{"line":293,"column":98}},"105":{"start":{"line":294,"column":30},"end":{"line":294,"column":47}},"106":{"start":{"line":295,"column":25},"end":{"line":306,"column":11}},"107":{"start":{"line":307,"column":10},"end":{"line":307,"column":23}},"108":{"start":{"line":309,"column":10},"end":{"line":309,"column":21}},"109":{"start":{"line":312,"column":6},"end":{"line":342,"column":7}},"110":{"start":{"line":313,"column":8},"end":{"line":313,"column":29}},"111":{"start":{"line":314,"column":8},"end":{"line":314,"column":41}},"112":{"start":{"line":315,"column":23},"end":{"line":315,"column":66}},"113":{"start":{"line":316,"column":25},"end":{"line":316,"column":68}},"114":{"start":{"line":317,"column":8},"end":{"line":341,"column":9}},"115":{"start":{"line":318,"column":28},"end":{"line":318,"column":78}},"116":{"start":{"line":319,"column":30},"end":{"line":319,"column":62}},"117":{"start":{"line":320,"column":22},"end":{"line":320,"column":31}},"118":{"start":{"line":321,"column":10},"end":{"line":323,"column":11}},"119":{"start":{"line":322,"column":12},"end":{"line":322,"column":29}},"120":{"start":{"line":324,"column":10},"end":{"line":326,"column":11}},"121":{"start":{"line":325,"column":12},"end":{"line":325,"column":27}},"122":{"start":{"line":327,"column":25},"end":{"line":337,"column":11}},"123":{"start":{"line":338,"column":10},"end":{"line":338,"column":23}},"124":{"start":{"line":340,"column":10},"end":{"line":340,"column":21}},"125":{"start":{"line":344,"column":6},"end":{"line":344,"column":17}},"126":{"start":{"line":356,"column":4},"end":{"line":426,"column":5}},"127":{"start":{"line":357,"column":6},"end":{"line":380,"column":7}},"128":{"start":{"line":358,"column":23},"end":{"line":358,"column":56}},"129":{"start":{"line":359,"column":8},"end":{"line":379,"column":9}},"130":{"start":{"line":360,"column":27},"end":{"line":360,"column":38}},"131":{"start":{"line":361,"column":54},"end":{"line":361,"column":62}},"132":{"start":{"line":362,"column":10},"end":{"line":369,"column":11}},"133":{"start":{"line":371,"column":10},"end":{"line":378,"column":11}},"134":{"start":{"line":381,"column":6},"end":{"line":402,"column":7}},"135":{"start":{"line":382,"column":8},"end":{"line":382,"column":29}},"136":{"start":{"line":383,"column":8},"end":{"line":383,"column":46}},"137":{"start":{"line":384,"column":20},"end":{"line":384,"column":56}},"138":{"start":{"line":385,"column":19},"end":{"line":388,"column":9}},"139":{"start":{"line":389,"column":22},"end":{"line":389,"column":63}},"140":{"start":{"line":390,"column":21},"end":{"line":390,"column":25}},"141":{"start":{"line":391,"column":8},"end":{"line":393,"column":9}},"142":{"start":{"line":392,"column":10},"end":{"line":392,"column":55}},"143":{"start":{"line":394,"column":8},"end":{"line":401,"column":9}},"144":{"start":{"line":403,"column":6},"end":{"line":416,"column":7}},"145":{"start":{"line":404,"column":8},"end":{"line":404,"column":29}},"146":{"start":{"line":405,"column":8},"end":{"line":405,"column":41}},"147":{"start":{"line":406,"column":23},"end":{"line":406,"column":79}},"148":{"start":{"line":407,"column":52},"end":{"line":407,"column":58}},"149":{"start":{"line":408,"column":8},"end":{"line":415,"column":9}},"150":{"start":{"line":418,"column":6},"end":{"line":425,"column":7}},"151":{"start":{"line":430,"column":24},"end":{"line":430,"column":63}},"152":{"start":{"line":431,"column":18},"end":{"line":431,"column":62}},"153":{"start":{"line":432,"column":27},"end":{"line":432,"column":69}},"154":{"start":{"line":433,"column":25},"end":{"line":433,"column":71}},"155":{"start":{"line":434,"column":19},"end":{"line":434,"column":92}},"156":{"start":{"line":435,"column":17},"end":{"line":439,"column":6}},"157":{"start":{"line":440,"column":25},"end":{"line":440,"column":54}},"158":{"start":{"line":441,"column":24},"end":{"line":441,"column":61}},"159":{"start":{"line":442,"column":4},"end":{"line":453,"column":5}},"160":{"start":{"line":443,"column":35},"end":{"line":443,"column":54}},"161":{"start":{"line":444,"column":6},"end":{"line":447,"column":7}},"162":{"start":{"line":449,"column":6},"end":{"line":452,"column":7}},"163":{"start":{"line":462,"column":4},"end":{"line":492,"column":5}},"164":{"start":{"line":463,"column":18},"end":{"line":463,"column":44}},"165":{"start":{"line":464,"column":18},"end":{"line":464,"column":48}},"166":{"start":{"line":465,"column":6},"end":{"line":486,"column":7}},"167":{"start":{"line":466,"column":21},"end":{"line":466,"column":29}},"168":{"start":{"line":467,"column":18},"end":{"line":467,"column":19}},"169":{"start":{"line":468,"column":18},"end":{"line":468,"column":19}},"170":{"start":{"line":469,"column":8},"end":{"line":476,"column":10}},"171":{"start":{"line":470,"column":10},"end":{"line":472,"column":11}},"172":{"start":{"line":471,"column":12},"end":{"line":471,"column":25}},"173":{"start":{"line":473,"column":10},"end":{"line":475,"column":11}},"174":{"start":{"line":474,"column":12},"end":{"line":474,"column":25}},"175":{"start":{"line":477,"column":8},"end":{"line":480,"column":9}},"176":{"start":{"line":482,"column":8},"end":{"line":485,"column":9}},"177":{"start":{"line":488,"column":6},"end":{"line":491,"column":7}},"178":{"start":{"line":499,"column":4},"end":{"line":526,"column":5}},"179":{"start":{"line":500,"column":6},"end":{"line":500,"column":27}},"180":{"start":{"line":501,"column":6},"end":{"line":501,"column":34}},"181":{"start":{"line":502,"column":18},"end":{"line":502,"column":62}},"182":{"start":{"line":503,"column":6},"end":{"line":520,"column":7}},"183":{"start":{"line":504,"column":8},"end":{"line":514,"column":9}},"184":{"start":{"line":505,"column":10},"end":{"line":508,"column":11}},"185":{"start":{"line":510,"column":10},"end":{"line":513,"column":11}},"186":{"start":{"line":516,"column":8},"end":{"line":519,"column":9}},"187":{"start":{"line":522,"column":6},"end":{"line":525,"column":7}},"188":{"start":{"line":535,"column":4},"end":{"line":555,"column":5}},"189":{"start":{"line":536,"column":6},"end":{"line":536,"column":27}},"190":{"start":{"line":537,"column":6},"end":{"line":537,"column":39}},"191":{"start":{"line":538,"column":18},"end":{"line":538,"column":57}},"192":{"start":{"line":539,"column":6},"end":{"line":549,"column":7}},"193":{"start":{"line":540,"column":8},"end":{"line":543,"column":9}},"194":{"start":{"line":545,"column":8},"end":{"line":548,"column":9}},"195":{"start":{"line":551,"column":6},"end":{"line":554,"column":7}}},"fnMap":{"0":{"name":"(anonymous_0)","decl":{"start":{"line":20,"column":2},"end":{"line":20,"column":3}},"loc":{"start":{"line":20,"column":17},"end":{"line":26,"column":3}},"line":20},"1":{"name":"(anonymous_1)","decl":{"start":{"line":28,"column":2},"end":{"line":28,"column":3}},"loc":{"start":{"line":28,"column":20},"end":{"line":30,"column":3}},"line":28},"2":{"name":"(anonymous_2)","decl":{"start":{"line":32,"column":2},"end":{"line":32,"column":3}},"loc":{"start":{"line":32,"column":20},"end":{"line":34,"column":3}},"line":32},"3":{"name":"(anonymous_3)","decl":{"start":{"line":36,"column":2},"end":{"line":36,"column":3}},"loc":{"start":{"line":36,"column":15},"end":{"line":38,"column":3}},"line":36},"4":{"name":"(anonymous_4)","decl":{"start":{"line":40,"column":2},"end":{"line":40,"column":3}},"loc":{"start":{"line":40,"column":24},"end":{"line":42,"column":3}},"line":40},"5":{"name":"(anonymous_5)","decl":{"start":{"line":49,"column":2},"end":{"line":49,"column":3}},"loc":{"start":{"line":49,"column":29},"end":{"line":104,"column":3}},"line":49},"6":{"name":"(anonymous_6)","decl":{"start":{"line":112,"column":2},"end":{"line":112,"column":3}},"loc":{"start":{"line":112,"column":29},"end":{"line":235,"column":3}},"line":112},"7":{"name":"(anonymous_7)","decl":{"start":{"line":242,"column":2},"end":{"line":242,"column":3}},"loc":{"start":{"line":242,"column":29},"end":{"line":346,"column":3}},"line":242},"8":{"name":"(anonymous_8)","decl":{"start":{"line":355,"column":2},"end":{"line":355,"column":3}},"loc":{"start":{"line":355,"column":52},"end":{"line":427,"column":3}},"line":355},"9":{"name":"(anonymous_9)","decl":{"start":{"line":429,"column":2},"end":{"line":429,"column":3}},"loc":{"start":{"line":429,"column":35},"end":{"line":454,"column":3}},"line":429},"10":{"name":"(anonymous_10)","decl":{"start":{"line":461,"column":2},"end":{"line":461,"column":3}},"loc":{"start":{"line":461,"column":23},"end":{"line":493,"column":3}},"line":461},"11":{"name":"(anonymous_11)","decl":{"start":{"line":469,"column":21},"end":{"line":469,"column":22}},"loc":{"start":{"line":469,"column":26},"end":{"line":476,"column":9}},"line":469},"12":{"name":"(anonymous_12)","decl":{"start":{"line":498,"column":2},"end":{"line":498,"column":3}},"loc":{"start":{"line":498,"column":35},"end":{"line":527,"column":3}},"line":498},"13":{"name":"(anonymous_13)","decl":{"start":{"line":534,"column":2},"end":{"line":534,"column":3}},"loc":{"start":{"line":534,"column":29},"end":{"line":556,"column":3}},"line":534}},"branchMap":{"0":{"loc":{"start":{"line":51,"column":6},"end":{"line":74,"column":7}},"type":"if","locations":[{"start":{"line":51,"column":6},"end":{"line":74,"column":7}},{"start":{"line":51,"column":6},"end":{"line":74,"column":7}}],"line":51},"1":{"loc":{"start":{"line":53,"column":8},"end":{"line":73,"column":9}},"type":"if","locations":[{"start":{"line":53,"column":8},"end":{"line":73,"column":9}},{"start":{"line":53,"column":8},"end":{"line":73,"column":9}}],"line":53},"2":{"loc":{"start":{"line":53,"column":12},"end":{"line":53,"column":41}},"type":"binary-expr","locations":[{"start":{"line":53,"column":12},"end":{"line":53,"column":18}},{"start":{"line":53,"column":22},"end":{"line":53,"column":41}}],"line":53},"3":{"loc":{"start":{"line":54,"column":10},"end":{"line":67,"column":11}},"type":"if","locations":[{"start":{"line":54,"column":10},"end":{"line":67,"column":11}},{"start":{"line":54,"column":10},"end":{"line":67,"column":11}}],"line":54},"4":{"loc":{"start":{"line":54,"column":14},"end":{"line":54,"column":35}},"type":"binary-expr","locations":[{"start":{"line":54,"column":14},"end":{"line":54,"column":20}},{"start":{"line":54,"column":24},"end":{"line":54,"column":35}}],"line":54},"5":{"loc":{"start":{"line":55,"column":29},"end":{"line":55,"column":50}},"type":"binary-expr","locations":[{"start":{"line":55,"column":29},"end":{"line":55,"column":35}},{"start":{"line":55,"column":39},"end":{"line":55,"column":50}}],"line":55},"6":{"loc":{"start":{"line":56,"column":35},"end":{"line":56,"column":70}},"type":"binary-expr","locations":[{"start":{"line":56,"column":36},"end":{"line":56,"column":44}},{"start":{"line":56,"column":48},"end":{"line":56,"column":64}},{"start":{"line":56,"column":69},"end":{"line":56,"column":70}}],"line":56},"7":{"loc":{"start":{"line":75,"column":6},"end":{"line":83,"column":7}},"type":"if","locations":[{"start":{"line":75,"column":6},"end":{"line":83,"column":7}},{"start":{"line":75,"column":6},"end":{"line":83,"column":7}}],"line":75},"8":{"loc":{"start":{"line":84,"column":6},"end":{"line":93,"column":7}},"type":"if","locations":[{"start":{"line":84,"column":6},"end":{"line":93,"column":7}},{"start":{"line":84,"column":6},"end":{"line":93,"column":7}}],"line":84},"9":{"loc":{"start":{"line":122,"column":6},"end":{"line":162,"column":7}},"type":"if","locations":[{"start":{"line":122,"column":6},"end":{"line":162,"column":7}},{"start":{"line":122,"column":6},"end":{"line":162,"column":7}}],"line":122},"10":{"loc":{"start":{"line":144,"column":8},"end":{"line":161,"column":9}},"type":"if","locations":[{"start":{"line":144,"column":8},"end":{"line":161,"column":9}},{"start":{"line":144,"column":8},"end":{"line":161,"column":9}}],"line":144},"11":{"loc":{"start":{"line":144,"column":12},"end":{"line":144,"column":45}},"type":"binary-expr","locations":[{"start":{"line":144,"column":12},"end":{"line":144,"column":20}},{"start":{"line":144,"column":24},"end":{"line":144,"column":45}}],"line":144},"12":{"loc":{"start":{"line":151,"column":10},"end":{"line":156,"column":11}},"type":"if","locations":[{"start":{"line":151,"column":10},"end":{"line":156,"column":11}},{"start":{"line":151,"column":10},"end":{"line":156,"column":11}}],"line":151},"13":{"loc":{"start":{"line":163,"column":6},"end":{"line":198,"column":7}},"type":"if","locations":[{"start":{"line":163,"column":6},"end":{"line":198,"column":7}},{"start":{"line":163,"column":6},"end":{"line":198,"column":7}}],"line":163},"14":{"loc":{"start":{"line":166,"column":8},"end":{"line":181,"column":9}},"type":"if","locations":[{"start":{"line":166,"column":8},"end":{"line":181,"column":9}},{"start":{"line":166,"column":8},"end":{"line":181,"column":9}}],"line":166},"15":{"loc":{"start":{"line":187,"column":8},"end":{"line":197,"column":9}},"type":"if","locations":[{"start":{"line":187,"column":8},"end":{"line":197,"column":9}},{"start":{"line":187,"column":8},"end":{"line":197,"column":9}}],"line":187},"16":{"loc":{"start":{"line":187,"column":12},"end":{"line":187,"column":49}},"type":"binary-expr","locations":[{"start":{"line":187,"column":12},"end":{"line":187,"column":18}},{"start":{"line":187,"column":22},"end":{"line":187,"column":33}},{"start":{"line":187,"column":37},"end":{"line":187,"column":49}}],"line":187},"17":{"loc":{"start":{"line":199,"column":6},"end":{"line":227,"column":7}},"type":"if","locations":[{"start":{"line":199,"column":6},"end":{"line":227,"column":7}},{"start":{"line":199,"column":6},"end":{"line":227,"column":7}}],"line":199},"18":{"loc":{"start":{"line":221,"column":8},"end":{"line":226,"column":9}},"type":"if","locations":[{"start":{"line":221,"column":8},"end":{"line":226,"column":9}},{"start":{"line":221,"column":8},"end":{"line":226,"column":9}}],"line":221},"19":{"loc":{"start":{"line":244,"column":6},"end":{"line":276,"column":7}},"type":"if","locations":[{"start":{"line":244,"column":6},"end":{"line":276,"column":7}},{"start":{"line":244,"column":6},"end":{"line":276,"column":7}}],"line":244},"20":{"loc":{"start":{"line":246,"column":8},"end":{"line":275,"column":9}},"type":"if","locations":[{"start":{"line":246,"column":8},"end":{"line":275,"column":9}},{"start":{"line":246,"column":8},"end":{"line":275,"column":9}}],"line":246},"21":{"loc":{"start":{"line":246,"column":12},"end":{"line":246,"column":56}},"type":"binary-expr","locations":[{"start":{"line":246,"column":12},"end":{"line":246,"column":18}},{"start":{"line":246,"column":22},"end":{"line":246,"column":41}},{"start":{"line":246,"column":45},"end":{"line":246,"column":56}}],"line":246},"22":{"loc":{"start":{"line":251,"column":28},"end":{"line":251,"column":92}},"type":"cond-expr","locations":[{"start":{"line":251,"column":50},"end":{"line":251,"column":87}},{"start":{"line":251,"column":90},"end":{"line":251,"column":92}}],"line":251},"23":{"loc":{"start":{"line":254,"column":10},"end":{"line":256,"column":11}},"type":"if","locations":[{"start":{"line":254,"column":10},"end":{"line":256,"column":11}},{"start":{"line":254,"column":10},"end":{"line":256,"column":11}}],"line":254},"24":{"loc":{"start":{"line":254,"column":14},"end":{"line":254,"column":62}},"type":"binary-expr","locations":[{"start":{"line":254,"column":14},"end":{"line":254,"column":34}},{"start":{"line":254,"column":38},"end":{"line":254,"column":62}}],"line":254},"25":{"loc":{"start":{"line":257,"column":10},"end":{"line":259,"column":11}},"type":"if","locations":[{"start":{"line":257,"column":10},"end":{"line":259,"column":11}},{"start":{"line":257,"column":10},"end":{"line":259,"column":11}}],"line":257},"26":{"loc":{"start":{"line":257,"column":14},"end":{"line":257,"column":62}},"type":"binary-expr","locations":[{"start":{"line":257,"column":14},"end":{"line":257,"column":34}},{"start":{"line":257,"column":38},"end":{"line":257,"column":62}}],"line":257},"27":{"loc":{"start":{"line":277,"column":6},"end":{"line":311,"column":7}},"type":"if","locations":[{"start":{"line":277,"column":6},"end":{"line":311,"column":7}},{"start":{"line":277,"column":6},"end":{"line":311,"column":7}}],"line":277},"28":{"loc":{"start":{"line":283,"column":8},"end":{"line":310,"column":9}},"type":"if","locations":[{"start":{"line":283,"column":8},"end":{"line":310,"column":9}},{"start":{"line":283,"column":8},"end":{"line":310,"column":9}}],"line":283},"29":{"loc":{"start":{"line":285,"column":10},"end":{"line":287,"column":11}},"type":"if","locations":[{"start":{"line":285,"column":10},"end":{"line":287,"column":11}},{"start":{"line":285,"column":10},"end":{"line":287,"column":11}}],"line":285},"30":{"loc":{"start":{"line":285,"column":14},"end":{"line":285,"column":43}},"type":"binary-expr","locations":[{"start":{"line":285,"column":14},"end":{"line":285,"column":20}},{"start":{"line":285,"column":24},"end":{"line":285,"column":43}}],"line":285},"31":{"loc":{"start":{"line":288,"column":10},"end":{"line":290,"column":11}},"type":"if","locations":[{"start":{"line":288,"column":10},"end":{"line":290,"column":11}},{"start":{"line":288,"column":10},"end":{"line":290,"column":11}}],"line":288},"32":{"loc":{"start":{"line":288,"column":14},"end":{"line":288,"column":43}},"type":"binary-expr","locations":[{"start":{"line":288,"column":14},"end":{"line":288,"column":20}},{"start":{"line":288,"column":24},"end":{"line":288,"column":43}}],"line":288},"33":{"loc":{"start":{"line":312,"column":6},"end":{"line":342,"column":7}},"type":"if","locations":[{"start":{"line":312,"column":6},"end":{"line":342,"column":7}},{"start":{"line":312,"column":6},"end":{"line":342,"column":7}}],"line":312},"34":{"loc":{"start":{"line":317,"column":8},"end":{"line":341,"column":9}},"type":"if","locations":[{"start":{"line":317,"column":8},"end":{"line":341,"column":9}},{"start":{"line":317,"column":8},"end":{"line":341,"column":9}}],"line":317},"35":{"loc":{"start":{"line":321,"column":10},"end":{"line":323,"column":11}},"type":"if","locations":[{"start":{"line":321,"column":10},"end":{"line":323,"column":11}},{"start":{"line":321,"column":10},"end":{"line":323,"column":11}}],"line":321},"36":{"loc":{"start":{"line":321,"column":14},"end":{"line":321,"column":49}},"type":"binary-expr","locations":[{"start":{"line":321,"column":14},"end":{"line":321,"column":22}},{"start":{"line":321,"column":26},"end":{"line":321,"column":49}}],"line":321},"37":{"loc":{"start":{"line":324,"column":10},"end":{"line":326,"column":11}},"type":"if","locations":[{"start":{"line":324,"column":10},"end":{"line":326,"column":11}},{"start":{"line":324,"column":10},"end":{"line":326,"column":11}}],"line":324},"38":{"loc":{"start":{"line":324,"column":14},"end":{"line":324,"column":70}},"type":"binary-expr","locations":[{"start":{"line":324,"column":14},"end":{"line":324,"column":22}},{"start":{"line":324,"column":26},"end":{"line":324,"column":43}},{"start":{"line":324,"column":47},"end":{"line":324,"column":70}}],"line":324},"39":{"loc":{"start":{"line":357,"column":6},"end":{"line":380,"column":7}},"type":"if","locations":[{"start":{"line":357,"column":6},"end":{"line":380,"column":7}},{"start":{"line":357,"column":6},"end":{"line":380,"column":7}}],"line":357},"40":{"loc":{"start":{"line":359,"column":8},"end":{"line":379,"column":9}},"type":"if","locations":[{"start":{"line":359,"column":8},"end":{"line":379,"column":9}},{"start":{"line":359,"column":8},"end":{"line":379,"column":9}}],"line":359},"41":{"loc":{"start":{"line":359,"column":12},"end":{"line":359,"column":41}},"type":"binary-expr","locations":[{"start":{"line":359,"column":12},"end":{"line":359,"column":18}},{"start":{"line":359,"column":22},"end":{"line":359,"column":41}}],"line":359},"42":{"loc":{"start":{"line":381,"column":6},"end":{"line":402,"column":7}},"type":"if","locations":[{"start":{"line":381,"column":6},"end":{"line":402,"column":7}},{"start":{"line":381,"column":6},"end":{"line":402,"column":7}}],"line":381},"43":{"loc":{"start":{"line":391,"column":8},"end":{"line":393,"column":9}},"type":"if","locations":[{"start":{"line":391,"column":8},"end":{"line":393,"column":9}},{"start":{"line":391,"column":8},"end":{"line":393,"column":9}}],"line":391},"44":{"loc":{"start":{"line":399,"column":32},"end":{"line":399,"column":76}},"type":"binary-expr","locations":[{"start":{"line":399,"column":33},"end":{"line":399,"column":39}},{"start":{"line":399,"column":43},"end":{"line":399,"column":70}},{"start":{"line":399,"column":75},"end":{"line":399,"column":76}}],"line":399},"45":{"loc":{"start":{"line":400,"column":24},"end":{"line":400,"column":60}},"type":"binary-expr","locations":[{"start":{"line":400,"column":25},"end":{"line":400,"column":31}},{"start":{"line":400,"column":35},"end":{"line":400,"column":54}},{"start":{"line":400,"column":59},"end":{"line":400,"column":60}}],"line":400},"46":{"loc":{"start":{"line":403,"column":6},"end":{"line":416,"column":7}},"type":"if","locations":[{"start":{"line":403,"column":6},"end":{"line":416,"column":7}},{"start":{"line":403,"column":6},"end":{"line":416,"column":7}}],"line":403},"47":{"loc":{"start":{"line":442,"column":4},"end":{"line":453,"column":5}},"type":"if","locations":[{"start":{"line":442,"column":4},"end":{"line":453,"column":5}},{"start":{"line":442,"column":4},"end":{"line":453,"column":5}}],"line":442},"48":{"loc":{"start":{"line":465,"column":6},"end":{"line":486,"column":7}},"type":"if","locations":[{"start":{"line":465,"column":6},"end":{"line":486,"column":7}},{"start":{"line":465,"column":6},"end":{"line":486,"column":7}}],"line":465},"49":{"loc":{"start":{"line":465,"column":10},"end":{"line":465,"column":33}},"type":"binary-expr","locations":[{"start":{"line":465,"column":10},"end":{"line":465,"column":13}},{"start":{"line":465,"column":17},"end":{"line":465,"column":33}}],"line":465},"50":{"loc":{"start":{"line":470,"column":10},"end":{"line":472,"column":11}},"type":"if","locations":[{"start":{"line":470,"column":10},"end":{"line":472,"column":11}},{"start":{"line":470,"column":10},"end":{"line":472,"column":11}}],"line":470},"51":{"loc":{"start":{"line":473,"column":10},"end":{"line":475,"column":11}},"type":"if","locations":[{"start":{"line":473,"column":10},"end":{"line":475,"column":11}},{"start":{"line":473,"column":10},"end":{"line":475,"column":11}}],"line":473},"52":{"loc":{"start":{"line":503,"column":6},"end":{"line":520,"column":7}},"type":"if","locations":[{"start":{"line":503,"column":6},"end":{"line":520,"column":7}},{"start":{"line":503,"column":6},"end":{"line":520,"column":7}}],"line":503},"53":{"loc":{"start":{"line":503,"column":10},"end":{"line":503,"column":27}},"type":"binary-expr","locations":[{"start":{"line":503,"column":10},"end":{"line":503,"column":13}},{"start":{"line":503,"column":17},"end":{"line":503,"column":27}}],"line":503},"54":{"loc":{"start":{"line":504,"column":8},"end":{"line":514,"column":9}},"type":"if","locations":[{"start":{"line":504,"column":8},"end":{"line":514,"column":9}},{"start":{"line":504,"column":8},"end":{"line":514,"column":9}}],"line":504},"55":{"loc":{"start":{"line":539,"column":6},"end":{"line":549,"column":7}},"type":"if","locations":[{"start":{"line":539,"column":6},"end":{"line":549,"column":7}},{"start":{"line":539,"column":6},"end":{"line":549,"column":7}}],"line":539}},"s":{"0":6,"1":6,"2":6,"3":6,"4":0,"5":0,"6":6,"7":6,"8":3,"9":3,"10":3,"11":0,"12":0,"13":0,"14":0,"15":0,"16":0,"17":0,"18":0,"19":0,"20":0,"21":0,"22":0,"23":0,"24":0,"25":0,"26":0,"27":0,"28":0,"29":0,"30":0,"31":0,"32":0,"33":0,"34":0,"35":0,"36":0,"37":0,"38":0,"39":0,"40":0,"41":0,"42":0,"43":0,"44":0,"45":0,"46":0,"47":0,"48":0,"49":0,"50":0,"51":0,"52":0,"53":0,"54":0,"55":0,"56":0,"57":0,"58":0,"59":0,"60":0,"61":0,"62":0,"63":0,"64":0,"65":0,"66":0,"67":0,"68":0,"69":0,"70":0,"71":0,"72":0,"73":0,"74":0,"75":0,"76":0,"77":0,"78":0,"79":0,"80":0,"81":0,"82":0,"83":0,"84":0,"85":0,"86":0,"87":0,"88":0,"89":0,"90":0,"91":0,"92":0,"93":0,"94":0,"95":0,"96":0,"97":0,"98":0,"99":0,"100":0,"101":0,"102":0,"103":0,"104":0,"105":0,"106":0,"107":0,"108":0,"109":0,"110":0,"111":0,"112":0,"113":0,"114":0,"115":0,"116":0,"117":0,"118":0,"119":0,"120":0,"121":0,"122":0,"123":0,"124":0,"125":0,"126":2,"127":2,"128":2,"129":0,"130":0,"131":0,"132":0,"133":0,"134":0,"135":0,"136":0,"137":0,"138":0,"139":0,"140":0,"141":0,"142":0,"143":0,"144":0,"145":0,"146":0,"147":0,"148":0,"149":0,"150":0,"151":0,"152":0,"153":0,"154":0,"155":0,"156":0,"157":0,"158":0,"159":0,"160":0,"161":0,"162":0,"163":0,"164":0,"165":0,"166":0,"167":0,"168":0,"169":0,"170":0,"171":0,"172":0,"173":0,"174":0,"175":0,"176":0,"177":0,"178":0,"179":0,"180":0,"181":0,"182":0,"183":0,"184":0,"185":0,"186":0,"187":0,"188":0,"189":0,"190":0,"191":0,"192":0,"193":0,"194":0,"195":0},"f":{"0":6,"1":0,"2":0,"3":6,"4":6,"5":3,"6":0,"7":0,"8":2,"9":0,"10":0,"11":0,"12":0,"13":0},"b":{"0":[3,0],"1":[0,0],"2":[0,0],"3":[0,0],"4":[0,0],"5":[0,0],"6":[0,0,0],"7":[0,0],"8":[0,0],"9":[0,0],"10":[0,0],"11":[0,0],"12":[0,0],"13":[0,0],"14":[0,0],"15":[0,0],"16":[0,0,0],"17":[0,0],"18":[0,0],"19":[0,0],"20":[0,0],"21":[0,0,0],"22":[0,0],"23":[0,0],"24":[0,0],"25":[0,0],"26":[0,0],"27":[0,0],"28":[0,0],"29":[0,0],"30":[0,0],"31":[0,0],"32":[0,0],"33":[0,0],"34":[0,0],"35":[0,0],"36":[0,0],"37":[0,0],"38":[0,0,0],"39":[2,0],"40":[0,0],"41":[0,0],"42":[0,0],"43":[0,0],"44":[0,0,0],"45":[0,0,0],"46":[0,0],"47":[0,0],"48":[0,0],"49":[0,0],"50":[0,0],"51":[0,0],"52":[0,0],"53":[0,0],"54":[0,0],"55":[0,0]},"_coverageSchema":"43e27e138ebf9cfc5966b082cf9a028302ed4184","hash":"511e46ee9383c28bbacca2adfa465971cbe63b34"}
,"/Users/zhupengcong/wallet/FiveToken-Wallet-Chrome-Extension/src/api/proxy.js": {"path":"/Users/zhupengcong/wallet/FiveToken-Wallet-Chrome-Extension/src/api/proxy.js","statementMap":{"0":{"start":{"line":3,"column":17},"end":{"line":3,"column":48}},"1":{"start":{"line":5,"column":12},"end":{"line":14,"column":1}},"2":{"start":{"line":23,"column":2},"end":{"line":30,"column":4}},"3":{"start":{"line":34,"column":2},"end":{"line":40,"column":4}},"4":{"start":{"line":50,"column":2},"end":{"line":56,"column":4}},"5":{"start":{"line":65,"column":15},"end":{"line":74,"column":3}},"6":{"start":{"line":75,"column":2},"end":{"line":79,"column":4}},"7":{"start":{"line":89,"column":2},"end":{"line":95,"column":4}},"8":{"start":{"line":105,"column":2},"end":{"line":109,"column":4}}},"fnMap":{"0":{"name":"BaseFeeAndGas","decl":{"start":{"line":22,"column":16},"end":{"line":22,"column":29}},"loc":{"start":{"line":22,"column":42},"end":{"line":31,"column":1}},"line":22},"1":{"name":"AddressCheck","decl":{"start":{"line":33,"column":16},"end":{"line":33,"column":28}},"loc":{"start":{"line":33,"column":41},"end":{"line":41,"column":1}},"line":33},"2":{"name":"BalanceNonceByAddress","decl":{"start":{"line":49,"column":16},"end":{"line":49,"column":37}},"loc":{"start":{"line":49,"column":50},"end":{"line":57,"column":1}},"line":49},"3":{"name":"getPricePoints","decl":{"start":{"line":64,"column":16},"end":{"line":64,"column":30}},"loc":{"start":{"line":64,"column":42},"end":{"line":80,"column":1}},"line":64},"4":{"name":"MessageDetails","decl":{"start":{"line":88,"column":16},"end":{"line":88,"column":30}},"loc":{"start":{"line":88,"column":43},"end":{"line":96,"column":1}},"line":88},"5":{"name":"MessagePush","decl":{"start":{"line":104,"column":16},"end":{"line":104,"column":27}},"loc":{"start":{"line":104,"column":40},"end":{"line":110,"column":1}},"line":104}},"branchMap":{},"s":{"0":27,"1":27,"2":2,"3":0,"4":3,"5":0,"6":0,"7":0,"8":0},"f":{"0":2,"1":0,"2":3,"3":0,"4":0,"5":0},"b":{},"_coverageSchema":"43e27e138ebf9cfc5966b082cf9a028302ed4184","hash":"6652c9e61e152dbffc53bb10f19b96acf248190d"}
,"/Users/zhupengcong/wallet/FiveToken-Wallet-Chrome-Extension/src/components/index.js": {"path":"/Users/zhupengcong/wallet/FiveToken-Wallet-Chrome-Extension/src/components/index.js","statementMap":{"0":{"start":{"line":16,"column":0},"end":{"line":16,"column":16}},"1":{"start":{"line":17,"column":19},"end":{"line":30,"column":1}},"2":{"start":{"line":32,"column":16},"end":{"line":36,"column":1}},"3":{"start":{"line":33,"column":2},"end":{"line":35,"column":4}},"4":{"start":{"line":34,"column":4},"end":{"line":34,"column":44}},"5":{"start":{"line":38,"column":0},"end":{"line":40,"column":1}},"6":{"start":{"line":39,"column":2},"end":{"line":39,"column":21}}},"fnMap":{"0":{"name":"(anonymous_0)","decl":{"start":{"line":32,"column":16},"end":{"line":32,"column":17}},"loc":{"start":{"line":32,"column":31},"end":{"line":36,"column":1}},"line":32},"1":{"name":"(anonymous_1)","decl":{"start":{"line":33,"column":21},"end":{"line":33,"column":22}},"loc":{"start":{"line":33,"column":34},"end":{"line":35,"column":3}},"line":33}},"branchMap":{"0":{"loc":{"start":{"line":38,"column":0},"end":{"line":40,"column":1}},"type":"if","locations":[{"start":{"line":38,"column":0},"end":{"line":40,"column":1}},{"start":{"line":38,"column":0},"end":{"line":40,"column":1}}],"line":38},"1":{"loc":{"start":{"line":38,"column":4},"end":{"line":38,"column":47}},"type":"binary-expr","locations":[{"start":{"line":38,"column":4},"end":{"line":38,"column":33}},{"start":{"line":38,"column":37},"end":{"line":38,"column":47}}],"line":38}},"s":{"0":1,"1":1,"2":1,"3":2,"4":24,"5":1,"6":1},"f":{"0":2,"1":24},"b":{"0":[1,0],"1":[1,1]},"_coverageSchema":"43e27e138ebf9cfc5966b082cf9a028302ed4184","hash":"df489aeb911b81db1ef5d03bdce345d00f4336c5"}
,"/Users/zhupengcong/wallet/FiveToken-Wallet-Chrome-Extension/src/components/index.td.js": {"path":"/Users/zhupengcong/wallet/FiveToken-Wallet-Chrome-Extension/src/components/index.td.js","statementMap":{},"fnMap":{},"branchMap":{},"s":{},"f":{},"b":{},"hash":"d08875d5607f299286645c75b3df5207d50c165a"}
,"/Users/zhupengcong/wallet/FiveToken-Wallet-Chrome-Extension/src/components/back/index.js": {"path":"/Users/zhupengcong/wallet/FiveToken-Wallet-Chrome-Extension/src/components/back/index.js","statementMap":{"0":{"start":{"line":3,"column":0},"end":{"line":5,"column":1}},"1":{"start":{"line":4,"column":2},"end":{"line":4,"column":36}}},"fnMap":{"0":{"name":"(anonymous_0)","decl":{"start":{"line":3,"column":17},"end":{"line":3,"column":18}},"loc":{"start":{"line":3,"column":32},"end":{"line":5,"column":1}},"line":3}},"branchMap":{},"s":{"0":29,"1":27},"f":{"0":27},"b":{},"_coverageSchema":"43e27e138ebf9cfc5966b082cf9a028302ed4184","hash":"440fec042dde71134b1deb9c0a5ba102ba8f947a"}
,"/Users/zhupengcong/wallet/FiveToken-Wallet-Chrome-Extension/src/components/back/src/index.vue": {"path":"/Users/zhupengcong/wallet/FiveToken-Wallet-Chrome-Extension/src/components/back/src/index.vue","statementMap":{"0":{"start":{"line":21,"column":0},"end":{"line":21,"column":null}},"1":{"start":{"line":25,"column":0},"end":{"line":25,"column":null}},"2":{"start":{"line":28,"column":0},"end":{"line":28,"column":null}}},"fnMap":{"0":{"name":"(anonymous_1)","decl":{"start":{"line":20,"column":0},"end":{"line":20,"column":null}},"loc":{"start":{"line":20,"column":0},"end":{"line":22,"column":null}}},"1":{"name":"(anonymous_2)","decl":{"start":{"line":24,"column":0},"end":{"line":24,"column":null}},"loc":{"start":{"line":24,"column":0},"end":{"line":26,"column":null}}},"2":{"name":"(anonymous_3)","decl":{"start":{"line":27,"column":0},"end":{"line":27,"column":null}},"loc":{"start":{"line":27,"column":0},"end":{"line":29,"column":null}}}},"branchMap":{},"s":{"0":1,"1":1,"2":1},"f":{"0":1,"1":1,"2":1},"b":{}}
,"/Users/zhupengcong/wallet/FiveToken-Wallet-Chrome-Extension/src/components/button/index.js": {"path":"/Users/zhupengcong/wallet/FiveToken-Wallet-Chrome-Extension/src/components/button/index.js","statementMap":{"0":{"start":{"line":3,"column":0},"end":{"line":5,"column":1}},"1":{"start":{"line":4,"column":2},"end":{"line":4,"column":40}}},"fnMap":{"0":{"name":"(anonymous_0)","decl":{"start":{"line":3,"column":19},"end":{"line":3,"column":20}},"loc":{"start":{"line":3,"column":34},"end":{"line":5,"column":1}},"line":3}},"branchMap":{},"s":{"0":28,"1":26},"f":{"0":26},"b":{},"_coverageSchema":"43e27e138ebf9cfc5966b082cf9a028302ed4184","hash":"abfd6f5d1bfacc5ed00cae4f2cae91635abac115"}
,"/Users/zhupengcong/wallet/FiveToken-Wallet-Chrome-Extension/src/components/button/src/index.vue": {"path":"/Users/zhupengcong/wallet/FiveToken-Wallet-Chrome-Extension/src/components/button/src/index.vue","statementMap":{"0":{"start":{"line":21,"column":0},"end":{"line":21,"column":null}},"1":{"start":{"line":25,"column":0},"end":{"line":25,"column":null}}},"fnMap":{"0":{"name":"(anonymous_1)","decl":{"start":{"line":20,"column":0},"end":{"line":20,"column":null}},"loc":{"start":{"line":20,"column":0},"end":{"line":22,"column":null}}},"1":{"name":"(anonymous_2)","decl":{"start":{"line":24,"column":0},"end":{"line":24,"column":null}},"loc":{"start":{"line":24,"column":0},"end":{"line":26,"column":null}}}},"branchMap":{},"s":{"0":1,"1":1},"f":{"0":1,"1":1},"b":{}}
,"/Users/zhupengcong/wallet/FiveToken-Wallet-Chrome-Extension/src/components/checkbox/index.js": {"path":"/Users/zhupengcong/wallet/FiveToken-Wallet-Chrome-Extension/src/components/checkbox/index.js","statementMap":{"0":{"start":{"line":3,"column":0},"end":{"line":5,"column":1}},"1":{"start":{"line":4,"column":2},"end":{"line":4,"column":44}}},"fnMap":{"0":{"name":"(anonymous_0)","decl":{"start":{"line":3,"column":21},"end":{"line":3,"column":22}},"loc":{"start":{"line":3,"column":36},"end":{"line":5,"column":1}},"line":3}},"branchMap":{},"s":{"0":1,"1":0},"f":{"0":0},"b":{},"_coverageSchema":"43e27e138ebf9cfc5966b082cf9a028302ed4184","hash":"41d84000d653664fe334d7e4cff96df9345e6d50"}
,"/Users/zhupengcong/wallet/FiveToken-Wallet-Chrome-Extension/src/components/checkbox-group/index.js": {"path":"/Users/zhupengcong/wallet/FiveToken-Wallet-Chrome-Extension/src/components/checkbox-group/index.js","statementMap":{"0":{"start":{"line":3,"column":0},"end":{"line":5,"column":1}},"1":{"start":{"line":4,"column":2},"end":{"line":4,"column":54}}},"fnMap":{"0":{"name":"(anonymous_0)","decl":{"start":{"line":3,"column":26},"end":{"line":3,"column":27}},"loc":{"start":{"line":3,"column":41},"end":{"line":5,"column":1}},"line":3}},"branchMap":{},"s":{"0":1,"1":0},"f":{"0":0},"b":{},"_coverageSchema":"43e27e138ebf9cfc5966b082cf9a028302ed4184","hash":"0df2145f0d99071cce0be854012440f5fda56d73"}
,"/Users/zhupengcong/wallet/FiveToken-Wallet-Chrome-Extension/src/components/checkbox-group/index.vue": {"path":"/Users/zhupengcong/wallet/FiveToken-Wallet-Chrome-Extension/src/components/checkbox-group/index.vue","statementMap":{"0":{"start":{"line":23,"column":0},"end":{"line":23,"column":null}},"1":{"start":{"line":30,"column":0},"end":{"line":30,"column":null}},"2":{"start":{"line":33,"column":0},"end":{"line":33,"column":null}}},"fnMap":{"0":{"name":"(anonymous_1)","decl":{"start":{"line":22,"column":0},"end":{"line":22,"column":null}},"loc":{"start":{"line":22,"column":0},"end":{"line":26,"column":null}}},"1":{"name":"(anonymous_2)","decl":{"start":{"line":29,"column":0},"end":{"line":29,"column":null}},"loc":{"start":{"line":29,"column":0},"end":{"line":31,"column":null}}},"2":{"name":"(anonymous_3)","decl":{"start":{"line":32,"column":0},"end":{"line":32,"column":null}},"loc":{"start":{"line":32,"column":0},"end":{"line":34,"column":null}}}},"branchMap":{},"s":{"0":0,"1":0,"2":0},"f":{"0":0,"1":0,"2":0},"b":{}}
,"/Users/zhupengcong/wallet/FiveToken-Wallet-Chrome-Extension/src/components/checkbox-group/src/index.vue": {"path":"/Users/zhupengcong/wallet/FiveToken-Wallet-Chrome-Extension/src/components/checkbox-group/src/index.vue","statementMap":{"0":{"start":{"line":23,"column":0},"end":{"line":23,"column":null}},"1":{"start":{"line":30,"column":0},"end":{"line":30,"column":null}},"2":{"start":{"line":33,"column":0},"end":{"line":33,"column":null}}},"fnMap":{"0":{"name":"(anonymous_1)","decl":{"start":{"line":22,"column":0},"end":{"line":22,"column":null}},"loc":{"start":{"line":22,"column":0},"end":{"line":26,"column":null}}},"1":{"name":"(anonymous_2)","decl":{"start":{"line":29,"column":0},"end":{"line":29,"column":null}},"loc":{"start":{"line":29,"column":0},"end":{"line":31,"column":null}}},"2":{"name":"(anonymous_3)","decl":{"start":{"line":32,"column":0},"end":{"line":32,"column":null}},"loc":{"start":{"line":32,"column":0},"end":{"line":34,"column":null}}}},"branchMap":{},"s":{"0":0,"1":0,"2":0},"f":{"0":0,"1":0,"2":0},"b":{}}
,"/Users/zhupengcong/wallet/FiveToken-Wallet-Chrome-Extension/src/components/checkbox/src/index.vue": {"path":"/Users/zhupengcong/wallet/FiveToken-Wallet-Chrome-Extension/src/components/checkbox/src/index.vue","statementMap":{"0":{"start":{"line":16,"column":0},"end":{"line":16,"column":null}},"1":{"start":{"line":23,"column":0},"end":{"line":23,"column":null}},"2":{"start":{"line":26,"column":0},"end":{"line":26,"column":null}}},"fnMap":{"0":{"name":"(anonymous_1)","decl":{"start":{"line":15,"column":0},"end":{"line":15,"column":null}},"loc":{"start":{"line":15,"column":0},"end":{"line":19,"column":null}}},"1":{"name":"(anonymous_2)","decl":{"start":{"line":22,"column":0},"end":{"line":22,"column":null}},"loc":{"start":{"line":22,"column":0},"end":{"line":24,"column":null}}},"2":{"name":"(anonymous_3)","decl":{"start":{"line":25,"column":0},"end":{"line":25,"column":null}},"loc":{"start":{"line":25,"column":0},"end":{"line":27,"column":null}}}},"branchMap":{},"s":{"0":0,"1":0,"2":0},"f":{"0":0,"1":0,"2":0},"b":{}}
,"/Users/zhupengcong/wallet/FiveToken-Wallet-Chrome-Extension/src/components/header/index.js": {"path":"/Users/zhupengcong/wallet/FiveToken-Wallet-Chrome-Extension/src/components/header/index.js","statementMap":{"0":{"start":{"line":3,"column":0},"end":{"line":5,"column":1}},"1":{"start":{"line":4,"column":2},"end":{"line":4,"column":40}}},"fnMap":{"0":{"name":"(anonymous_0)","decl":{"start":{"line":3,"column":19},"end":{"line":3,"column":20}},"loc":{"start":{"line":3,"column":34},"end":{"line":5,"column":1}},"line":3}},"branchMap":{},"s":{"0":2,"1":1},"f":{"0":1},"b":{},"_coverageSchema":"43e27e138ebf9cfc5966b082cf9a028302ed4184","hash":"410b93ed9e16ae178c03231b4ae30c73962cbb30"}
,"/Users/zhupengcong/wallet/FiveToken-Wallet-Chrome-Extension/src/components/header/src/index.vue": {"path":"/Users/zhupengcong/wallet/FiveToken-Wallet-Chrome-Extension/src/components/header/src/index.vue","statementMap":{"0":{"start":{"line":27,"column":0},"end":{"line":27,"column":null}},"1":{"start":{"line":31,"column":0},"end":{"line":31,"column":null}},"2":{"start":{"line":44,"column":0},"end":{"line":44,"column":null}},"3":{"start":{"line":47,"column":0},"end":{"line":47,"column":null}},"4":{"start":{"line":50,"column":0},"end":{"line":50,"column":null}}},"fnMap":{"0":{"name":"(anonymous_1)","decl":{"start":{"line":30,"column":0},"end":{"line":30,"column":null}},"loc":{"start":{"line":30,"column":0},"end":{"line":36,"column":null}}},"1":{"name":"(anonymous_2)","decl":{"start":{"line":43,"column":0},"end":{"line":43,"column":null}},"loc":{"start":{"line":43,"column":0},"end":{"line":45,"column":null}}},"2":{"name":"(anonymous_3)","decl":{"start":{"line":46,"column":0},"end":{"line":46,"column":null}},"loc":{"start":{"line":46,"column":0},"end":{"line":48,"column":null}}},"3":{"name":"(anonymous_4)","decl":{"start":{"line":49,"column":0},"end":{"line":49,"column":null}},"loc":{"start":{"line":49,"column":0},"end":{"line":51,"column":null}}}},"branchMap":{},"s":{"0":3,"1":1,"2":1,"3":1,"4":1},"f":{"0":1,"1":1,"2":1,"3":1},"b":{}}
,"/Users/zhupengcong/wallet/FiveToken-Wallet-Chrome-Extension/src/components/input/index.js": {"path":"/Users/zhupengcong/wallet/FiveToken-Wallet-Chrome-Extension/src/components/input/index.js","statementMap":{"0":{"start":{"line":3,"column":0},"end":{"line":5,"column":1}},"1":{"start":{"line":4,"column":2},"end":{"line":4,"column":38}}},"fnMap":{"0":{"name":"(anonymous_0)","decl":{"start":{"line":3,"column":18},"end":{"line":3,"column":19}},"loc":{"start":{"line":3,"column":33},"end":{"line":5,"column":1}},"line":3}},"branchMap":{},"s":{"0":23,"1":21},"f":{"0":21},"b":{},"_coverageSchema":"43e27e138ebf9cfc5966b082cf9a028302ed4184","hash":"a6538aad90765e51a71fe9a29cffc99361c0310b"}
,"/Users/zhupengcong/wallet/FiveToken-Wallet-Chrome-Extension/src/components/input/src/index.vue": {"path":"/Users/zhupengcong/wallet/FiveToken-Wallet-Chrome-Extension/src/components/input/src/index.vue","statementMap":{"0":{"start":{"line":32,"column":0},"end":{"line":32,"column":null}},"1":{"start":{"line":39,"column":0},"end":{"line":39,"column":null}},"2":{"start":{"line":42,"column":0},"end":{"line":42,"column":null}},"3":{"start":{"line":49,"column":0},"end":{"line":49,"column":null}},"4":{"start":{"line":50,"column":0},"end":{"line":50,"column":null}}},"fnMap":{"0":{"name":"(anonymous_1)","decl":{"start":{"line":31,"column":0},"end":{"line":31,"column":null}},"loc":{"start":{"line":31,"column":0},"end":{"line":35,"column":null}}},"1":{"name":"(anonymous_2)","decl":{"start":{"line":38,"column":0},"end":{"line":38,"column":null}},"loc":{"start":{"line":38,"column":0},"end":{"line":40,"column":null}}},"2":{"name":"(anonymous_3)","decl":{"start":{"line":41,"column":0},"end":{"line":41,"column":null}},"loc":{"start":{"line":41,"column":0},"end":{"line":43,"column":null}}},"3":{"name":"(anonymous_4)","decl":{"start":{"line":48,"column":0},"end":{"line":48,"column":null}},"loc":{"start":{"line":48,"column":0},"end":{"line":51,"column":null}}}},"branchMap":{},"s":{"0":1,"1":1,"2":1,"3":1,"4":1},"f":{"0":1,"1":1,"2":1,"3":1},"b":{}}
,"/Users/zhupengcong/wallet/FiveToken-Wallet-Chrome-Extension/src/components/layout/index.js": {"path":"/Users/zhupengcong/wallet/FiveToken-Wallet-Chrome-Extension/src/components/layout/index.js","statementMap":{"0":{"start":{"line":3,"column":0},"end":{"line":5,"column":1}},"1":{"start":{"line":4,"column":2},"end":{"line":4,"column":40}}},"fnMap":{"0":{"name":"(anonymous_0)","decl":{"start":{"line":3,"column":19},"end":{"line":3,"column":20}},"loc":{"start":{"line":3,"column":34},"end":{"line":5,"column":1}},"line":3}},"branchMap":{},"s":{"0":29,"1":28},"f":{"0":28},"b":{},"_coverageSchema":"43e27e138ebf9cfc5966b082cf9a028302ed4184","hash":"7b877a8da288a96a9bda0e74762539923c7ea1a1"}
,"/Users/zhupengcong/wallet/FiveToken-Wallet-Chrome-Extension/src/components/layout/src/index.vue": {"path":"/Users/zhupengcong/wallet/FiveToken-Wallet-Chrome-Extension/src/components/layout/src/index.vue","statementMap":{"0":{"start":{"line":9,"column":0},"end":{"line":9,"column":null}},"1":{"start":{"line":10,"column":0},"end":{"line":10,"column":null}},"2":{"start":{"line":11,"column":0},"end":{"line":11,"column":null}},"3":{"start":{"line":18,"column":0},"end":{"line":18,"column":null}},"4":{"start":{"line":24,"column":0},"end":{"line":24,"column":null}},"5":{"start":{"line":25,"column":0},"end":{"line":25,"column":null}},"6":{"start":{"line":26,"column":0},"end":{"line":26,"column":null}},"7":{"start":{"line":27,"column":0},"end":{"line":27,"column":null}},"8":{"start":{"line":29,"column":0},"end":{"line":29,"column":null}},"9":{"start":{"line":30,"column":0},"end":{"line":30,"column":null}},"10":{"start":{"line":31,"column":0},"end":{"line":31,"column":null}},"11":{"start":{"line":32,"column":0},"end":{"line":32,"column":null}},"12":{"start":{"line":33,"column":0},"end":{"line":35,"column":null}},"13":{"start":{"line":34,"column":0},"end":{"line":34,"column":null}},"14":{"start":{"line":36,"column":0},"end":{"line":58,"column":null}},"15":{"start":{"line":37,"column":0},"end":{"line":37,"column":null}},"16":{"start":{"line":38,"column":0},"end":{"line":38,"column":null}},"17":{"start":{"line":39,"column":0},"end":{"line":39,"column":null}},"18":{"start":{"line":40,"column":0},"end":{"line":40,"column":null}},"19":{"start":{"line":41,"column":0},"end":{"line":41,"column":null}},"20":{"start":{"line":42,"column":0},"end":{"line":45,"column":null}},"21":{"start":{"line":43,"column":0},"end":{"line":43,"column":null}},"22":{"start":{"line":44,"column":0},"end":{"line":44,"column":null}},"23":{"start":{"line":46,"column":0},"end":{"line":46,"column":null}},"24":{"start":{"line":47,"column":0},"end":{"line":47,"column":null}},"25":{"start":{"line":48,"column":0},"end":{"line":48,"column":null}},"26":{"start":{"line":49,"column":0},"end":{"line":49,"column":null}},"27":{"start":{"line":50,"column":0},"end":{"line":50,"column":null}},"28":{"start":{"line":51,"column":0},"end":{"line":51,"column":null}},"29":{"start":{"line":52,"column":0},"end":{"line":52,"column":null}},"30":{"start":{"line":53,"column":0},"end":{"line":53,"column":null}},"31":{"start":{"line":54,"column":0},"end":{"line":54,"column":null}},"32":{"start":{"line":56,"column":0},"end":{"line":56,"column":null}},"33":{"start":{"line":57,"column":0},"end":{"line":57,"column":null}},"34":{"start":{"line":60,"column":0},"end":{"line":60,"column":null}},"35":{"start":{"line":61,"column":0},"end":{"line":66,"column":null}},"36":{"start":{"line":62,"column":0},"end":{"line":62,"column":null}},"37":{"start":{"line":63,"column":0},"end":{"line":63,"column":null}},"38":{"start":{"line":64,"column":0},"end":{"line":64,"column":null}},"39":{"start":{"line":65,"column":0},"end":{"line":65,"column":null}},"40":{"start":{"line":67,"column":0},"end":{"line":67,"column":null}},"41":{"start":{"line":70,"column":0},"end":{"line":70,"column":null}},"42":{"start":{"line":71,"column":0},"end":{"line":71,"column":null}},"43":{"start":{"line":72,"column":0},"end":{"line":74,"column":null}},"44":{"start":{"line":73,"column":0},"end":{"line":73,"column":null}},"45":{"start":{"line":75,"column":0},"end":{"line":77,"column":null}},"46":{"start":{"line":76,"column":0},"end":{"line":76,"column":null}}},"fnMap":{"0":{"name":"(anonymous_1)","decl":{"start":{"line":17,"column":0},"end":{"line":17,"column":null}},"loc":{"start":{"line":17,"column":0},"end":{"line":19,"column":null}}},"1":{"name":"(anonymous_2)","decl":{"start":{"line":23,"column":0},"end":{"line":23,"column":null}},"loc":{"start":{"line":23,"column":0},"end":{"line":68,"column":null}}},"2":{"name":"(anonymous_3)","decl":{"start":{"line":43,"column":0},"end":{"line":43,"column":null}},"loc"
[...]
rt":{"line":116,"column":8},"end":{"line":120,"column":9}},"33":{"start":{"line":117,"column":10},"end":{"line":117,"column":21}},"34":{"start":{"line":119,"column":10},"end":{"line":119,"column":19}},"35":{"start":{"line":131,"column":22},"end":{"line":131,"column":39}},"36":{"start":{"line":132,"column":4},"end":{"line":132,"column":17}},"37":{"start":{"line":142,"column":2},"end":{"line":142,"column":38}},"38":{"start":{"line":151,"column":24},"end":{"line":151,"column":41}},"39":{"start":{"line":152,"column":2},"end":{"line":154,"column":3}},"40":{"start":{"line":153,"column":4},"end":{"line":153,"column":20}},"41":{"start":{"line":156,"column":2},"end":{"line":158,"column":3}},"42":{"start":{"line":157,"column":4},"end":{"line":157,"column":20}},"43":{"start":{"line":160,"column":2},"end":{"line":160,"column":37}}},"fnMap":{"0":{"name":"(anonymous_0)","decl":{"start":{"line":11,"column":2},"end":{"line":11,"column":3}},"loc":{"start":{"line":11,"column":17},"end":{"line":16,"column":3}},"line":11},"1":{"name":"(anonymous_1)","decl":{"start":{"line":22,"column":2},"end":{"line":22,"column":3}},"loc":{"start":{"line":22,"column":18},"end":{"line":38,"column":3}},"line":22},"2":{"name":"(anonymous_2)","decl":{"start":{"line":45,"column":2},"end":{"line":45,"column":3}},"loc":{"start":{"line":45,"column":20},"end":{"line":47,"column":3}},"line":45},"3":{"name":"(anonymous_3)","decl":{"start":{"line":54,"column":2},"end":{"line":54,"column":3}},"loc":{"start":{"line":54,"column":23},"end":{"line":56,"column":3}},"line":54},"4":{"name":"(anonymous_4)","decl":{"start":{"line":62,"column":2},"end":{"line":62,"column":3}},"loc":{"start":{"line":62,"column":17},"end":{"line":64,"column":3}},"line":62},"5":{"name":"(anonymous_5)","decl":{"start":{"line":71,"column":2},"end":{"line":71,"column":3}},"loc":{"start":{"line":71,"column":13},"end":{"line":83,"column":3}},"line":71},"6":{"name":"(anonymous_6)","decl":{"start":{"line":73,"column":23},"end":{"line":73,"column":24}},"loc":{"start":{"line":73,"column":44},"end":{"line":82,"column":5}},"line":73},"7":{"name":"(anonymous_7)","decl":{"start":{"line":74,"column":21},"end":{"line":74,"column":22}},"loc":{"start":{"line":74,"column":52},"end":{"line":81,"column":7}},"line":74},"8":{"name":"(anonymous_8)","decl":{"start":{"line":91,"column":2},"end":{"line":91,"column":3}},"loc":{"start":{"line":91,"column":13},"end":{"line":103,"column":3}},"line":91},"9":{"name":"(anonymous_9)","decl":{"start":{"line":93,"column":23},"end":{"line":93,"column":24}},"loc":{"start":{"line":93,"column":44},"end":{"line":102,"column":5}},"line":93},"10":{"name":"(anonymous_10)","decl":{"start":{"line":94,"column":21},"end":{"line":94,"column":22}},"loc":{"start":{"line":94,"column":27},"end":{"line":101,"column":7}},"line":94},"11":{"name":"(anonymous_11)","decl":{"start":{"line":111,"column":2},"end":{"line":111,"column":3}},"loc":{"start":{"line":111,"column":16},"end":{"line":123,"column":3}},"line":111},"12":{"name":"(anonymous_12)","decl":{"start":{"line":113,"column":23},"end":{"line":113,"column":24}},"loc":{"start":{"line":113,"column":44},"end":{"line":122,"column":5}},"line":113},"13":{"name":"(anonymous_13)","decl":{"start":{"line":114,"column":24},"end":{"line":114,"column":25}},"loc":{"start":{"line":114,"column":30},"end":{"line":121,"column":7}},"line":114},"14":{"name":"(anonymous_14)","decl":{"start":{"line":130,"column":2},"end":{"line":130,"column":3}},"loc":{"start":{"line":130,"column":12},"end":{"line":133,"column":3}},"line":130},"15":{"name":"isEmpty","decl":{"start":{"line":141,"column":9},"end":{"line":141,"column":16}},"loc":{"start":{"line":141,"column":23},"end":{"line":143,"column":1}},"line":141},"16":{"name":"checkForError","decl":{"start":{"line":150,"column":9},"end":{"line":150,"column":22}},"loc":{"start":{"line":150,"column":26},"end":{"line":161,"column":1}},"line":150}},"branchMap":{"0":{"loc":{"start":{"line":12,"column":23},"end":{"line":12,"column":92}},"type":"cond-expr","locations":[{"start":{"line":12,"column":52},"end":{"line":12,"column":84}},{"start":{"line":12,"column":87},"end":{"line":12,"column":92}}],"line":12},"1":{"loc":{"start":{"line":13,"column":4},"end":{"line":15,"column":5}},"type":"if","locations":[{"start":{"line":13,"column":4},"end":{"line":15,"column":5}},{"start":{"line":13,"column":4},"end":{"line":15,"column":5}}],"line":13},"2":{"loc":{"start":{"line":23,"column":4},"end":{"line":25,"column":5}},"type":"if","locations":[{"start":{"line":23,"column":4},"end":{"line":25,"column":5}},{"start":{"line":23,"column":4},"end":{"line":25,"column":5}}],"line":23},"3":{"loc":{"start":{"line":29,"column":4},"end":{"line":37,"column":5}},"type":"if","locations":[{"start":{"line":29,"column":4},"end":{"line":37,"column":5}},{"start":{"line":29,"column":4},"end":{"line":37,"column":5}}],"line":29},"4":{"loc":{"start":{"line":32,"column":6},"end":{"line":36,"column":7}},"type":"if","locations":[{"start":{"line":32,"column":6},"end":{"line":36,"column":7}},{"start":{"line":32,"column":6},"end":{"line":36,"column":7}}],"line":32},"5":{"loc":{"start":{"line":76,"column":8},"end":{"line":80,"column":9}},"type":"if","locations":[{"start":{"line":76,"column":8},"end":{"line":80,"column":9}},{"start":{"line":76,"column":8},"end":{"line":80,"column":9}}],"line":76},"6":{"loc":{"start":{"line":96,"column":8},"end":{"line":100,"column":9}},"type":"if","locations":[{"start":{"line":96,"column":8},"end":{"line":100,"column":9}},{"start":{"line":96,"column":8},"end":{"line":100,"column":9}}],"line":96},"7":{"loc":{"start":{"line":116,"column":8},"end":{"line":120,"column":9}},"type":"if","locations":[{"start":{"line":116,"column":8},"end":{"line":120,"column":9}},{"start":{"line":116,"column":8},"end":{"line":120,"column":9}}],"line":116},"8":{"loc":{"start":{"line":152,"column":2},"end":{"line":154,"column":3}},"type":"if","locations":[{"start":{"line":152,"column":2},"end":{"line":154,"column":3}},{"start":{"line":152,"column":2},"end":{"line":154,"column":3}}],"line":152},"9":{"loc":{"start":{"line":156,"column":2},"end":{"line":158,"column":3}},"type":"if","locations":[{"start":{"line":156,"column":2},"end":{"line":158,"column":3}},{"start":{"line":156,"column":2},"end":{"line":158,"column":3}}],"line":156},"10":{"loc":{"start":{"line":156,"column":6},"end":{"line":156,"column":42}},"type":"binary-expr","locations":[{"start":{"line":156,"column":6},"end":{"line":156,"column":21}},{"start":{"line":156,"column":25},"end":{"line":156,"column":42}}],"line":156}},"s":{"0":1,"1":1,"2":0,"3":0,"4":0,"5":0,"6":0,"7":0,"8":0,"9":0,"10":0,"11":1,"12":0,"13":0,"14":0,"15":0,"16":0,"17":0,"18":0,"19":0,"20":0,"21":1,"22":1,"23":1,"24":0,"25":0,"26":0,"27":0,"28":0,"29":0,"30":0,"31":0,"32":0,"33":0,"34":0,"35":0,"36":0,"37":0,"38":0,"39":0,"40":0,"41":0,"42":0,"43":0},"f":{"0":1,"1":0,"2":1,"3":0,"4":0,"5":0,"6":0,"7":0,"8":1,"9":1,"10":0,"11":0,"12":0,"13":0,"14":0,"15":0,"16":0},"b":{"0":[1,0],"1":[0,1],"2":[0,0],"3":[0,0],"4":[0,0],"5":[0,0],"6":[0,0],"7":[0,0],"8":[0,0],"9":[0,0],"10":[0,0]},"_coverageSchema":"43e27e138ebf9cfc5966b082cf9a028302ed4184","hash":"a12f1b4f8c2e7a452f17acee27af623985c96512"}
,"/Users/zhupengcong/wallet/FiveToken-Wallet-Chrome-Extension/src/utils/message.js": {"path":"/Users/zhupengcong/wallet/FiveToken-Wallet-Chrome-Extension/src/utils/message.js","statementMap":{"0":{"start":{"line":19,"column":14},"end":{"line":19,"column":37}},"1":{"start":{"line":20,"column":2},"end":{"line":26,"column":3}},"2":{"start":{"line":36,"column":13},"end":{"line":36,"column":30}},"3":{"start":{"line":37,"column":2},"end":{"line":39,"column":3}},"4":{"start":{"line":38,"column":4},"end":{"line":38,"column":34}},"5":{"start":{"line":40,"column":2},"end":{"line":42,"column":3}},"6":{"start":{"line":41,"column":4},"end":{"line":41,"column":38}},"7":{"start":{"line":43,"column":14},"end":{"line":43,"column":30}},"8":{"start":{"line":44,"column":2},"end":{"line":44,"column":12}},"9":{"start":{"line":53,"column":10},"end":{"line":53,"column":27}},"10":{"start":{"line":54,"column":2},"end":{"line":54,"column":30}},"11":{"start":{"line":55,"column":15},"end":{"line":55,"column":47}},"12":{"start":{"line":56,"column":14},"end":{"line":56,"column":42}},"13":{"start":{"line":57,"column":2},"end":{"line":57,"column":38}},"14":{"start":{"line":61,"column":18},"end":{"line":61,"column":38}},"15":{"start":{"line":62,"column":14},"end":{"line":62,"column":71}},"16":{"start":{"line":63,"column":15},"end":{"line":63,"column":49}},"17":{"start":{"line":64,"column":15},"end":{"line":64,"column":67}},"18":{"start":{"line":65,"column":2},"end":{"line":65,"column":52}},"19":{"start":{"line":69,"column":21},"end":{"line":69,"column":45}},"20":{"start":{"line":70,"column":16},"end":{"line":70,"column":35}},"21":{"start":{"line":71,"column":18},"end":{"line":71,"column":39}},"22":{"start":{"line":72,"column":19},"end":{"line":72,"column":41}},"23":{"start":{"line":73,"column":19},"end":{"line":73,"column":58}},"24":{"start":{"line":74,"column":24},"end":{"line":74,"column":68}},"25":{"start":{"line":75,"column":23},"end":{"line":75,"column":66}},"26":{"start":{"line":76,"column":22},"end":{"line":76,"column":47}},"27":{"start":{"line":77,"column":20},"end":{"line":77,"column":43}},"28":{"start":{"line":78,"column":20},"end":{"line":78,"column":66}},"29":{"start":{"line":79,"column":2},"end":{"line":79,"column":188}},"30":{"start":{"line":89,"column":2},"end":{"line":89,"column":38}},"31":{"start":{"line":93,"column":15},"end":{"line":93,"column":28}},"32":{"start":{"line":94,"column":2},"end":{"line":101,"column":3}},"33":{"start":{"line":95,"column":18},"end":{"line":95,"column":38}},"34":{"start":{"line":96,"column":21},"end":{"line":96,"column":58}},"35":{"start":{"line":97,"column":4},"end":{"line":97,"column":39}},"36":{"start":{"line":98,"column":4},"end":{"line":98,"column":44}},"37":{"start":{"line":100,"column":4},"end":{"line":100,"column":44}},"38":{"start":{"line":104,"column":19},"end":{"line":104,"column":37}},"39":{"start":{"line":105,"column":2},"end":{"line":105,"column":62}},"40":{"start":{"line":106,"column":22},"end":{"line":106,"column":70}},"41":{"start":{"line":107,"column":11},"end":{"line":107,"column":34}},"42":{"start":{"line":108,"column":2},"end":{"line":108,"column":33}},"43":{"start":{"line":109,"column":2},"end":{"line":109,"column":22}},"44":{"start":{"line":110,"column":2},"end":{"line":110,"column":28}},"45":{"start":{"line":114,"column":2},"end":{"line":116,"column":3}},"46":{"start":{"line":115,"column":4},"end":{"line":115,"column":26}},"47":{"start":{"line":117,"column":25},"end":{"line":117,"column":45}},"48":{"start":{"line":118,"column":25},"end":{"line":122,"column":3}},"49":{"start":{"line":123,"column":2},"end":{"line":123,"column":66}}},"fnMap":{"0":{"name":"getT1SignedMsg","decl":{"start":{"line":18,"column":22},"end":{"line":18,"column":36}},"loc":{"start":{"line":18,"column":47},"end":{"line":27,"column":1}},"line":18},"1":{"name":"getT1Sig","decl":{"start":{"line":35,"column":22},"end":{"line":35,"column":30}},"loc":{"start":{"line":35,"column":41},"end":{"line":45,"column":1}},"line":35},"2":{"name":"getCid","decl":{"start":{"line":52,"column":22},"end":{"line":52,"column":28}},"loc":{"start":{"line":52,"column":35},"end":{"line":58,"column":1}},"line":52},"3":{"name":"t1Sign","decl":{"start":{"line":60,"column":16},"end":{"line":60,"column":22}},"loc":{"start":{"line":60,"column":41},"end":{"line":66,"column":1}},"line":60},"4":{"name":"serializeMsg","decl":{"start":{"line":68,"column":16},"end":{"line":68,"column":28}},"loc":{"start":{"line":68,"column":35},"end":{"line":80,"column":1}},"line":68},"5":{"name":"blake2b","decl":{"start":{"line":88,"column":16},"end":{"line":88,"column":23}},"loc":{"start":{"line":88,"column":35},"end":{"line":90,"column":1}},"line":88},"6":{"name":"cborAddress","decl":{"start":{"line":92,"column":9},"end":{"line":92,"column":20}},"loc":{"start":{"line":92,"column":31},"end":{"line":102,"column":1}},"line":92},"7":{"name":"getAddressBuff","decl":{"start":{"line":103,"column":16},"end":{"line":103,"column":30}},"loc":{"start":{"line":103,"column":41},"end":{"line":111,"column":1}},"line":103},"8":{"name":"getBigIntBuffer","decl":{"start":{"line":113,"column":16},"end":{"line":113,"column":31}},"loc":{"start":{"line":113,"column":43},"end":{"line":124,"column":1}},"line":113}},"branchMap":{"0":{"loc":{"start":{"line":37,"column":2},"end":{"line":39,"column":3}},"type":"if","locations":[{"start":{"line":37,"column":2},"end":{"line":39,"column":3}},{"start":{"line":37,"column":2},"end":{"line":39,"column":3}}],"line":37},"1":{"loc":{"start":{"line":40,"column":2},"end":{"line":42,"column":3}},"type":"if","locations":[{"start":{"line":40,"column":2},"end":{"line":42,"column":3}},{"start":{"line":40,"column":2},"end":{"line":42,"column":3}}],"line":40},"2":{"loc":{"start":{"line":63,"column":15},"end":{"line":63,"column":49}},"type":"cond-expr","locations":[{"start":{"line":63,"column":38},"end":{"line":63,"column":42}},{"start":{"line":63,"column":45},"end":{"line":63,"column":49}}],"line":63},"3":{"loc":{"start":{"line":94,"column":2},"end":{"line":101,"column":3}},"type":"if","locations":[{"start":{"line":94,"column":2},"end":{"line":101,"column":3}},{"start":{"line":94,"column":2},"end":{"line":101,"column":3}}],"line":94},"4":{"loc":{"start":{"line":114,"column":2},"end":{"line":116,"column":3}},"type":"if","locations":[{"start":{"line":114,"column":2},"end":{"line":116,"column":3}},{"start":{"line":114,"column":2},"end":{"line":116,"column":3}}],"line":114}},"s":{"0":1,"1":1,"2":1,"3":1,"4":1,"5":1,"6":1,"7":1,"8":1,"9":1,"10":1,"11":1,"12":1,"13":1,"14":1,"15":1,"16":1,"17":1,"18":1,"19":1,"20":1,"21":1,"22":1,"23":1,"24":1,"25":1,"26":1,"27":1,"28":1,"29":1,"30":1,"31":2,"32":2,"33":0,"34":0,"35":0,"36":0,"37":2,"38":2,"39":2,"40":2,"41":2,"42":2,"43":2,"44":2,"45":3,"46":0,"47":3,"48":3,"49":3},"f":{"0":1,"1":1,"2":1,"3":1,"4":1,"5":1,"6":2,"7":2,"8":3},"b":{"0":[1,0],"1":[1,0],"2":[0,1],"3":[0,2],"4":[0,3]},"_coverageSchema":"43e27e138ebf9cfc5966b082cf9a028302ed4184","hash":"5d54c2d6c308c45058458b2c1f7ae598e2dbf51b"}
,"/Users/zhupengcong/wallet/FiveToken-Wallet-Chrome-Extension/src/utils/request.js": {"path":"/Users/zhupengcong/wallet/FiveToken-Wallet-Chrome-Extension/src/utils/request.js","statementMap":{"0":{"start":{"line":2,"column":16},"end":{"line":4,"column":1}},"1":{"start":{"line":5,"column":16},"end":{"line":9,"column":2}},"2":{"start":{"line":10,"column":0},"end":{"line":22,"column":1}},"3":{"start":{"line":12,"column":4},"end":{"line":12,"column":28}},"4":{"start":{"line":13,"column":21},"end":{"line":13,"column":27}},"5":{"start":{"line":14,"column":4},"end":{"line":16,"column":5}},"6":{"start":{"line":15,"column":6},"end":{"line":15,"column":22}},"7":{"start":{"line":17,"column":4},"end":{"line":17,"column":17}},"8":{"start":{"line":20,"column":4},"end":{"line":20,"column":32}},"9":{"start":{"line":24,"column":0},"end":{"line":36,"column":1}},"10":{"start":{"line":26,"column":16},"end":{"line":26,"column":29}},"11":{"start":{"line":27,"column":4},"end":{"line":31,"column":5}},"12":{"start":{"line":28,"column":6},"end":{"line":28,"column":48}},"13":{"start":{"line":30,"column":6},"end":{"line":30,"column":33}},"14":{"start":{"line":34,"column":4},"end":{"line":34,"column":32}}},"fnMap":{"0":{"name":"(anonymous_0)","decl":{"start":{"line":11,"column":2},"end":{"line":11,"column":3}},"loc":{"start":{"line":11,"column":12},"end":{"line":18,"column":3}},"line":11},"1":{"name":"(anonymous_1)","decl":{"start":{"line":19,"column":2},"end":{"line":19,"column":3}},"loc":{"start":{"line":19,"column":11},"end":{"line":21,"column":3}},"line":19},"2":{"name":"(anonymous_2)","decl":{"start":{"line":25,"column":2},"end":{"line":25,"column":3}},"loc":{"start":{"line":25,"column":14},"end":{"line":32,"column":3}},"line":25},"3":{"name":"(anonymous_3)","decl":{"start":{"line":33,"column":2},"end":{"line":33,"column":3}},"loc":{"start":{"line":33,"column":11},"end":{"line":35,"column":3}},"line":33}},"branchMap":{"0":{"loc":{"start":{"line":14,"column":4},"end":{"line":16,"column":5}},"type":"if","locations":[{"start":{"line":14,"column":4},"end":{"line":16,"column":5}},{"start":{"line":14,"column":4},"end":{"line":16,"column":5}}],"line":14},"1":{"loc":{"start":{"line":27,"column":4},"end":{"line":31,"column":5}},"type":"if","locations":[{"start":{"line":27,"column":4},"end":{"line":31,"column":5}},{"start":{"line":27,"column":4},"end":{"line":31,"column":5}}],"line":27},"2":{"loc":{"start":{"line":27,"column":8},"end":{"line":27,"column":50}},"type":"binary-expr","locations":[{"start":{"line":27,"column":8},"end":{"line":27,"column":23}},{"start":{"line":27,"column":27},"end":{"line":27,"column":50}}],"line":27},"3":{"loc":{"start":{"line":28,"column":28},"end":{"line":28,"column":47}},"type":"binary-expr","locations":[{"start":{"line":28,"column":28},"end":{"line":28,"column":36}},{"start":{"line":28,"column":40},"end":{"line":28,"column":47}}],"line":28}},"s":{"0":28,"1":28,"2":28,"3":5,"4":5,"5":5,"6":5,"7":5,"8":0,"9":28,"10":0,"11":0,"12":0,"13":0,"14":0},"f":{"0":5,"1":0,"2":0,"3":0},"b":{"0":[5,0],"1":[0,0],"2":[0,0],"3":[0,0]},"_coverageSchema":"43e27e138ebf9cfc5966b082cf9a028302ed4184","hash":"600e47d374c3dab9d6bc4e593a35fe66a9008584"}
,"/Users/zhupengcong/wallet/FiveToken-Wallet-Chrome-Extension/src/utils/typeof.js": {"path":"/Users/zhupengcong/wallet/FiveToken-Wallet-Chrome-Extension/src/utils/typeof.js","statementMap":{"0":{"start":{"line":2,"column":19},"end":{"line":2,"column":21}},"1":{"start":{"line":3,"column":2},"end":{"line":5,"column":3}},"2":{"start":{"line":3,"column":15},"end":{"line":3,"column":16}},"3":{"start":{"line":4,"column":4},"end":{"line":4,"column":50}},"4":{"start":{"line":7,"column":2},"end":{"line":7,"column":19}},"5":{"start":{"line":11,"column":14},"end":{"line":11,"column":16}},"6":{"start":{"line":12,"column":2},"end":{"line":14,"column":3}},"7":{"start":{"line":12,"column":15},"end":{"line":12,"column":16}},"8":{"start":{"line":12,"column":22},"end":{"line":12,"column":32}},"9":{"start":{"line":13,"column":4},"end":{"line":13,"column":31}},"10":{"start":{"line":15,"column":24},"end":{"line":15,"column":43}},"11":{"start":{"line":16,"column":2},"end":{"line":16,"column":22}},"12":{"start":{"line":20,"column":2},"end":{"line":20,"column":64}},"13":{"start":{"line":24,"column":14},"end":{"line":24,"column":41}},"14":{"start":{"line":25,"column":18},"end":{"line":25,"column":37}},"15":{"start":{"line":26,"column":2},"end":{"line":28,"column":3}},"16":{"start":{"line":26,"column":15},"end":{"line":26,"column":16}},"17":{"start":{"line":26,"column":27},"end":{"line":26,"column":37}},"18":{"start":{"line":27,"column":4},"end":{"line":27,"column":34}},"19":{"start":{"line":29,"column":2},"end":{"line":29,"column":12}}},"fnMap":{"0":{"name":"Uint8ArrayToString","decl":{"start":{"line":1,"column":16},"end":{"line":1,"column":34}},"loc":{"start":{"line":1,"column":46},"end":{"line":8,"column":1}},"line":1},"1":{"name":"stringToUint8Array","decl":{"start":{"line":10,"column":16},"end":{"line":10,"column":34}},"loc":{"start":{"line":10,"column":41},"end":{"line":17,"column":1}},"line":10},"2":{"name":"ArrayBufferToString","decl":{"start":{"line":19,"column":16},"end":{"line":19,"column":35}},"loc":{"start":{"line":19,"column":45},"end":{"line":21,"column":1}},"line":19},"3":{"name":"StringToArrayBuffer","decl":{"start":{"line":23,"column":16},"end":{"line":23,"column":35}},"loc":{"start":{"line":23,"column":42},"end":{"line":30,"column":1}},"line":23}},"branchMap":{},"s":{"0":1,"1":1,"2":1,"3":9,"4":1,"5":20,"6":20,"7":20,"8":20,"9":798,"10":20,"11":20,"12":14,"13":4,"14":4,"15":4,"16":4,"17":4,"18":41,"19":4},"f":{"0":1,"1":20,"2":14,"3":4},"b":{},"_coverageSchema":"43e27e138ebf9cfc5966b082cf9a028302ed4184","hash":"c9f8c58480d479aaf4809f158cc1ef2342a451d5"}
}
