TN:
SF:/Users/zhupengcong/wallet/FiveToken-Wallet-Chrome-Extension/src/config.js
FNF:0
FNH:0
DA:1,9
LF:1
LH:1
BRF:0
BRH:0
end_of_record
TN:
SF:/Users/zhupengcong/wallet/FiveToken-Wallet-Chrome-Extension/src/enumeration.js
FNF:0
FNH:0
DA:1,10
DA:8,10
LF:2
LH:2
BRF:0
BRH:0
end_of_record
TN:
SF:/Users/zhupengcong/wallet/FiveToken-Wallet-Chrome-Extension/src/inject.js
FN:1,(anonymous_0)
FN:5,(anonymous_1)
FN:6,(anonymous_2)
FN:16,(anonymous_3)
FN:41,(anonymous_4)
FN:48,(anonymous_5)
FN:52,(anonymous_6)
FN:56,(anonymous_7)
FN:62,(anonymous_8)
FN:71,(anonymous_9)
FNF:10
FNH:5
FNDA:1,(anonymous_0)
FNDA:1,(anonymous_1)
FNDA:1,(anonymous_2)
FNDA:0,(anonymous_3)
FNDA:0,(anonymous_4)
FNDA:0,(anonymous_5)
FNDA:0,(anonymous_6)
FNDA:2,(anonymous_7)
FNDA:1,(anonymous_8)
FNDA:0,(anonymous_9)
DA:1,1
DA:2,1
DA:6,1
DA:7,1
DA:9,1
DA:16,1
DA:17,0
DA:19,0
DA:20,0
DA:30,0
DA:31,0
DA:36,0
DA:42,0
DA:43,0
DA:45,0
DA:49,0
DA:50,0
DA:52,0
DA:53,0
DA:57,2
DA:58,1
DA:60,2
DA:63,1
DA:67,1
DA:68,1
DA:70,1
DA:71,1
DA:73,0
DA:76,0
DA:77,0
DA:81,0
DA:84,0
DA:85,0
DA:86,0
DA:92,1
LF:35
LH:15
BRDA:17,0,0,0
BRDA:17,0,1,0
BRDA:17,1,0,0
BRDA:17,1,1,0
BRDA:17,1,2,0
BRDA:17,1,3,0
BRDA:19,2,0,0
BRDA:19,2,1,0
BRDA:19,3,0,0
BRDA:19,3,1,0
BRDA:30,4,0,0
BRDA:30,4,1,0
BRDA:30,5,0,0
BRDA:30,5,1,0
BRDA:42,6,0,0
BRDA:42,6,1,0
BRDA:49,7,0,0
BRDA:49,7,1,0
BRDA:57,8,0,1
BRDA:57,8,1,1
BRDA:67,9,0,1
BRDA:67,9,1,0
BRDA:73,10,0,0
BRDA:73,10,1,0
BRDA:74,11,0,0
BRDA:74,11,1,0
BRDA:74,11,2,0
BRDA:76,12,0,0
BRDA:76,12,1,0
BRDA:81,13,0,0
BRDA:81,13,1,0
BRDA:82,14,0,0
BRDA:82,14,1,0
BRDA:82,14,2,0
BRDA:84,15,0,0
BRDA:84,15,1,0
BRF:36
BRH:3
end_of_record
TN:
SF:/Users/zhupengcong/wallet/FiveToken-Wallet-Chrome-Extension/src/api/ethers.js
FN:5,(anonymous_0)
FN:10,(anonymous_1)
FN:15,(anonymous_2)
FN:24,(anonymous_3)
FN:40,(anonymous_4)
FN:65,(anonymous_5)
FN:80,(anonymous_6)
FN:92,(anonymous_7)
FN:104,(anonymous_8)
FN:118,(anonymous_9)
FN:132,(anonymous_10)
FNF:11
FNH:4
FNDA:1,(anonymous_0)
FNDA:1,(anonymous_1)
FNDA:1,(anonymous_2)
FNDA:0,(anonymous_3)
FNDA:0,(anonymous_4)
FNDA:0,(anonymous_5)
FNDA:0,(anonymous_6)
FNDA:0,(anonymous_7)
FNDA:0,(anonymous_8)
FNDA:0,(anonymous_9)
FNDA:1,(anonymous_10)
DA:6,1
DA:7,1
DA:11,1
DA:16,1
DA:25,0
DA:26,0
DA:27,0
DA:28,0
DA:30,0
DA:41,0
DA:42,0
DA:43,0
DA:45,0
DA:46,0
DA:51,0
DA:56,0
DA:66,0
DA:67,0
DA:68,0
DA:70,0
DA:81,0
DA:82,0
DA:83,0
DA:85,0
DA:93,0
DA:94,0
DA:95,0
DA:97,0
DA:105,0
DA:106,0
DA:107,0
DA:109,0
DA:119,0
DA:120,0
DA:121,0
DA:123,0
DA:133,1
DA:134,1
DA:135,0
DA:137,1
LF:40
LH:7
BRDA:45,0,0,0
BRDA:45,0,1,0
BRDA:45,1,0,0
BRDA:45,1,1,0
BRDA:48,2,0,0
BRDA:48,2,1,0
BRF:6
BRH:0
end_of_record
TN:
SF:/Users/zhupengcong/wallet/FiveToken-Wallet-Chrome-Extension/src/api/filecoin.js
FN:5,(anonymous_0)
FN:14,(anonymous_1)
FN:21,(anonymous_2)
FN:44,(anonymous_3)
FN:74,(anonymous_4)
FN:130,(anonymous_5)
FN:157,(anonymous_6)
FN:190,(anonymous_7)
FN:221,(anonymous_8)
FNF:9
FNH:6
FNDA:1,(anonymous_0)
FNDA:1,(anonymous_1)
FNDA:1,(anonymous_2)
FNDA:1,(anonymous_3)
FNDA:0,(anonymous_4)
FNDA:0,(anonymous_5)
FNDA:0,(anonymous_6)
FNDA:1,(anonymous_7)
FNDA:1,(anonymous_8)
DA:6,1
DA:7,1
DA:15,1
DA:22,1
DA:23,1
DA:28,0
DA:33,0
DA:35,1
DA:45,1
DA:46,1
DA:51,0
DA:56,0
DA:57,0
DA:58,0
DA:60,0
DA:63,1
DA:75,0
DA:76,0
DA:98,0
DA:103,0
DA:104,0
DA:105,0
DA:106,0
DA:107,0
DA:108,0
DA:109,0
DA:111,0
DA:117,0
DA:131,0
DA:132,0
DA:137,0
DA:142,0
DA:143,0
DA:145,0
DA:148,0
DA:158,0
DA:159,0
DA:164,0
DA:169,0
DA:170,0
DA:172,0
DA:173,0
DA:178,0
DA:181,0
DA:191,1
DA:192,1
DA:201,0
DA:206,0
DA:207,0
DA:209,0
DA:212,1
DA:222,1
DA:223,1
DA:233,0
DA:238,0
DA:239,0
DA:241,0
DA:244,1
LF:58
LH:15
BRDA:56,0,0,0
BRDA:56,0,1,0
BRDA:56,1,0,0
BRDA:56,1,1,0
BRDA:57,2,0,0
BRDA:57,2,1,0
BRDA:106,3,0,0
BRDA:106,3,1,0
BRDA:106,4,0,0
BRDA:106,4,1,0
BRDA:142,5,0,0
BRDA:142,5,1,0
BRDA:142,6,0,0
BRDA:142,6,1,0
BRDA:169,7,0,0
BRDA:169,7,1,0
BRDA:169,8,0,0
BRDA:169,8,1,0
BRDA:172,9,0,0
BRDA:172,9,1,0
BRDA:172,10,0,0
BRDA:172,10,1,0
BRDA:172,10,2,0
BRDA:206,11,0,0
BRDA:206,11,1,0
BRDA:206,12,0,0
BRDA:206,12,1,0
BRDA:238,13,0,0
BRDA:238,13,1,0
BRDA:238,14,0,0
BRDA:238,14,1,0
BRF:31
BRH:0
end_of_record
TN:
SF:/Users/zhupengcong/wallet/FiveToken-Wallet-Chrome-Extension/src/api/index.js
FN:20,(anonymous_0)
FN:28,(anonymous_1)
FN:32,(anonymous_2)
FN:36,(anonymous_3)
FN:40,(anonymous_4)
FN:49,(anonymous_5)
FN:112,(anonymous_6)
FN:242,(anonymous_7)
FN:355,(anonymous_8)
FN:429,(anonymous_9)
FN:461,(anonymous_10)
FN:469,(anonymous_11)
FN:498,(anonymous_12)
FN:534,(anonymous_13)
FNF:14
FNH:5
FNDA:6,(anonymous_0)
FNDA:0,(anonymous_1)
FNDA:0,(anonymous_2)
FNDA:6,(anonymous_3)
FNDA:6,(anonymous_4)
FNDA:3,(anonymous_5)
FNDA:0,(anonymous_6)
FNDA:0,(anonymous_7)
FNDA:2,(anonymous_8)
FNDA:0,(anonymous_9)
FNDA:0,(anonymous_10)
FNDA:0,(anonymous_11)
FNDA:0,(anonymous_12)
FNDA:0,(anonymous_13)
DA:21,6
DA:23,6
DA:24,6
DA:25,6
DA:29,0
DA:33,0
DA:37,6
DA:41,6
DA:50,3
DA:51,3
DA:52,3
DA:53,0
DA:54,0
DA:55,0
DA:56,0
DA:57,0
DA:58,0
DA:63,0
DA:69,0
DA:75,0
DA:76,0
DA:77,0
DA:78,0
DA:79,0
DA:84,0
DA:85,0
DA:86,0
DA:87,0
DA:88,0
DA:89,0
DA:95,0
DA:99,0
DA:113,0
DA:121,0
DA:122,0
DA:123,0
DA:124,0
DA:125,0
DA:138,0
DA:139,0
DA:142,0
DA:144,0
DA:145,0
DA:146,0
DA:151,0
DA:152,0
DA:157,0
DA:163,0
DA:164,0
DA:165,0
DA:166,0
DA:167,0
DA:175,0
DA:183,0
DA:184,0
DA:185,0
DA:186,0
DA:187,0
DA:188,0
DA:193,0
DA:199,0
DA:200,0
DA:201,0
DA:202,0
DA:214,0
DA:215,0
DA:218,0
DA:219,0
DA:220,0
DA:221,0
DA:222,0
DA:229,0
DA:233,0
DA:243,0
DA:244,0
DA:245,0
DA:246,0
DA:247,0
DA:248,0
DA:249,0
DA:250,0
DA:251,0
DA:253,0
DA:254,0
DA:255,0
DA:257,0
DA:258,0
DA:260,0
DA:272,0
DA:274,0
DA:277,0
DA:278,0
DA:279,0
DA:280,0
DA:281,0
DA:282,0
DA:283,0
DA:284,0
DA:285,0
DA:286,0
DA:288,0
DA:289,0
DA:291,0
DA:292,0
DA:293,0
DA:294,0
DA:295,0
DA:307,0
DA:309,0
DA:312,0
DA:313,0
DA:314,0
DA:315,0
DA:316,0
DA:317,0
DA:318,0
DA:319,0
DA:320,0
DA:321,0
DA:322,0
DA:324,0
DA:325,0
DA:327,0
DA:338,0
DA:340,0
DA:344,0
DA:356,2
DA:357,2
DA:358,2
DA:359,0
DA:360,0
DA:361,0
DA:362,0
DA:371,0
DA:381,0
DA:382,0
DA:383,0
DA:384,0
DA:385,0
DA:389,0
DA:390,0
DA:391,0
DA:392,0
DA:394,0
DA:403,0
DA:404,0
DA:405,0
DA:406,0
DA:407,0
DA:408,0
DA:418,0
DA:430,0
DA:431,0
DA:432,0
DA:433,0
DA:434,0
DA:435,0
DA:440,0
DA:441,0
DA:442,0
DA:443,0
DA:444,0
DA:449,0
DA:462,0
DA:463,0
DA:464,0
DA:465,0
DA:466,0
DA:467,0
DA:468,0
DA:469,0
DA:470,0
DA:471,0
DA:473,0
DA:474,0
DA:477,0
DA:482,0
DA:488,0
DA:499,0
DA:500,0
DA:501,0
DA:502,0
DA:503,0
DA:504,0
DA:505,0
DA:510,0
DA:516,0
DA:522,0
DA:535,0
DA:536,0
DA:537,0
DA:538,0
DA:539,0
DA:540,0
DA:545,0
DA:551,0
LF:196
LH:12
BRDA:51,0,0,3
BRDA:51,0,1,0
BRDA:53,1,0,0
BRDA:53,1,1,0
BRDA:53,2,0,0
BRDA:53,2,1,0
BRDA:54,3,0,0
BRDA:54,3,1,0
BRDA:54,4,0,0
BRDA:54,4,1,0
BRDA:55,5,0,0
BRDA:55,5,1,0
BRDA:56,6,0,0
BRDA:56,6,1,0
BRDA:56,6,2,0
BRDA:75,7,0,0
BRDA:75,7,1,0
BRDA:84,8,0,0
BRDA:84,8,1,0
BRDA:122,9,0,0
BRDA:122,9,1,0
BRDA:144,10,0,0
BRDA:144,10,1,0
BRDA:144,11,0,0
BRDA:144,11,1,0
BRDA:151,12,0,0
BRDA:151,12,1,0
BRDA:163,13,0,0
BRDA:163,13,1,0
BRDA:166,14,0,0
BRDA:166,14,1,0
BRDA:187,15,0,0
BRDA:187,15,1,0
BRDA:187,16,0,0
BRDA:187,16,1,0
BRDA:187,16,2,0
BRDA:199,17,0,0
BRDA:199,17,1,0
BRDA:221,18,0,0
BRDA:221,18,1,0
BRDA:244,19,0,0
BRDA:244,19,1,0
BRDA:246,20,0,0
BRDA:246,20,1,0
BRDA:246,21,0,0
BRDA:246,21,1,0
BRDA:246,21,2,0
BRDA:251,22,0,0
BRDA:251,22,1,0
BRDA:254,23,0,0
BRDA:254,23,1,0
BRDA:254,24,0,0
BRDA:254,24,1,0
BRDA:257,25,0,0
BRDA:257,25,1,0
BRDA:257,26,0,0
BRDA:257,26,1,0
BRDA:277,27,0,0
BRDA:277,27,1,0
BRDA:283,28,0,0
BRDA:283,28,1,0
BRDA:285,29,0,0
BRDA:285,29,1,0
BRDA:285,30,0,0
BRDA:285,30,1,0
BRDA:288,31,0,0
BRDA:288,31,1,0
BRDA:288,32,0,0
BRDA:288,32,1,0
BRDA:312,33,0,0
BRDA:312,33,1,0
BRDA:317,34,0,0
BRDA:317,34,1,0
BRDA:321,35,0,0
BRDA:321,35,1,0
BRDA:321,36,0,0
BRDA:321,36,1,0
BRDA:324,37,0,0
BRDA:324,37,1,0
BRDA:324,38,0,0
BRDA:324,38,1,0
BRDA:324,38,2,0
BRDA:357,39,0,2
BRDA:357,39,1,0
BRDA:359,40,0,0
BRDA:359,40,1,0
BRDA:359,41,0,0
BRDA:359,41,1,0
BRDA:381,42,0,0
BRDA:381,42,1,0
BRDA:391,43,0,0
BRDA:391,43,1,0
BRDA:399,44,0,0
BRDA:399,44,1,0
BRDA:399,44,2,0
BRDA:400,45,0,0
BRDA:400,45,1,0
BRDA:400,45,2,0
BRDA:403,46,0,0
BRDA:403,46,1,0
BRDA:442,47,0,0
BRDA:442,47,1,0
BRDA:465,48,0,0
BRDA:465,48,1,0
BRDA:465,49,0,0
BRDA:465,49,1,0
BRDA:470,50,0,0
BRDA:470,50,1,0
BRDA:473,51,0,0
BRDA:473,51,1,0
BRDA:503,52,0,0
BRDA:503,52,1,0
BRDA:503,53,0,0
BRDA:503,53,1,0
BRDA:504,54,0,0
BRDA:504,54,1,0
BRDA:539,55,0,0
BRDA:539,55,1,0
BRF:118
BRH:2
end_of_record
TN:
SF:/Users/zhupengcong/wallet/FiveToken-Wallet-Chrome-Extension/src/api/proxy.js
FN:22,BaseFeeAndGas
FN:33,AddressCheck
FN:49,BalanceNonceByAddress
FN:64,getPricePoints
FN:88,MessageDetails
FN:104,MessagePush
FNF:6
FNH:2
FNDA:2,BaseFeeAndGas
FNDA:0,AddressCheck
FNDA:3,BalanceNonceByAddress
FNDA:0,getPricePoints
FNDA:0,MessageDetails
FNDA:0,MessagePush
DA:3,27
DA:5,27
DA:23,2
DA:34,0
DA:50,3
DA:65,0
DA:75,0
DA:89,0
DA:105,0
LF:9
LH:4
BRF:0
BRH:0
end_of_record
TN:
SF:/Users/zhupengcong/wallet/FiveToken-Wallet-Chrome-Extension/src/components/index.js
FN:32,(anonymous_0)
FN:33,(anonymous_1)
FNF:2
FNH:2
FNDA:2,(anonymous_0)
FNDA:24,(anonymous_1)
DA:16,1
DA:17,1
DA:32,1
DA:33,2
DA:34,24
DA:38,1
DA:39,1
LF:7
LH:7
BRDA:38,0,0,1
BRDA:38,0,1,0
BRDA:38,1,0,1
BRDA:38,1,1,1
BRF:4
BRH:3
end_of_record
TN:
SF:/Users/zhupengcong/wallet/FiveToken-Wallet-Chrome-Extension/src/components/index.td.js
FNF:0
FNH:0
LF:0
LH:0
BRF:0
BRH:0
end_of_record
TN:
SF:/Users/zhupengcong/wallet/FiveToken-Wallet-Chrome-Extension/src/components/back/index.js
FN:3,(anonymous_0)
FNF:1
FNH:1
FNDA:27,(anonymous_0)
DA:3,29
DA:4,27
LF:2
LH:2
BRF:0
BRH:0
end_of_record
TN:
SF:/Users/zhupengcong/wallet/FiveToken-Wallet-Chrome-Extension/src/components/back/src/index.vue
FN:20,(anonymous_1)
FN:24,(anonymous_2)
FN:27,(anonymous_3)
FNF:3
FNH:3
FNDA:1,(anonymous_1)
FNDA:1,(anonymous_2)
FNDA:1,(anonymous_3)
DA:21,1
DA:25,1
DA:28,1
LF:3
LH:3
BRF:0
BRH:0
end_of_record
TN:
SF:/Users/zhupengcong/wallet/FiveToken-Wallet-Chrome-Extension/src/components/button/index.js
FN:3,(anonymous_0)
FNF:1
FNH:1
FNDA:26,(anonymous_0)
DA:3,28
DA:4,26
LF:2
LH:2
BRF:0
BRH:0
end_of_record
TN:
SF:/Users/zhupengcong/wallet/FiveToken-Wallet-Chrome-Extension/src/components/button/src/index.vue
FN:20,(anonymous_1)
FN:24,(anonymous_2)
FNF:2
FNH:2
FNDA:1,(anonymous_1)
FNDA:1,(anonymous_2)
DA:21,1
DA:25,1
LF:2
LH:2
BRF:0
BRH:0
end_of_record
TN:
SF:/Users/zhupengcong/wallet/FiveToken-Wallet-Chrome-Extension/src/components/checkbox/index.js
FN:3,(anonymous_0)
FNF:1
FNH:0
FNDA:0,(anonymous_0)
DA:3,1
DA:4,0
LF:2
LH:1
BRF:0
BRH:0
end_of_record
TN:
SF:/Users/zhupengcong/wallet/FiveToken-Wallet-Chrome-Extension/src/components/checkbox-group/index.js
FN:3,(anonymous_0)
FNF:1
FNH:0
FNDA:0,(anonymous_0)
DA:3,1
DA:4,0
LF:2
LH:1
BRF:0
BRH:0
end_of_record
TN:
SF:/Users/zhupengcong/wallet/FiveToken-Wallet-Chrome-Extension/src/components/checkbox-group/index.vue
FN:22,(anonymous_1)
FN:29,(anonymous_2)
FN:32,(anonymous_3)
FNF:3
FNH:0
FNDA:0,(anonymous_1)
FNDA:0,(anonymous_2)
FNDA:0,(anonymous_3)
DA:23,0
DA:30,0
DA:33,0
LF:3
LH:0
BRF:0
BRH:0
end_of_record
TN:
SF:/Users/zhupengcong/wallet/FiveToken-Wallet-Chrome-Extension/src/components/checkbox-group/src/index.vue
FN:22,(anonymous_1)
FN:29,(anonymous_2)
FN:32,(anonymous_3)
FNF:3
FNH:0
FNDA:0,(anonymous_1)
FNDA:0,(anonymous_2)
FNDA:0,(anonymous_3)
DA:23,0
DA:30,0
DA:33,0
LF:3
LH:0
BRF:0
BRH:0
end_of_record
TN:
SF:/Users/zhupengcong/wallet/FiveToken-Wallet-Chrome-Extension/src/components/checkbox/src/index.vue
FN:15,(anonymous_1)
FN:22,(anonymous_2)
FN:25,(anonymous_3)
FNF:3
FNH:0
FNDA:0,(anonymous_1)
FNDA:0,(anonymous_2)
FNDA:0,(anonymous_3)
DA:16,0
DA:23,0
DA:26,0
LF:3
LH:0
BRF:0
BRH:0
end_of_record
TN:
SF:/Users/zhupengcong/wallet/FiveToken-Wallet-Chrome-Extension/src/components/header/index.js
FN:3,(anonymous_0)
FNF:1
FNH:1
FNDA:1,(anonymous_0)
DA:3,2
DA:4,1
LF:2
LH:2
BRF:0
BRH:0
end_of_record
TN:
SF:/Users/zhupengcong/wallet/FiveToken-Wallet-Chrome-Extension/src/components/header/src/index.vue
FN:30,(anonymous_1)
FN:43,(anonymous_2)
FN:46,(anonymous_3)
FN:49,(anonymous_4)
FNF:4
FNH:4
FNDA:1,(anonymous_1)
FNDA:1,(anonymous_2)
FNDA:1,(anonymous_3)
FNDA:1,(anonymous_4)
DA:27,3
DA:31,1
DA:44,1
DA:47,1
DA:50,1
LF:5
LH:5
BRF:0
BRH:0
end_of_record
TN:
SF:/Users/zhupengcong/wallet/FiveToken-Wallet-Chrome-Extension/src/components/input/index.js
FN:3,(anonymous_0)
FNF:1
FNH:1
FNDA:21,(anonymous_0)
DA:3,23
DA:4,21
LF:2
LH:2
BRF:0
BRH:0
end_of_record
TN:
SF:/Users/zhupengcong/wallet/FiveToken-Wallet-Chrome-Extension/src/components/input/src/index.vue
FN:31,(anonymous_1)
FN:38,(anonymous_2)
FN:41,(anonymous_3)
FN:48,(anonymous_4)
FNF:4
FNH:4
FNDA:1,(anonymous_1)
FNDA:1,(anonymous_2)
FNDA:1,(anonymous_3)
FNDA:1,(anonymous_4)
DA:32,1
DA:39,1
DA:42,1
DA:49,1
DA:50,1
LF:5
LH:5
BRF:0
BRH:0
end_of_record
TN:
SF:/Users/zhupengcong/wallet/FiveToken-Wallet-Chrome-Extension/src/components/layout/index.js
FN:3,(anonymous_0)
FNF:1
FNH:1
FNDA:28,(anonymous_0)
DA:3,29
DA:4,28
LF:2
LH:2
BRF:0
BRH:0
end_of_record
TN:
SF:/Users/zhupengcong/wallet/FiveToken-Wallet-Chrome-Extension/src/components/layout/src/index.vue
FN:17,(anonymous_1)
FN:23,(anonymous_2)
FN:43,(anonymous_3)
FN:69,(anonymous_4)
FN:72,(anonymous_5)
FN:75,(anonymous_6)
FNF:6
FNH:4
FNDA:1,(anonymous_1)
FNDA:1,(anonymous_2)
FNDA:1,(anonymous_3)
FNDA:1,(anonymous_4)
FNDA:0,(anonymous_5)
FNDA:0,(anonymous_6)
DA:9,30
DA:10,30
DA:11,30
DA:18,1
DA:24,1
DA:25,1
DA:26,1
DA:27,1
DA:29,1
DA:30,1
DA:31,1
DA:32,1
DA:33,1
DA:34,0
DA:36,1
DA:37,1
DA:38,1
DA:39,1
DA:40,1
DA:41,1
DA:42,1
DA:43,2
DA:44,1
DA:46,1
DA:47,1
DA:48,1
DA:49,1
DA:50,1
DA:51,1
DA:52,1
DA:53,1
DA:54,1
DA:56,0
DA:57,0
DA:60,1
DA:61,1
DA:62,1
DA:63,1
DA:64,1
DA:65,1
DA:67,1
DA:70,1
DA:71,1
DA:72,1
DA:73,0
DA:75,1
DA:76,0
LF:47
LH:42
BRDA:33,0,0,0
BRDA:33,0,1,1
BRDA:36,1,0,1
BRDA:36,1,1,0
BRDA:42,2,0,1
BRDA:42,2,1,0
BRDA:56,3,0,0
BRDA:56,3,1,0
BRDA:61,4,0,1
BRDA:61,4,1,0
BRF:10
BRH:4
end_of_record
TN:
SF:/Users/zhupengcong/wallet/FiveToken-Wallet-Chrome-Extension/src/components/network/index.js
FN:3,(anonymous_0)
FNF:1
FNH:1
FNDA:1,(anonymous_0)
DA:3,2
DA:4,1
LF:2
LH:2
BRF:0
BRH:0
end_of_record
TN:
SF:/Users/zhupengcong/wallet/FiveToken-Wallet-Chrome-Extension/src/components/network/src/index.vue
FN:45,(anonymous_1)
FN:58,(anonymous_2)
FN:64,(anonymous_3)
FN:71,(anonymous_4)
FN:78,(anonymous_5)
FN:82,(anonymous_6)
FN:105,(anonymous_7)
FN:110,(anonymous_8)
FN:113,(anonymous_9)
FNF:9
FNH:6
FNDA:1,(anonymous_1)
FNDA:0,(anonymous_2)
FNDA:1,(anonymous_3)
FNDA:1,(anonymous_4)
FNDA:0,(anonymous_5)
FNDA:0,(anonymous_6)
FNDA:1,(anonymous_7)
FNDA:1,(anonymous_8)
FNDA:1,(anonymous_9)
DA:37,3
DA:38,3
DA:39,3
DA:40,3
DA:41,3
DA:46,1
DA:59,0
DA:60,0
DA:65,1
DA:66,1
DA:67,1
DA:68,1
DA:69,1
DA:70,1
DA:71,2
DA:72,1
DA:73,0
DA:74,0
DA:75,0
DA:76,0
DA:77,0
DA:78,0
DA:79,0
DA:82,0
DA:83,0
DA:86,0
DA:87,0
DA:89,0
DA:90,0
DA:93,0
DA:94,0
DA:97,1
DA:106,1
DA:107,1
DA:108,1
DA:111,1
DA:114,1
LF:37
LH:20
BRDA:70,0,0,1
BRDA:70,0,1,0
BRDA:72,1,0,0
BRDA:72,1,1,1
BRDA:74,2,0,0
BRDA:74,2,1,0
BRDA:76,3,0,0
BRDA:76,3,1,0
BRDA:86,4,0,0
BRDA:86,4,1,0
BRF:10
BRH:2
end_of_record
TN:
SF:/Users/zhupengcong/wallet/FiveToken-Wallet-Chrome-Extension/src/components/no-network/index.js
FN:3,(anonymous_0)
FNF:1
FNH:0
FNDA:0,(anonymous_0)
DA:3,1
DA:4,0
LF:2
LH:1
BRF:0
BRH:0
end_of_record
TN:
SF:/Users/zhupengcong/wallet/FiveToken-Wallet-Chrome-Extension/src/components/password-verification/index.js
FN:3,(anonymous_0)
FNF:1
FNH:0
FNDA:0,(anonymous_0)
DA:3,5
DA:4,0
LF:2
LH:1
BRF:0
BRH:0
end_of_record
TN:
SF:/Users/zhupengcong/wallet/FiveToken-Wallet-Chrome-Extension/src/components/password-verification/src/index.vue
FN:45,(anonymous_1)
FN:53,(anonymous_2)
FN:62,(anonymous_3)
FN:65,(anonymous_4)
FN:68,(anonymous_5)
FN:71,(anonymous_6)
FNF:6
FNH:0
FNDA:0,(anonymous_1)
FNDA:0,(anonymous_2)
FNDA:0,(anonymous_3)
FNDA:0,(anonymous_4)
FNDA:0,(anonymous_5)
FNDA:0,(anonymous_6)
DA:35,5
DA:36,5
DA:37,5
DA:38,5
DA:46,0
DA:54,0
DA:63,0
DA:66,0
DA:69,0
DA:72,0
DA:73,0
DA:74,0
DA:76,0
LF:13
LH:4
BRDA:69,0,0,0
BRDA:69,0,1,0
BRDA:73,1,0,0
BRDA:73,1,1,0
BRF:4
BRH:0
end_of_record
TN:
SF:/Users/zhupengcong/wallet/FiveToken-Wallet-Chrome-Extension/src/components/progress/index.js
FN:3,(anonymous_0)
FNF:1
FNH:1
FNDA:2,(anonymous_0)
DA:3,3
DA:4,2
LF:2
LH:2
BRF:0
BRH:0
end_of_record
TN:
SF:/Users/zhupengcong/wallet/FiveToken-Wallet-Chrome-Extension/src/components/progress/src/index.vue
FN:15,(anonymous_1)
FN:21,(anonymous_2)
FN:27,(anonymous_3)
FNF:3
FNH:1
FNDA:0,(anonymous_1)
FNDA:2,(anonymous_2)
FNDA:0,(anonymous_3)
DA:16,0
DA:22,2
DA:28,0
LF:3
LH:1
BRF:0
BRH:0
end_of_record
TN:
SF:/Users/zhupengcong/wallet/FiveToken-Wallet-Chrome-Extension/src/components/token-icon/index.js
FN:3,(anonymous_0)
FNF:1
FNH:1
FNDA:1,(anonymous_0)
DA:3,4
DA:4,1
LF:2
LH:2
BRF:0
BRH:0
end_of_record
TN:
SF:/Users/zhupengcong/wallet/FiveToken-Wallet-Chrome-Extension/src/components/token-icon/src/index.vue
FN:23,(anonymous_1)
FN:30,(anonymous_2)
FN:39,(anonymous_3)
FN:43,(anonymous_4)
FN:64,(anonymous_5)
FNF:5
FNH:5
FNDA:1,(anonymous_1)
FNDA:1,(anonymous_2)
FNDA:1,(anonymous_3)
FNDA:3,(anonymous_4)
FNDA:1,(anonymous_5)
DA:17,5
DA:24,1
DA:31,1
DA:32,1
DA:40,1
DA:41,1
DA:42,1
DA:43,1
DA:44,3
DA:49,3
DA:50,3
DA:51,3
DA:52,3
DA:54,3
DA:55,3
DA:56,3
DA:57,3
DA:62,1
DA:65,1
DA:66,1
DA:67,1
DA:68,3
DA:69,3
DA:70,0
DA:72,3
DA:73,3
DA:74,3
DA:77,1
LF:28
LH:27
BRDA:31,0,0,1
BRDA:31,0,1,0
BRDA:51,1,0,2
BRDA:51,1,1,1
BRDA:52,2,0,2
BRDA:52,2,1,1
BRDA:69,3,0,0
BRDA:69,3,1,3
BRF:8
BRH:6
end_of_record
TN:
SF:/Users/zhupengcong/wallet/FiveToken-Wallet-Chrome-Extension/src/minix/change-account.js
FN:12,(anonymous_0)
FNF:1
FNH:1
FNDA:1,(anonymous_0)
DA:13,1
DA:14,1
DA:15,1
DA:16,1
DA:17,1
DA:18,1
LF:6
LH:6
BRF:0
BRH:0
end_of_record
TN:
SF:/Users/zhupengcong/wallet/FiveToken-Wallet-Chrome-Extension/src/minix/change-network.js
FN:20,(anonymous_0)
FN:25,(anonymous_1)
FNF:2
FNH:0
FNDA:0,(anonymous_0)
FNDA:0,(anonymous_1)
DA:21,0
DA:22,0
DA:23,0
DA:24,0
DA:25,0
DA:26,0
DA:28,0
DA:29,0
DA:30,0
DA:31,0
DA:32,0
DA:33,0
DA:34,0
DA:35,0
DA:36,0
DA:37,0
DA:38,0
DA:39,0
LF:18
LH:0
BRDA:24,0,0,0
BRDA:24,0,1,0
BRF:2
BRH:0
end_of_record
TN:
SF:/Users/zhupengcong/wallet/FiveToken-Wallet-Chrome-Extension/src/pages/account/index.js
FN:23,(anonymous_0)
FNF:1
FNH:0
FNDA:0,(anonymous_0)
DA:8,0
DA:9,0
DA:10,0
DA:11,0
DA:12,0
DA:13,0
DA:14,0
DA:15,0
DA:18,0
DA:24,0
LF:10
LH:0
BRF:0
BRH:0
end_of_record
TN:
SF:/Users/zhupengcong/wallet/FiveToken-Wallet-Chrome-Extension/src/pages/account/component/index.vue
FN:71,(anonymous_1)
FN:78,(anonymous_2)
FN:92,(anonymous_3)
FN:117,(anonymous_4)
FN:121,(anonymous_5)
FN:122,(anonymous_6)
FN:125,(anonymous_7)
FN:132,(anonymous_8)
FN:135,(anonymous_9)
FN:144,(anonymous_10)
FN:163,(anonymous_11)
FN:171,(anonymous_12)
FN:180,(anonymous_13)
FN:186,(anonymous_14)
FN:189,(anonymous_15)
FN:192,(anonymous_16)
FN:195,(anonymous_17)
FNF:17
FNH:14
FNDA:1,(anonymous_1)
FNDA:1,(anonymous_2)
FNDA:1,(anonymous_3)
FNDA:1,(anonymous_4)
FNDA:1,(anonymous_5)
FNDA:1,(anonymous_6)
FNDA:1,(anonymous_7)
FNDA:1,(anonymous_8)
FNDA:0,(anonymous_9)
FNDA:0,(anonymous_10)
FNDA:1,(anonymous_11)
FNDA:1,(anonymous_12)
FNDA:0,(anonymous_13)
FNDA:1,(anonymous_14)
FNDA:1,(anonymous_15)
FNDA:1,(anonymous_16)
FNDA:1,(anonymous_17)
DA:62,1
DA:63,1
DA:64,1
DA:65,1
DA:66,1
DA:67,1
DA:72,1
DA:73,1
DA:75,0
DA:79,1
DA:80,1
DA:81,1
DA:82,1
DA:83,0
DA:84,0
DA:86,1
DA:87,1
DA:93,1
DA:118,1
DA:119,1
DA:120,1
DA:121,2
DA:122,1
DA:123,1
DA:125,1
DA:126,1
DA:128,1
DA:129,1
DA:130,1
DA:131,1
DA:132,1
DA:133,1
DA:134,0
DA:135,0
DA:136,0
DA:138,0
DA:143,0
DA:144,0
DA:145,0
DA:147,0
DA:152,0
DA:157,1
DA:159,0
DA:160,0
DA:164,1
DA:165,1
DA:166,1
DA:167,1
DA:168,0
DA:169,0
DA:172,1
DA:178,1
DA:181,0
DA:182,0
DA:183,0
DA:184,0
DA:187,1
DA:190,1
DA:193,1
DA:196,1
LF:60
LH:40
BRDA:72,0,0,1
BRDA:72,0,1,0
BRDA:82,1,0,0
BRDA:82,1,1,1
BRDA:82,2,0,1
BRDA:82,2,1,1
BRDA:134,3,0,0
BRDA:134,3,1,0
BRDA:143,4,0,0
BRDA:143,4,1,0
BRF:10
BRH:4
end_of_record
TN:
SF:/Users/zhupengcong/wallet/FiveToken-Wallet-Chrome-Extension/src/pages/add-account/index.js
FN:26,(anonymous_0)
FNF:1
FNH:0
FNDA:0,(anonymous_0)
DA:8,0
DA:9,0
DA:10,0
DA:11,0
DA:12,0
DA:13,0
DA:14,0
DA:15,0
DA:16,0
DA:17,0
DA:18,0
DA:21,0
DA:27,0
LF:13
LH:0
BRF:0
BRH:0
end_of_record
TN:
SF:/Users/zhupengcong/wallet/FiveToken-Wallet-Chrome-Extension/src/pages/add-account/component/index.vue
FN:58,(anonymous_1)
FN:80,(anonymous_2)
FN:88,(anonymous_3)
FN:100,(anonymous_4)
FN:103,(anonymous_5)
FN:195,(anonymous_6)
FN:198,(anonymous_7)
FN:201,(anonymous_8)
FNF:8
FNH:8
FNDA:1,(anonymous_1)
FNDA:3,(anonymous_2)
FNDA:1,(anonymous_3)
FNDA:1,(anonymous_4)
FNDA:1,(anonymous_5)
FNDA:1,(anonymous_6)
FNDA:1,(anonymous_7)
FNDA:1,(anonymous_8)
DA:49,1
DA:50,1
DA:51,1
DA:52,1
DA:53,1
DA:59,1
DA:81,3
DA:89,1
DA:90,1
DA:91,1
DA:92,1
DA:93,1
DA:94,1
DA:95,0
DA:96,0
DA:97,0
DA:101,1
DA:104,1
DA:105,1
DA:106,1
DA:107,1
DA:108,0
DA:109,0
DA:110,0
DA:111,0
DA:112,0
DA:113,0
DA:114,0
DA:115,0
DA:117,0
DA:120,0
DA:121,0
DA:122,0
DA:124,0
DA:125,0
DA:126,0
DA:127,0
DA:138,0
DA:139,0
DA:140,0
DA:141,0
DA:142,0
DA:143,0
DA:144,0
DA:145,0
DA:147,0
DA:150,0
DA:152,0
DA:153,0
DA:157,0
DA:167,0
DA:172,0
DA:173,0
DA:180,0
DA:181,0
DA:187,0
DA:188,0
DA:189,0
DA:192,0
DA:196,1
DA:199,1
DA:202,1
LF:62
LH:21
BRDA:94,0,0,0
BRDA:94,0,1,1
BRDA:107,1,0,0
BRDA:107,1,1,1
BRDA:109,2,0,0
BRDA:109,2,1,0
BRDA:114,3,0,0
BRDA:114,3,1,0
BRDA:143,4,0,0
BRDA:143,4,1,0
BRDA:144,5,0,0
BRDA:144,5,1,0
BRDA:152,6,0,0
BRDA:152,6,1,0
BRDA:172,7,0,0
BRDA:172,7,1,0
BRF:16
BRH:2
end_of_record
TN:
SF:/Users/zhupengcong/wallet/FiveToken-Wallet-Chrome-Extension/src/pages/add-token/index.js
FN:24,(anonymous_0)
FNF:1
FNH:0
FNDA:0,(anonymous_0)
DA:8,0
DA:9,0
DA:10,0
DA:11,0
DA:12,0
DA:13,0
DA:14,0
DA:15,0
DA:16,0
DA:17,0
DA:19,0
DA:25,0
LF:12
LH:0
BRF:0
BRH:0
end_of_record
TN:
SF:/Users/zhupengcong/wallet/FiveToken-Wallet-Chrome-Extension/src/pages/add-token/component/index.vue
FN:71,(anonymous_1)
FN:90,(anonymous_2)
FN:97,(anonymous_3)
FN:102,(anonymous_4)
FN:108,(anonymous_5)
FN:113,(anonymous_6)
FN:118,(anonymous_7)
FN:125,(anonymous_8)
FN:133,(anonymous_9)
FN:147,(anonymous_10)
FN:150,(anonymous_11)
FN:154,(anonymous_12)
FNF:12
FNH:7
FNDA:1,(anonymous_1)
FNDA:2,(anonymous_2)
FNDA:1,(anonymous_3)
FNDA:0,(anonymous_4)
FNDA:1,(anonymous_5)
FNDA:1,(anonymous_6)
FNDA:0,(anonymous_7)
FNDA:0,(anonymous_8)
FNDA:0,(anonymous_9)
FNDA:1,(anonymous_10)
FNDA:1,(anonymous_11)
FNDA:0,(anonymous_12)
DA:65,1
DA:66,1
DA:67,1
DA:68,1
DA:69,1
DA:72,1
DA:91,2
DA:92,2
DA:93,2
DA:98,1
DA:99,1
DA:100,1
DA:101,1
DA:102,0
DA:103,0
DA:105,0
DA:109,1
DA:110,1
DA:111,1
DA:114,1
DA:115,1
DA:116,1
DA:117,1
DA:118,1
DA:119,1
DA:120,1
DA:121,1
DA:122,1
DA:123,1
DA:124,1
DA:125,1
DA:126,0
DA:127,0
DA:128,0
DA:129,0
DA:130,0
DA:131,0
DA:134,0
DA:135,0
DA:136,0
DA:137,0
DA:138,0
DA:139,0
DA:140,0
DA:142,0
DA:148,1
DA:151,1
DA:152,1
DA:153,0
DA:154,0
DA:167,0
LF:51
LH:31
BRDA:92,0,0,2
BRDA:92,0,1,1
BRDA:92,0,2,0
BRDA:101,1,0,0
BRDA:101,1,1,1
BRDA:103,2,0,0
BRDA:103,2,1,0
BRDA:114,3,0,1
BRDA:114,3,1,0
BRDA:127,4,0,0
BRDA:127,4,1,0
BRDA:139,5,0,0
BRDA:139,5,1,0
BRDA:139,6,0,0
BRDA:139,6,1,0
BRDA:139,6,2,0
BRDA:152,7,0,0
BRDA:152,7,1,1
BRDA:152,8,0,1
BRDA:152,8,1,0
BRDA:153,9,0,0
BRDA:153,9,1,0
BRF:22
BRH:6
end_of_record
TN:
SF:/Users/zhupengcong/wallet/FiveToken-Wallet-Chrome-Extension/src/pages/check-words/index.js
FN:21,(anonymous_0)
FNF:1
FNH:0
FNDA:0,(anonymous_0)
DA:8,0
DA:9,0
DA:10,0
DA:11,0
DA:12,0
DA:13,0
DA:14,0
DA:16,0
DA:22,0
LF:9
LH:0
BRF:0
BRH:0
end_of_record
TN:
SF:/Users/zhupengcong/wallet/FiveToken-Wallet-Chrome-Extension/src/pages/check-words/component/index.vue
FN:39,(anonymous_1)
FN:58,(anonymous_2)
FN:62,(anonymous_3)
FN:75,(anonymous_4)
FN:84,(anonymous_5)
FN:88,(anonymous_6)
FN:97,(anonymous_7)
FN:106,(anonymous_8)
FN:124,(anonymous_9)
FN:136,(anonymous_10)
FN:137,(anonymous_11)
FNF:11
FNH:10
FNDA:1,(anonymous_1)
FNDA:2,(anonymous_2)
FNDA:1,(anonymous_3)
FNDA:2,(anonymous_4)
FNDA:1,(anonymous_5)
FNDA:1,(anonymous_6)
FNDA:1,(anonymous_7)
FNDA:1,(anonymous_8)
FNDA:0,(anonymous_9)
FNDA:1,(anonymous_10)
FNDA:3,(anonymous_11)
DA:35,1
DA:36,1
DA:37,1
DA:40,1
DA:59,2
DA:63,1
DA:64,1
DA:65,1
DA:66,1
DA:67,1
DA:68,1
DA:69,1
DA:76,2
DA:77,2
DA:78,2
DA:79,4
DA:80,2
DA:81,2
DA:82,2
DA:85,1
DA:86,1
DA:89,1
DA:90,1
DA:91,1
DA:92,1
DA:94,0
DA:98,1
DA:99,12
DA:100,12
DA:101,12
DA:102,12
DA:104,1
DA:107,2
DA:108,0
DA:109,0
DA:110,0
DA:111,0
DA:112,0
DA:113,0
DA:114,0
DA:115,0
DA:116,0
DA:124,0
DA:125,0
DA:126,0
DA:127,0
DA:130,0
DA:133,0
DA:137,4
LF:49
LH:33
BRDA:79,0,0,2
BRDA:79,0,1,0
BRDA:82,1,0,0
BRDA:82,1,1,2
BRDA:82,2,0,2
BRDA:82,2,1,2
BRDA:82,2,2,2
BRDA:90,3,0,1
BRDA:90,3,1,0
BRDA:107,4,0,1
BRDA:107,4,1,0
BRDA:112,5,0,0
BRDA:112,5,1,0
BRDA:137,6,0,1
BRDA:137,6,1,1
BRF:15
BRH:9
end_of_record
TN:
SF:/Users/zhupengcong/wallet/FiveToken-Wallet-Chrome-Extension/src/pages/create-wallet/index.js
FN:25,(anonymous_0)
FNF:1
FNH:0
FNDA:0,(anonymous_0)
DA:8,0
DA:9,0
DA:10,0
DA:11,0
DA:12,0
DA:13,0
DA:14,0
DA:15,0
DA:16,0
DA:17,0
DA:18,0
DA:20,0
DA:26,0
LF:13
LH:0
BRF:0
BRH:0
end_of_record
TN:
SF:/Users/zhupengcong/wallet/FiveToken-Wallet-Chrome-Extension/src/pages/create-wallet/component/index.vue
FN:68,(anonymous_1)
FN:91,(anonymous_2)
FN:93,(anonymous_3)
FN:99,(anonymous_4)
FN:108,(anonymous_5)
FN:110,(anonymous_6)
FN:113,(anonymous_7)
FN:117,(anonymous_8)
FN:120,(anonymous_9)
FN:123,(anonymous_10)
FN:126,(anonymous_11)
FN:144,(anonymous_12)
FN:150,(anonymous_13)
FN:188,(anonymous_14)
FN:191,(anonymous_15)
FNF:15
FNH:13
FNDA:1,(anonymous_1)
FNDA:3,(anonymous_2)
FNDA:6,(anonymous_3)
FNDA:1,(anonymous_4)
FNDA:1,(anonymous_5)
FNDA:1,(anonymous_6)
FNDA:1,(anonymous_7)
FNDA:1,(anonymous_8)
FNDA:1,(anonymous_9)
FNDA:1,(anonymous_10)
FNDA:2,(anonymous_11)
FNDA:2,(anonymous_12)
FNDA:2,(anonymous_13)
FNDA:0,(anonymous_14)
FNDA:0,(anonymous_15)
DA:65,1
DA:66,1
DA:69,1
DA:92,3
DA:93,3
DA:94,6
DA:96,3
DA:100,1
DA:101,1
DA:102,1
DA:103,1
DA:104,1
DA:105,1
DA:111,1
DA:114,1
DA:115,1
DA:118,1
DA:121,1
DA:124,1
DA:127,2
DA:128,2
DA:129,2
DA:130,2
DA:131,0
DA:132,0
DA:133,0
DA:134,0
DA:135,0
DA:136,0
DA:138,0
DA:139,0
DA:145,2
DA:146,2
DA:147,2
DA:148,2
DA:151,2
DA:152,2
DA:153,0
DA:154,0
DA:156,2
DA:158,2
DA:159,2
DA:160,2
DA:162,0
DA:165,0
DA:166,0
DA:167,0
DA:169,0
DA:172,0
DA:173,0
DA:174,0
DA:175,0
DA:177,0
DA:178,0
DA:180,0
DA:181,0
DA:182,0
DA:184,0
DA:186,0
DA:189,0
DA:193,0
LF:61
LH:33
BRDA:118,0,0,1
BRDA:118,0,1,0
BRDA:124,1,0,1
BRDA:124,1,1,0
BRDA:127,2,0,2
BRDA:127,2,1,0
BRDA:130,3,0,0
BRDA:130,3,1,2
BRDA:133,4,0,0
BRDA:133,4,1,0
BRDA:152,5,0,0
BRDA:152,5,1,2
BRDA:158,6,0,2
BRDA:158,6,1,0
BRDA:165,7,0,0
BRDA:165,7,1,0
BRDA:172,8,0,0
BRDA:172,8,1,0
BRDA:180,9,0,0
BRDA:180,9,1,0
BRDA:193,10,0,0
BRDA:193,10,1,0
BRF:22
BRH:6
end_of_record
TN:
SF:/Users/zhupengcong/wallet/FiveToken-Wallet-Chrome-Extension/src/pages/create-words/index.js
FN:22,(anonymous_0)
FNF:1
FNH:0
FNDA:0,(anonymous_0)
DA:8,0
DA:9,0
DA:10,0
DA:11,0
DA:12,0
DA:13,0
DA:14,0
DA:15,0
DA:17,0
DA:23,0
LF:10
LH:0
BRF:0
BRH:0
end_of_record
TN:
SF:/Users/zhupengcong/wallet/FiveToken-Wallet-Chrome-Extension/src/pages/create-words/component/index.vue
FN:38,(anonymous_1)
FN:61,(anonymous_2)
FN:75,(anonymous_3)
FN:88,(anonymous_4)
FN:91,(anonymous_5)
FNF:5
FNH:5
FNDA:1,(anonymous_1)
FNDA:1,(anonymous_2)
FNDA:2,(anonymous_3)
FNDA:1,(anonymous_4)
FNDA:1,(anonymous_5)
DA:35,1
DA:36,1
DA:39,1
DA:62,1
DA:63,1
DA:64,1
DA:65,1
DA:66,1
DA:67,1
DA:68,1
DA:69,1
DA:70,1
DA:71,1
DA:76,2
DA:77,2
DA:78,2
DA:79,2
DA:80,2
DA:82,2
DA:83,2
DA:84,2
DA:89,1
DA:92,1
DA:93,1
DA:94,1
LF:25
LH:25
BRDA:79,0,0,2
BRDA:79,0,1,0
BRDA:84,1,0,0
BRDA:84,1,1,2
BRDA:84,2,0,2
BRDA:84,2,1,2
BRDA:84,2,2,2
BRF:7
BRH:5
end_of_record
TN:
SF:/Users/zhupengcong/wallet/FiveToken-Wallet-Chrome-Extension/src/pages/custom-send-transaction/index.js
FN:27,(anonymous_0)
FNF:1
FNH:0
FNDA:0,(anonymous_0)
DA:8,0
DA:9,0
DA:10,0
DA:11,0
DA:12,0
DA:13,0
DA:14,0
DA:15,0
DA:16,0
DA:17,0
DA:18,0
DA:19,0
DA:20,0
DA:22,0
DA:28,0
LF:15
LH:0
BRF:0
BRH:0
end_of_record
TN:
SF:/Users/zhupengcong/wallet/FiveToken-Wallet-Chrome-Extension/src/pages/custom-send-transaction/component/detail.vue
FN:48,(anonymous_1)
FN:56,(anonymous_2)
FN:63,(anonymous_3)
FN:72,(anonymous_4)
FN:80,(anonymous_5)
FN:83,(anonymous_6)
FN:94,(anonymous_7)
FN:100,(anonymous_8)
FN:106,(anonymous_9)
FN:115,(anonymous_10)
FN:121,(anonymous_11)
FN:127,(anonymous_12)
FNF:12
FNH:0
FNDA:0,(anonymous_1)
FNDA:0,(anonymous_2)
FNDA:0,(anonymous_3)
FNDA:0,(anonymous_4)
FNDA:0,(anonymous_5)
FNDA:0,(anonymous_6)
FNDA:0,(anonymous_7)
FNDA:0,(anonymous_8)
FNDA:0,(anonymous_9)
FNDA:0,(anonymous_10)
FNDA:0,(anonymous_11)
FNDA:0,(anonymous_12)
DA:36,1
DA:37,1
DA:38,1
DA:39,1
DA:49,0
DA:57,0
DA:60,0
DA:61,0
DA:64,0
DA:65,0
DA:66,0
DA:68,0
DA:70,0
DA:73,0
DA:74,0
DA:75,0
DA:76,0
DA:77,0
DA:78,0
DA:81,0
DA:84,0
DA:85,0
DA:86,0
DA:88,0
DA:90,0
DA:95,0
DA:96,0
DA:97,0
DA:98,0
DA:101,0
DA:102,0
DA:103,0
DA:104,0
DA:107,0
DA:108,0
DA:109,0
DA:110,0
DA:111,0
DA:116,0
DA:122,0
DA:128,0
DA:129,0
DA:130,0
DA:131,0
DA:133,0
LF:45
LH:4
BRDA:65,0,0,0
BRDA:65,0,1,0
BRDA:81,1,0,0
BRDA:81,1,1,0
BRDA:85,2,0,0
BRDA:85,2,1,0
BRDA:129,3,0,0
BRDA:129,3,1,0
BRDA:129,4,0,0
BRDA:129,4,1,0
BRF:10
BRH:0
end_of_record
TN:
SF:/Users/zhupengcong/wallet/FiveToken-Wallet-Chrome-Extension/src/pages/custom-send-transaction/component/index.vue
FN:70,(anonymous_1)
FN:78,(anonymous_2)
FN:109,(anonymous_3)
FN:119,(anonymous_4)
FN:135,(anonymous_5)
FN:169,(anonymous_6)
FN:194,(anonymous_7)
FN:208,(anonymous_8)
FN:212,(anonymous_9)
FN:222,(anonymous_10)
FN:225,(anonymous_11)
FN:229,(anonymous_12)
FN:240,(anonymous_13)
FN:248,(anonymous_14)
FNF:14
FNH:9
FNDA:4,(anonymous_1)
FNDA:1,(anonymous_2)
FNDA:1,(anonymous_3)
FNDA:1,(anonymous_4)
FNDA:0,(anonymous_5)
FNDA:0,(anonymous_6)
FNDA:0,(anonymous_7)
FNDA:1,(anonymous_8)
FNDA:1,(anonymous_9)
FNDA:1,(anonymous_10)
FNDA:0,(anonymous_11)
FNDA:1,(anonymous_12)
FNDA:1,(anonymous_13)
FNDA:0,(anonymous_14)
DA:56,1
DA:57,1
DA:58,1
DA:59,1
DA:60,1
DA:61,1
DA:62,1
DA:63,1
DA:71,4
DA:72,0
DA:74,4
DA:79,1
DA:110,1
DA:111,1
DA:112,1
DA:113,1
DA:114,1
DA:115,1
DA:120,1
DA:121,1
DA:122,1
DA:132,0
DA:136,0
DA:137,0
DA:138,0
DA:139,0
DA:140,0
DA:141,0
DA:152,0
DA:153,0
DA:154,0
DA:155,0
DA:156,0
DA:157,0
DA:158,0
DA:159,0
DA:160,0
DA:161,0
DA:163,0
DA:165,0
DA:170,0
DA:171,0
DA:172,0
DA:186,0
DA:193,0
DA:194,0
DA:195,0
DA:197,0
DA:201,0
DA:209,1
DA:213,1
DA:214,0
DA:215,0
DA:216,0
DA:217,0
DA:218,0
DA:219,0
DA:223,1
DA:226,0
DA:227,0
DA:230,1
DA:231,1
DA:232,1
DA:233,1
DA:234,1
DA:235,0
DA:237,1
DA:241,1
DA:242,1
DA:243,1
DA:245,0
DA:250,0
LF:72
LH:32
BRDA:71,0,0,0
BRDA:71,0,1,4
BRDA:121,1,0,1
BRDA:121,1,1,0
BRDA:156,2,0,0
BRDA:156,2,1,0
BRDA:156,3,0,0
BRDA:156,3,1,0
BRDA:171,4,0,0
BRDA:171,4,1,0
BRDA:193,5,0,0
BRDA:193,5,1,0
BRDA:195,6,0,0
BRDA:195,6,1,0
BRDA:213,7,0,0
BRDA:213,7,1,1
BRDA:234,8,0,0
BRDA:234,8,1,1
BRDA:242,9,0,1
BRDA:242,9,1,0
BRF:20
BRH:5
end_of_record
TN:
SF:/Users/zhupengcong/wallet/FiveToken-Wallet-Chrome-Extension/src/pages/fiveToken/index.js
FN:20,(anonymous_0)
FNF:1
FNH:0
FNDA:0,(anonymous_0)
DA:8,0
DA:9,0
DA:10,0
DA:11,0
DA:12,0
DA:13,0
DA:15,0
DA:21,0
LF:8
LH:0
BRF:0
BRH:0
end_of_record
TN:
SF:/Users/zhupengcong/wallet/FiveToken-Wallet-Chrome-Extension/src/pages/fiveToken-connect/index.js
FN:24,(anonymous_0)
FNF:1
FNH:0
FNDA:0,(anonymous_0)
DA:8,0
DA:9,0
DA:10,0
DA:11,0
DA:12,0
DA:13,0
DA:14,0
DA:15,0
DA:16,0
DA:17,0
DA:19,0
DA:25,0
LF:12
LH:0
BRF:0
BRH:0
end_of_record
TN:
SF:/Users/zhupengcong/wallet/FiveToken-Wallet-Chrome-Extension/src/pages/fiveToken-connect/component/index.vue
FN:1,(anonymous_0)
FN:60,(anonymous_1)
FN:76,(anonymous_2)
FN:83,(anonymous_3)
FN:119,(anonymous_4)
FN:133,(anonymous_5)
FN:135,(anonymous_6)
FN:139,(anonymous_7)
FN:144,(anonymous_8)
FN:149,(anonymous_9)
FN:151,(anonymous_10)
FN:154,(anonymous_11)
FN:180,render
FN:180,(anonymous_13)
FNF:14
FNH:6
FNDA:1,(anonymous_0)
FNDA:1,(anonymous_1)
FNDA:0,(anonymous_2)
FNDA:1,(anonymous_3)
FNDA:1,(anonymous_4)
FNDA:0,(anonymous_5)
FNDA:1,(anonymous_6)
FNDA:0,(anonymous_7)
FNDA:0,(anonymous_8)
FNDA:0,(anonymous_9)
FNDA:0,(anonymous_10)
FNDA:0,(anonymous_11)
FNDA:2,render
FNDA:0,(anonymous_13)
DA:1,1
DA:4,1
DA:6,1
DA:9,1
DA:11,1
DA:13,1
DA:15,1
DA:17,1
DA:19,1
DA:21,1
DA:23,1
DA:52,1
DA:61,1
DA:77,0
DA:84,1
DA:85,1
DA:86,1
DA:87,1
DA:90,1
DA:91,1
DA:93,0
DA:96,1
DA:97,0
DA:102,1
DA:103,1
DA:105,0
DA:108,1
DA:109,1
DA:112,1
DA:113,1
DA:115,0
DA:118,1
DA:119,1
DA:121,1
DA:123,1
DA:124,1
DA:125,1
DA:136,1
DA:140,0
DA:141,0
DA:146,0
DA:150,0
DA:151,0
DA:152,0
DA:154,0
DA:155,0
DA:165,0
DA:167,0
DA:170,0
DA:172,0
DA:177,1
DA:179,1
DA:180,2
DA:181,1
LF:54
LH:37
BRDA:96,0,0,0
BRDA:96,0,1,1
BRDA:108,1,0,1
BRDA:108,1,1,0
BRDA:118,2,0,1
BRDA:118,2,1,0
BRDA:123,3,0,1
BRDA:123,3,1,0
BRDA:165,4,0,0
BRDA:165,4,1,0
BRDA:179,5,0,1
BRDA:179,5,1,0
BRDA:179,6,0,0
BRDA:179,6,1,1
BRDA:180,7,0,2
BRDA:180,7,1,0
BRDA:180,8,0,1
BRDA:180,8,1,1
BRDA:180,9,0,1
BRDA:180,9,1,0
BRDA:180,10,0,0
BRDA:180,10,1,0
BRDA:180,11,0,0
BRDA:180,11,1,0
BRDA:180,12,0,0
BRDA:180,12,1,2
BRF:26
BRH:11
end_of_record
TN:
SF:/Users/zhupengcong/wallet/FiveToken-Wallet-Chrome-Extension/src/pages/fiveToken-connect/component/step-1.vue
FN:1,(anonymous_0)
FN:61,(anonymous_1)
FN:71,(anonymous_2)
FN:77,(anonymous_3)
FN:88,(anonymous_4)
FN:99,(anonymous_5)
FN:104,(anonymous_6)
FN:108,(anonymous_7)
FN:109,(anonymous_8)
FN:118,(anonymous_9)
FN:124,(anonymous_10)
FN:125,(anonymous_11)
FN:126,(anonymous_12)
FN:142,render
FN:142,(anonymous_14)
FN:142,(anonymous_15)
FN:142,(anonymous_16)
FNF:17
FNH:1
FNDA:1,(anonymous_0)
FNDA:0,(anonymous_1)
FNDA:0,(anonymous_2)
FNDA:0,(anonymous_3)
FNDA:0,(anonymous_4)
FNDA:0,(anonymous_5)
FNDA:0,(anonymous_6)
FNDA:0,(anonymous_7)
FNDA:0,(anonymous_8)
FNDA:0,(anonymous_9)
FNDA:0,(anonymous_10)
FNDA:0,(anonymous_11)
FNDA:0,(anonymous_12)
FNDA:0,render
FNDA:0,(anonymous_14)
FNDA:0,(anonymous_15)
FNDA:0,(anonymous_16)
DA:1,1
DA:4,1
DA:7,1
DA:9,1
DA:11,1
DA:13,1
DA:15,1
DA:55,1
DA:62,0
DA:72,0
DA:78,0
DA:79,0
DA:80,0
DA:81,0
DA:82,0
DA:84,0
DA:89,0
DA:90,0
DA:91,0
DA:93,0
DA:101,0
DA:105,0
DA:109,0
DA:111,0
DA:112,0
DA:114,0
DA:119,0
DA:120,0
DA:125,0
DA:126,0
DA:127,0
DA:130,0
DA:131,0
DA:133,0
DA:139,1
DA:141,1
DA:142,1
DA:143,1
LF:38
LH:12
BRDA:78,0,0,0
BRDA:78,0,1,0
BRDA:89,1,0,0
BRDA:89,1,1,0
BRDA:111,2,0,0
BRDA:111,2,1,0
BRDA:119,3,0,0
BRDA:119,3,1,0
BRDA:130,4,0,0
BRDA:130,4,1,0
BRDA:141,5,0,1
BRDA:141,5,1,0
BRDA:141,6,0,0
BRDA:141,6,1,1
BRDA:142,7,0,0
BRDA:142,7,1,0
BRDA:142,8,0,0
BRDA:142,8,1,0
BRDA:142,9,0,0
BRDA:142,9,1,0
BRF:20
BRH:2
end_of_record
TN:
SF:/Users/zhupengcong/wallet/FiveToken-Wallet-Chrome-Extension/src/pages/fiveToken-connect/component/step-2.vue
FN:1,(anonymous_0)
FN:45,(anonymous_1)
FN:53,(anonymous_2)
FN:54,(anonymous_3)
FN:62,(anonymous_4)
FN:73,(anonymous_5)
FN:77,(anonymous_6)
FN:86,render
FN:87,render
FNF:9
FNH:1
FNDA:1,(anonymous_0)
FNDA:0,(anonymous_1)
FNDA:0,(anonymous_2)
FNDA:0,(anonymous_3)
FNDA:0,(anonymous_4)
FNDA:0,(anonymous_5)
FNDA:0,(anonymous_6)
FNDA:0,render
FNDA:0,render
DA:1,1
DA:4,1
DA:7,1
DA:38,1
DA:46,0
DA:54,0
DA:55,0
DA:57,0
DA:63,0
DA:64,0
DA:65,0
DA:67,0
DA:74,0
DA:78,0
DA:83,1
DA:85,1
DA:86,1
DA:87,1
LF:18
LH:8
BRDA:63,0,0,0
BRDA:63,0,1,0
BRDA:85,1,0,1
BRDA:85,1,1,0
BRDA:85,2,0,0
BRDA:85,2,1,1
BRDA:86,3,0,0
BRDA:86,3,1,0
BRDA:86,4,0,0
BRDA:86,4,1,0
BRDA:86,5,0,0
BRDA:86,5,1,0
BRDA:87,6,0,0
BRDA:87,6,1,0
BRF:14
BRH:2
end_of_record
TN:
SF:/Users/zhupengcong/wallet/FiveToken-Wallet-Chrome-Extension/src/pages/fiveToken/component/index.vue
FN:1,(anonymous_0)
FN:32,(anonymous_1)
FN:46,(anonymous_2)
FN:63,(anonymous_3)
FN:69,(anonymous_4)
FN:73,(anonymous_5)
FN:82,(anonymous_6)
FN:87,(anonymous_7)
FN:92,(anonymous_8)
FN:118,render
FNF:10
FNH:7
FNDA:1,(anonymous_0)
FNDA:1,(anonymous_1)
FNDA:1,(anonymous_2)
FNDA:1,(anonymous_3)
FNDA:1,(anonymous_4)
FNDA:0,(anonymous_5)
FNDA:0,(anonymous_6)
FNDA:0,(anonymous_7)
FNDA:1,(anonymous_8)
FNDA:2,render
DA:1,1
DA:4,1
DA:6,1
DA:9,1
DA:11,1
DA:13,1
DA:15,1
DA:17,1
DA:31,1
DA:33,1
DA:47,1
DA:48,1
DA:49,1
DA:50,1
DA:52,1
DA:53,1
DA:54,1
DA:56,1
DA:57,0
DA:60,1
DA:62,1
DA:63,1
DA:64,1
DA:70,1
DA:71,1
DA:73,1
DA:74,0
DA:75,0
DA:76,0
DA:79,1
DA:83,0
DA:88,0
DA:89,0
DA:93,1
DA:94,1
DA:95,1
DA:99,1
DA:101,1
DA:102,0
DA:110,1
DA:115,1
DA:117,1
DA:118,2
DA:119,1
LF:44
LH:36
BRDA:52,0,0,1
BRDA:52,0,1,0
BRDA:56,1,0,0
BRDA:56,1,1,1
BRDA:62,2,0,1
BRDA:62,2,1,0
BRDA:64,3,0,1
BRDA:64,3,1,0
BRDA:101,4,0,0
BRDA:101,4,1,1
BRDA:101,5,0,1
BRDA:101,5,1,0
BRDA:117,6,0,1
BRDA:117,6,1,0
BRDA:117,7,0,0
BRDA:117,7,1,1
BRDA:118,8,0,2
BRDA:118,8,1,0
BRDA:118,9,0,0
BRDA:118,9,1,2
BRDA:118,10,0,1
BRDA:118,10,1,1
BRF:22
BRH:12
end_of_record
TN:
SF:/Users/zhupengcong/wallet/FiveToken-Wallet-Chrome-Extension/src/pages/import-privatekey/index.js
FN:25,(anonymous_0)
FNF:1
FNH:0
FNDA:0,(anonymous_0)
DA:8,0
DA:9,0
DA:10,0
DA:11,0
DA:12,0
DA:13,0
DA:14,0
DA:15,0
DA:16,0
DA:17,0
DA:18,0
DA:20,0
DA:26,0
LF:13
LH:0
BRF:0
BRH:0
end_of_record
TN:
SF:/Users/zhupengcong/wallet/FiveToken-Wallet-Chrome-Extension/src/pages/import-privatekey/component/index.vue
FN:66,(anonymous_1)
FN:86,(anonymous_2)
FN:89,(anonymous_3)
FN:91,(anonymous_4)
FN:105,(anonymous_5)
FN:109,(anonymous_6)
FN:112,(anonymous_7)
FN:115,(anonymous_8)
FN:120,(anonymous_9)
FN:123,(anonymous_10)
FN:133,(anonymous_11)
FN:167,(anonymous_12)
FN:170,(anonymous_13)
FN:173,(anonymous_14)
FN:196,(anonymous_15)
FNF:15
FNH:13
FNDA:1,(anonymous_1)
FNDA:3,(anonymous_2)
FNDA:2,(anonymous_3)
FNDA:4,(anonymous_4)
FNDA:1,(anonymous_5)
FNDA:1,(anonymous_6)
FNDA:1,(anonymous_7)
FNDA:1,(anonymous_8)
FNDA:1,(anonymous_9)
FNDA:1,(anonymous_10)
FNDA:0,(anonymous_11)
FNDA:0,(anonymous_12)
FNDA:1,(anonymous_13)
FNDA:1,(anonymous_14)
FNDA:1,(anonymous_15)
DA:56,1
DA:57,1
DA:58,1
DA:59,1
DA:60,1
DA:67,1
DA:87,3
DA:90,2
DA:91,2
DA:92,4
DA:94,2
DA:95,1
DA:97,2
DA:106,1
DA:107,1
DA:110,1
DA:113,1
DA:116,1
DA:117,1
DA:118,1
DA:121,1
DA:124,1
DA:125,1
DA:126,1
DA:127,0
DA:129,1
DA:130,1
DA:131,1
DA:132,0
DA:133,0
DA:134,0
DA:135,0
DA:136,0
DA:140,0
DA:149,0
DA:150,0
DA:151,0
DA:152,0
DA:153,0
DA:154,0
DA:156,0
DA:157,0
DA:160,1
DA:161,1
DA:164,0
DA:168,0
DA:171,1
DA:174,1
DA:175,1
DA:176,1
DA:177,1
DA:178,1
DA:179,1
DA:180,0
DA:182,1
DA:183,1
DA:184,1
DA:187,0
DA:188,0
DA:189,0
DA:192,0
DA:193,0
DA:197,1
LF:63
LH:40
BRDA:87,0,0,3
BRDA:87,0,1,2
BRDA:94,1,0,1
BRDA:94,1,1,1
BRDA:126,2,0,0
BRDA:126,2,1,1
BRDA:131,3,0,0
BRDA:131,3,1,1
BRDA:150,4,0,0
BRDA:150,4,1,0
BRDA:177,5,0,1
BRDA:177,5,1,0
BRDA:179,6,0,0
BRDA:179,6,1,1
BRF:14
BRH:8
end_of_record
TN:
SF:/Users/zhupengcong/wallet/FiveToken-Wallet-Chrome-Extension/src/pages/import-privatekey/component/select-network.vue
FN:27,(anonymous_1)
FN:31,(anonymous_2)
FN:34,(anonymous_3)
FNF:3
FNH:3
FNDA:1,(anonymous_1)
FNDA:1,(anonymous_2)
FNDA:1,(anonymous_3)
DA:28,1
DA:32,1
DA:35,1
LF:3
LH:3
BRF:0
BRH:0
end_of_record
TN:
SF:/Users/zhupengcong/wallet/FiveToken-Wallet-Chrome-Extension/src/pages/import-words/index.js
FN:23,(anonymous_0)
FNF:1
FNH:0
FNDA:0,(anonymous_0)
DA:8,0
DA:9,0
DA:10,0
DA:11,0
DA:12,0
DA:13,0
DA:14,0
DA:15,0
DA:16,0
DA:18,0
DA:24,0
LF:11
LH:0
BRF:0
BRH:0
end_of_record
TN:
SF:/Users/zhupengcong/wallet/FiveToken-Wallet-Chrome-Extension/src/pages/import-words/component/index.vue
FN:41,(anonymous_1)
FN:64,(anonymous_2)
FN:66,(anonymous_3)
FN:72,(anonymous_4)
FN:84,(anonymous_5)
FN:86,(anonymous_6)
FN:105,(anonymous_7)
FN:117,(anonymous_8)
FN:120,(anonymous_9)
FN:124,(anonymous_10)
FN:133,(anonymous_11)
FNF:11
FNH:10
FNDA:1,(anonymous_1)
FNDA:3,(anonymous_2)
FNDA:5,(anonymous_3)
FNDA:1,(anonymous_4)
FNDA:1,(anonymous_5)
FNDA:1,(anonymous_6)
FNDA:0,(anonymous_7)
FNDA:1,(anonymous_8)
FNDA:1,(anonymous_9)
FNDA:2,(anonymous_10)
FNDA:2,(anonymous_11)
DA:36,1
DA:37,1
DA:38,1
DA:39,1
DA:42,1
DA:65,3
DA:66,3
DA:67,5
DA:69,3
DA:73,1
DA:74,1
DA:75,1
DA:76,1
DA:77,1
DA:78,1
DA:87,1
DA:88,1
DA:89,1
DA:90,1
DA:91,1
DA:92,1
DA:93,1
DA:94,1
DA:95,1
DA:96,1
DA:104,1
DA:105,1
DA:106,0
DA:107,0
DA:108,0
DA:111,0
DA:114,0
DA:118,1
DA:121,1
DA:122,1
DA:125,2
DA:126,2
DA:127,2
DA:128,4
DA:129,2
DA:130,2
DA:131,2
DA:134,2
LF:43
LH:38
BRDA:87,0,0,0
BRDA:87,0,1,1
BRDA:92,1,0,1
BRDA:92,1,1,0
BRDA:121,2,0,0
BRDA:121,2,1,1
BRDA:128,3,0,2
BRDA:128,3,1,0
BRDA:131,4,0,0
BRDA:131,4,1,2
BRDA:131,5,0,2
BRDA:131,5,1,2
BRDA:131,5,2,2
BRF:13
BRH:8
end_of_record
TN:
SF:/Users/zhupengcong/wallet/FiveToken-Wallet-Chrome-Extension/src/pages/lock-user/index.js
FN:23,(anonymous_0)
FNF:1
FNH:0
FNDA:0,(anonymous_0)
DA:8,0
DA:9,0
DA:10,0
DA:11,0
DA:12,0
DA:13,0
DA:14,0
DA:15,0
DA:16,0
DA:18,0
DA:24,0
LF:11
LH:0
BRF:0
BRH:0
end_of_record
TN:
SF:/Users/zhupengcong/wallet/FiveToken-Wallet-Chrome-Extension/src/pages/lock-user/component/index.vue
FN:35,(anonymous_1)
FN:46,(anonymous_2)
FN:50,(anonymous_3)
FN:55,(anonymous_4)
FN:58,(anonymous_5)
FN:61,(anonymous_6)
FNF:6
FNH:6
FNDA:1,(anonymous_1)
FNDA:2,(anonymous_2)
FNDA:1,(anonymous_3)
FNDA:1,(anonymous_4)
FNDA:1,(anonymous_5)
FNDA:1,(anonymous_6)
DA:31,3
DA:32,3
DA:33,3
DA:36,1
DA:47,2
DA:51,1
DA:52,1
DA:56,1
DA:59,1
DA:62,1
DA:63,0
DA:65,1
DA:66,1
DA:67,0
DA:68,0
DA:69,0
DA:70,0
DA:71,0
DA:73,0
DA:76,1
LF:20
LH:13
BRDA:59,0,0,1
BRDA:59,0,1,0
BRDA:62,1,0,0
BRDA:62,1,1,1
BRDA:66,2,0,0
BRDA:66,2,1,1
BRDA:69,3,0,0
BRDA:69,3,1,0
BRF:8
BRH:3
end_of_record
TN:
SF:/Users/zhupengcong/wallet/FiveToken-Wallet-Chrome-Extension/src/pages/message-detail/index.js
FN:21,(anonymous_0)
FNF:1
FNH:0
FNDA:0,(anonymous_0)
DA:9,0
DA:10,0
DA:11,0
DA:12,0
DA:13,0
DA:14,0
DA:16,0
DA:22,0
LF:8
LH:0
BRF:0
BRH:0
end_of_record
TN:
SF:/Users/zhupengcong/wallet/FiveToken-Wallet-Chrome-Extension/src/pages/message-detail/component/index.vue
FN:69,(anonymous_1)
FN:75,(anonymous_2)
FN:81,(anonymous_3)
FN:90,(anonymous_4)
FN:99,(anonymous_5)
FN:116,(anonymous_6)
FN:140,(anonymous_7)
FN:146,(anonymous_8)
FN:149,(anonymous_9)
FNF:9
FNH:9
FNDA:1,(anonymous_1)
FNDA:1,(anonymous_2)
FNDA:1,(anonymous_3)
FNDA:1,(anonymous_4)
FNDA:1,(anonymous_5)
FNDA:1,(anonymous_6)
FNDA:1,(anonymous_7)
FNDA:1,(anonymous_8)
FNDA:1,(anonymous_9)
DA:64,1
DA:65,1
DA:66,1
DA:67,1
DA:70,1
DA:76,1
DA:77,1
DA:78,1
DA:79,1
DA:82,1
DA:83,1
DA:84,1
DA:85,1
DA:91,1
DA:92,1
DA:93,0
DA:95,1
DA:97,1
DA:100,1
DA:101,1
DA:102,1
DA:104,1
DA:105,1
DA:107,0
DA:108,0
DA:110,0
DA:111,0
DA:114,1
DA:117,1
DA:118,1
DA:119,1
DA:121,1
DA:124,1
DA:126,0
DA:129,0
DA:131,0
DA:134,0
DA:137,1
DA:141,1
DA:142,1
DA:143,1
DA:147,1
DA:150,1
DA:152,0
DA:153,0
DA:154,0
DA:155,0
DA:156,0
DA:158,0
DA:159,0
DA:162,1
LF:51
LH:35
BRDA:92,0,0,0
BRDA:92,0,1,1
BRDA:92,1,0,1
BRDA:92,1,1,1
BRDA:101,2,0,1
BRDA:101,2,1,0
BRDA:103,3,0,1
BRDA:103,3,1,0
BRDA:103,3,2,0
BRDA:118,4,0,1
BRDA:118,4,1,0
BRDA:120,5,0,1
BRDA:120,5,1,0
BRDA:120,5,2,0
BRDA:150,6,0,0
BRDA:150,6,1,1
BRDA:154,7,0,0
BRDA:154,7,1,0
BRF:18
BRH:8
end_of_record
TN:
SF:/Users/zhupengcong/wallet/FiveToken-Wallet-Chrome-Extension/src/pages/send-fil/index.js
FN:29,(anonymous_0)
FNF:1
FNH:0
FNDA:0,(anonymous_0)
DA:8,0
DA:9,0
DA:10,0
DA:11,0
DA:12,0
DA:13,0
DA:14,0
DA:15,0
DA:16,0
DA:17,0
DA:18,0
DA:19,0
DA:20,0
DA:21,0
DA:22,0
DA:24,0
DA:30,0
LF:17
LH:0
BRF:0
BRH:0
end_of_record
TN:
SF:/Users/zhupengcong/wallet/FiveToken-Wallet-Chrome-Extension/src/pages/send-fil/component/index.vue
FN:63,(anonymous_1)
FN:122,(anonymous_2)
FN:132,(anonymous_3)
FN:137,(anonymous_4)
FN:144,(anonymous_5)
FN:149,(anonymous_6)
FN:176,(anonymous_7)
FN:178,(anonymous_8)
FN:207,(anonymous_9)
FN:245,(anonymous_10)
FN:249,(anonymous_11)
FN:252,(anonymous_12)
FN:255,(anonymous_13)
FN:271,(anonymous_14)
FN:285,(anonymous_15)
FN:312,(anonymous_16)
FN:327,(anonymous_17)
FN:382,(anonymous_18)
FN:402,(anonymous_19)
FN:436,(anonymous_20)
FN:452,(anonymous_21)
FN:462,(anonymous_22)
FN:477,(anonymous_23)
FN:489,(anonymous_24)
FN:501,(anonymous_25)
FN:505,(anonymous_26)
FN:530,(anonymous_27)
FNF:27
FNH:10
FNDA:1,(anonymous_1)
FNDA:1,(anonymous_2)
FNDA:0,(anonymous_3)
FNDA:0,(anonymous_4)
FNDA:1,(anonymous_5)
FNDA:0,(anonymous_6)
FNDA:0,(anonymous_7)
FNDA:0,(anonymous_8)
FNDA:3,(anonymous_9)
FNDA:1,(anonymous_10)
FNDA:0,(anonymous_11)
FNDA:0,(anonymous_12)
FNDA:0,(anonymous_13)
FNDA:1,(anonymous_14)
FNDA:2,(anonymous_15)
FNDA:1,(anonymous_16)
FNDA:1,(anonymous_17)
FNDA:0,(anonymous_18)
FNDA:0,(anonymous_19)
FNDA:0,(anonymous_20)
FNDA:0,(anonymous_21)
FNDA:0,(anonymous_22)
FNDA:0,(anonymous_23)
FNDA:0,(anonymous_24)
FNDA:0,(anonymous_25)
FNDA:1,(anonymous_26)
FNDA:0,(anonymous_27)
DA:42,1
DA:43,1
DA:44,1
DA:45,1
DA:51,1
DA:52,1
DA:53,1
DA:54,1
DA:55,1
DA:56,1
DA:64,1
DA:123,1
DA:124,1
DA:125,1
DA:126,1
DA:127,0
DA:128,0
DA:129,0
DA:130,0
DA:131,0
DA:132,0
DA:133,0
DA:135,0
DA:136,0
DA:137,0
DA:138,0
DA:140,0
DA:141,0
DA:145,1
DA:146,1
DA:147,1
DA:148,1
DA:149,0
DA:150,0
DA:153,1
DA:154,1
DA:165,1
DA:168,1
DA:169,1
DA:170,0
DA:175,1
DA:176,1
DA:177,0
DA:178,0
DA:179,0
DA:180,0
DA:181,0
DA:184,0
DA:185,0
DA:193,0
DA:194,0
DA:195,0
DA:202,1
DA:204,0
DA:208,3
DA:209,3
DA:211,0
DA:212,0
DA:215,0
DA:216,0
DA:217,0
DA:219,1
DA:220,1
DA:221,1
DA:223,1
DA:226,1
DA:228,1
DA:238,1
DA:240,1
DA:241,1
DA:243,3
DA:246,1
DA:247,1
DA:248,1
DA:249,0
DA:250,0
DA:252,0
DA:253,0
DA:255,0
DA:256,0
DA:258,0
DA:259,0
DA:261,0
DA:265,0
DA:267,1
DA:272,1
DA:273,1
DA:274,1
DA:275,1
DA:276,0
DA:277,0
DA:278,0
DA:279,0
DA:280,0
DA:281,0
DA:282,0
DA:286,2
DA:287,2
DA:288,2
DA:289,2
DA:290,2
DA:291,2
DA:292,2
DA:294,0
DA:295,0
DA:297,0
DA:300,2
DA:301,2
DA:302,0
DA:306,0
DA:307,0
DA:308,0
DA:313,1
DA:314,0
DA:315,0
DA:316,0
DA:317,0
DA:318,0
DA:319,0
DA:320,0
DA:322,0
DA:328,1
DA:329,1
DA:330,1
DA:331,1
DA:332,1
DA:333,1
DA:334,0
DA:336,1
DA:337,1
DA:342,0
DA:343,0
DA:345,0
DA:347,0
DA:349,0
DA:350,0
DA:351,0
DA:352,0
DA:354,0
DA:359,0
DA:360,0
DA:361,0
DA:362,0
DA:364,0
DA:369,0
DA:371,0
DA:372,0
DA:379,0
DA:383,0
DA:384,0
DA:385,0
DA:386,0
DA:388,0
DA:389,0
DA:390,0
DA:391,0
DA:392,0
DA:395,0
DA:396,0
DA:397,0
DA:400,0
DA:403,0
DA:404,0
DA:405,0
DA:406,0
DA:414,0
DA:415,0
DA:416,0
DA:418,0
DA:419,0
DA:420,0
DA:422,0
DA:425,0
DA:426,0
DA:427,0
DA:429,0
DA:432,0
DA:437,0
DA:438,0
DA:439,0
DA:440,0
DA:444,0
DA:445,0
DA:446,0
DA:447,0
DA:452,0
DA:456,0
DA:459,0
DA:460,0
DA:461,0
DA:464,0
DA:465,0
DA:466,0
DA:471,0
DA:477,0
DA:478,0
DA:482,0
DA:486,0
DA:490,0
DA:491,0
DA:492,0
DA:493,0
DA:494,0
DA:495,0
DA:497,0
DA:502,0
DA:506,1
DA:507,1
DA:508,1
DA:522,1
DA:529,1
DA:530,1
DA:531,0
DA:533,1
DA:537,1
LF:215
LH:73
BRDA:131,0,0,0
BRDA:131,0,1,0
BRDA:136,1,0,0
BRDA:136,1,1,0
BRDA:148,2,0,0
BRDA:148,2,1,1
BRDA:150,3,0,0
BRDA:150,3,1,0
BRDA:169,4,0,0
BRDA:169,4,1,1
BRDA:194,5,0,0
BRDA:194,5,1,0
BRDA:210,6,0,0
BRDA:210,6,1,1
BRDA:210,6,2,1
BRDA:210,6,3,1
BRDA:211,7,0,0
BRDA:211,7,1,0
BRDA:219,8,0,1
BRDA:219,8,1,0
BRDA:248,9,0,0
BRDA:248,9,1,1
BRDA:250,10,0,0
BRDA:250,10,1,0
BRDA:252,11,0,0
BRDA:252,11,1,0
BRDA:255,12,0,0
BRDA:255,12,1,0
BRDA:256,13,0,0
BRDA:256,13,1,0
BRDA:258,14,0,0
BRDA:258,14,1,0
BRDA:258,14,2,0
BRDA:259,15,0,0
BRDA:259,15,1,0
BRDA:261,16,0,0
BRDA:261,16,1,0
BRDA:291,17,0,2
BRDA:291,17,1,0
BRDA:294,18,0,0
BRDA:294,18,1,0
BRDA:306,19,0,0
BRDA:306,19,1,0
BRDA:313,20,0,0
BRDA:313,20,1,1
BRDA:319,21,0,0
BRDA:319,21,1,0
BRDA:332,22,0,1
BRDA:332,22,1,0
BRDA:333,23,0,0
BRDA:333,23,1,1
BRDA:345,24,0,0
BRDA:345,24,1,0
BRDA:347,25,0,0
BRDA:347,25,1,0
BRDA:349,26,0,0
BRDA:349,26,1,0
BRDA:359,27,0,0
BRDA:359,27,1,0
BRDA:361,28,0,0
BRDA:361,28,1,0
BRDA:369,29,0,0
BRDA:369,29,1,0
BRDA:388,30,0,0
BRDA:388,30,1,0
BRDA:390,31,0,0
BRDA:390,31,1,0
BRDA:395,32,0,0
BRDA:395,32,1,0
BRDA:395,33,0,0
BRDA:395,33,1,0
BRDA:420,34,0,0
BRDA:420,34,1,0
BRDA:420,35,0,0
BRDA:420,35,1,0
BRDA:464,36,0,0
BRDA:464,36,1,0
BRDA:464,37,0,0
BRDA:464,37,1,0
BRDA:465,38,0,0
BRDA:465,38,1,0
BRDA:473,39,0,0
BRDA:473,39,1,0
BRDA:484,40,0,0
BRDA:484,40,1,0
BRDA:492,41,0,0
BRDA:492,41,1,0
BRDA:494,42,0,0
BRDA:494,42,1,0
BRDA:507,43,0,1
BRDA:507,43,1,1
BRDA:529,44,0,1
BRDA:529,44,1,1
BRDA:531,45,0,0
BRDA:531,45,1,0
BRF:95
BRH:15
end_of_record
TN:
SF:/Users/zhupengcong/wallet/FiveToken-Wallet-Chrome-Extension/src/pages/send-fil/component/select-address.vue
FN:58,(anonymous_1)
FN:79,(anonymous_2)
FN:86,(anonymous_3)
FN:90,(anonymous_4)
FN:93,(anonymous_5)
FN:96,(anonymous_6)
FNF:6
FNH:0
FNDA:0,(anonymous_1)
FNDA:0,(anonymous_2)
FNDA:0,(anonymous_3)
FNDA:0,(anonymous_4)
FNDA:0,(anonymous_5)
FNDA:0,(anonymous_6)
DA:56,1
DA:59,0
DA:80,0
DA:81,0
DA:86,0
DA:87,0
DA:91,0
DA:94,0
DA:97,0
LF:9
LH:1
BRDA:87,0,0,0
BRDA:87,0,1,0
BRDA:87,0,2,0
BRF:3
BRH:0
end_of_record
TN:
SF:/Users/zhupengcong/wallet/FiveToken-Wallet-Chrome-Extension/src/pages/send-fil/component/select-token.vue
FN:101,(anonymous_1)
FN:114,(anonymous_2)
FN:116,(anonymous_3)
FN:121,(anonymous_4)
FN:125,(anonymous_5)
FN:128,(anonymous_6)
FN:131,(anonymous_7)
FNF:7
FNH:0
FNDA:0,(anonymous_1)
FNDA:0,(anonymous_2)
FNDA:0,(anonymous_3)
FNDA:0,(anonymous_4)
FNDA:0,(anonymous_5)
FNDA:0,(anonymous_6)
FNDA:0,(anonymous_7)
DA:99,1
DA:102,0
DA:117,0
DA:118,0
DA:121,0
DA:122,0
DA:126,0
DA:129,0
DA:132,0
LF:9
LH:1
BRDA:122,0,0,0
BRDA:122,0,1,0
BRF:2
BRH:0
end_of_record
TN:
SF:/Users/zhupengcong/wallet/FiveToken-Wallet-Chrome-Extension/src/pages/send-fil/component/service-fee.vue
FN:146,(anonymous_1)
FN:158,(anonymous_2)
FN:168,(anonymous_3)
FN:169,(anonymous_4)
FN:177,(anonymous_5)
FN:185,(anonymous_6)
FN:189,(anonymous_7)
FN:193,(anonymous_8)
FN:197,(anonymous_9)
FN:201,(anonymous_10)
FN:205,(anonymous_11)
FN:209,(anonymous_12)
FN:215,(anonymous_13)
FN:243,(anonymous_14)
FN:259,(anonymous_15)
FNF:15
FNH:0
FNDA:0,(anonymous_1)
FNDA:0,(anonymous_2)
FNDA:0,(anonymous_3)
FNDA:0,(anonymous_4)
FNDA:0,(anonymous_5)
FNDA:0,(anonymous_6)
FNDA:0,(anonymous_7)
FNDA:0,(anonymous_8)
FNDA:0,(anonymous_9)
FNDA:0,(anonymous_10)
FNDA:0,(anonymous_11)
FNDA:0,(anonymous_12)
FNDA:0,(anonymous_13)
FNDA:0,(anonymous_14)
FNDA:0,(anonymous_15)
DA:135,2
DA:136,2
DA:137,2
DA:147,0
DA:148,0
DA:149,0
DA:150,0
DA:151,0
DA:153,0
DA:155,0
DA:159,0
DA:169,0
DA:170,0
DA:178,0
DA:179,0
DA:180,0
DA:181,0
DA:182,0
DA:183,0
DA:186,0
DA:187,0
DA:190,0
DA:191,0
DA:194,0
DA:195,0
DA:198,0
DA:199,0
DA:202,0
DA:203,0
DA:206,0
DA:207,0
DA:210,0
DA:211,0
DA:212,0
DA:213,0
DA:216,0
DA:217,0
DA:218,0
DA:219,0
DA:221,0
DA:222,0
DA:224,0
DA:227,0
DA:228,0
DA:229,0
DA:230,0
DA:231,0
DA:232,0
DA:233,0
DA:244,0
DA:245,0
DA:246,0
DA:247,0
DA:248,0
DA:250,0
DA:251,0
DA:252,0
DA:255,0
DA:260,0
DA:261,0
DA:262,0
DA:263,0
DA:265,0
LF:63
LH:3
BRDA:148,0,0,0
BRDA:148,0,1,0
BRDA:150,1,0,0
BRDA:150,1,1,0
BRDA:218,2,0,0
BRDA:218,2,1,0
BRDA:221,3,0,0
BRDA:221,3,1,0
BRDA:244,4,0,0
BRDA:244,4,1,0
BRDA:246,5,0,0
BRDA:246,5,1,0
BRDA:261,6,0,0
BRDA:261,6,1,0
BRDA:261,7,0,0
BRDA:261,7,1,0
BRF:16
BRH:0
end_of_record
TN:
SF:/Users/zhupengcong/wallet/FiveToken-Wallet-Chrome-Extension/src/pages/send-fil/component/step-1.vue
FN:151,(anonymous_1)
FN:172,(anonymous_2)
FN:175,(anonymous_3)
FN:182,(anonymous_4)
FN:189,(anonymous_5)
FN:198,(anonymous_6)
FN:211,(anonymous_7)
FN:214,(anonymous_8)
FN:221,(anonymous_9)
FN:231,(anonymous_10)
FN:239,(anonymous_11)
FN:247,(anonymous_12)
FN:250,(anonymous_13)
FN:253,(anonymous_14)
FNF:14
FNH:0
FNDA:0,(anonymous_1)
FNDA:0,(anonymous_2)
FNDA:0,(anonymous_3)
FNDA:0,(anonymous_4)
FNDA:0,(anonymous_5)
FNDA:0,(anonymous_6)
FNDA:0,(anonymous_7)
FNDA:0,(anonymous_8)
FNDA:0,(anonymous_9)
FNDA:0,(anonymous_10)
FNDA:0,(anonymous_11)
FNDA:0,(anonymous_12)
FNDA:0,(anonymous_13)
FNDA:0,(anonymous_14)
DA:138,1
DA:139,1
DA:140,1
DA:141,1
DA:142,1
DA:152,0
DA:173,0
DA:176,0
DA:177,0
DA:178,0
DA:180,0
DA:183,0
DA:184,0
DA:185,0
DA:187,0
DA:190,0
DA:191,0
DA:192,0
DA:194,0
DA:199,0
DA:200,0
DA:201,0
DA:202,0
DA:203,0
DA:204,0
DA:206,0
DA:212,0
DA:215,0
DA:216,0
DA:222,0
DA:223,0
DA:224,0
DA:232,0
DA:240,0
DA:241,0
DA:242,0
DA:243,0
DA:245,0
DA:248,0
DA:251,0
DA:254,0
DA:255,0
DA:256,0
DA:257,0
DA:258,0
DA:259,0
DA:260,0
DA:262,0
DA:265,0
LF:49
LH:5
BRDA:173,0,0,0
BRDA:173,0,1,0
BRDA:177,1,0,0
BRDA:177,1,1,0
BRDA:184,2,0,0
BRDA:184,2,1,0
BRDA:191,3,0,0
BRDA:191,3,1,0
BRDA:199,4,0,0
BRDA:199,4,1,0
BRDA:241,5,0,0
BRDA:241,5,1,0
BRDA:241,6,0,0
BRDA:241,6,1,0
BRDA:254,7,0,0
BRDA:254,7,1,0
BRDA:258,8,0,0
BRDA:258,8,1,0
BRDA:259,9,0,0
BRDA:259,9,1,0
BRF:20
BRH:0
end_of_record
TN:
SF:/Users/zhupengcong/wallet/FiveToken-Wallet-Chrome-Extension/src/pages/send-fil/component/step-2.vue
FN:90,(anonymous_1)
FN:96,(anonymous_2)
FN:102,(anonymous_3)
FN:108,(anonymous_4)
FN:115,(anonymous_5)
FN:134,(anonymous_6)
FN:138,(anonymous_7)
FN:146,(anonymous_8)
FN:149,(anonymous_9)
FN:156,(anonymous_10)
FN:163,(anonymous_11)
FN:172,(anonymous_12)
FN:175,(anonymous_13)
FNF:13
FNH:0
FNDA:0,(anonymous_1)
FNDA:0,(anonymous_2)
FNDA:0,(anonymous_3)
FNDA:0,(anonymous_4)
FNDA:0,(anonymous_5)
FNDA:0,(anonymous_6)
FNDA:0,(anonymous_7)
FNDA:0,(anonymous_8)
FNDA:0,(anonymous_9)
FNDA:0,(anonymous_10)
FNDA:0,(anonymous_11)
FNDA:0,(anonymous_12)
FNDA:0,(anonymous_13)
DA:78,1
DA:79,1
DA:80,1
DA:91,0
DA:97,0
DA:98,0
DA:99,0
DA:100,0
DA:103,0
DA:104,0
DA:105,0
DA:106,0
DA:109,0
DA:110,0
DA:111,0
DA:112,0
DA:113,0
DA:116,0
DA:117,0
DA:119,0
DA:135,0
DA:136,0
DA:139,0
DA:140,0
DA:141,0
DA:142,0
DA:143,0
DA:144,0
DA:147,0
DA:150,0
DA:151,0
DA:152,0
DA:154,0
DA:157,0
DA:158,0
DA:159,0
DA:161,0
DA:164,0
DA:165,0
DA:166,0
DA:168,0
DA:173,0
DA:176,0
DA:177,0
DA:178,0
DA:179,0
DA:180,0
DA:181,0
DA:182,0
DA:187,0
DA:188,0
DA:194,0
DA:196,0
LF:53
LH:3
BRDA:116,0,0,0
BRDA:116,0,1,0
BRDA:147,1,0,0
BRDA:147,1,1,0
BRDA:151,2,0,0
BRDA:151,2,1,0
BRDA:158,3,0,0
BRDA:158,3,1,0
BRDA:165,4,0,0
BRDA:165,4,1,0
BRDA:176,5,0,0
BRDA:176,5,1,0
BRDA:177,6,0,0
BRDA:177,6,1,0
BRDA:178,7,0,0
BRDA:178,7,1,0
BRDA:179,8,0,0
BRDA:179,8,1,0
BRF:18
BRH:0
end_of_record
TN:
SF:/Users/zhupengcong/wallet/FiveToken-Wallet-Chrome-Extension/src/pages/setting/index.js
FN:20,(anonymous_0)
FNF:1
FNH:0
FNDA:0,(anonymous_0)
DA:8,0
DA:9,0
DA:10,0
DA:11,0
DA:12,0
DA:13,0
DA:15,0
DA:21,0
LF:8
LH:0
BRF:0
BRH:0
end_of_record
TN:
SF:/Users/zhupengcong/wallet/FiveToken-Wallet-Chrome-Extension/src/pages/setting-about/index.js
FN:19,(anonymous_0)
FNF:1
FNH:0
FNDA:0,(anonymous_0)
DA:8,0
DA:9,0
DA:10,0
DA:11,0
DA:12,0
DA:14,0
DA:20,0
LF:7
LH:0
BRF:0
BRH:0
end_of_record
TN:
SF:/Users/zhupengcong/wallet/FiveToken-Wallet-Chrome-Extension/src/pages/setting-about/component/index.vue
FN:25,(anonymous_1)
FN:31,(anonymous_2)
FN:35,(anonymous_3)
FN:38,(anonymous_4)
FN:41,(anonymous_5)
FN:47,(anonymous_6)
FNF:6
FNH:4
FNDA:1,(anonymous_1)
FNDA:1,(anonymous_2)
FNDA:1,(anonymous_3)
FNDA:1,(anonymous_4)
FNDA:0,(anonymous_5)
FNDA:0,(anonymous_6)
DA:22,1
DA:23,1
DA:26,1
DA:32,1
DA:36,1
DA:39,1
DA:42,0
DA:43,0
DA:45,0
DA:48,0
DA:49,0
DA:51,0
LF:12
LH:6
BRDA:43,0,0,0
BRDA:43,0,1,0
BRDA:49,1,0,0
BRDA:49,1,1,0
BRF:4
BRH:0
end_of_record
TN:
SF:/Users/zhupengcong/wallet/FiveToken-Wallet-Chrome-Extension/src/pages/setting-address/index.js
FN:25,(anonymous_0)
FNF:1
FNH:0
FNDA:0,(anonymous_0)
DA:8,0
DA:9,0
DA:10,0
DA:11,0
DA:12,0
DA:13,0
DA:14,0
DA:15,0
DA:16,0
DA:17,0
DA:18,0
DA:20,0
DA:26,0
LF:13
LH:0
BRF:0
BRH:0
end_of_record
TN:
SF:/Users/zhupengcong/wallet/FiveToken-Wallet-Chrome-Extension/src/pages/setting-address/component/address-form.vue
FN:60,(anonymous_1)
FN:74,(anonymous_2)
FN:83,(anonymous_3)
FN:86,(anonymous_4)
FN:92,(anonymous_5)
FN:101,(anonymous_6)
FN:106,(anonymous_7)
FN:110,(anonymous_8)
FN:123,(anonymous_9)
FN:126,(anonymous_10)
FN:129,(anonymous_11)
FN:136,(anonymous_12)
FN:139,(anonymous_13)
FN:152,(anonymous_14)
FN:158,(anonymous_15)
FN:174,(anonymous_16)
FN:196,(anonymous_17)
FN:200,(anonymous_18)
FN:205,(anonymous_19)
FN:210,(anonymous_20)
FN:212,(anonymous_21)
FNF:21
FNH:11
FNDA:1,(anonymous_1)
FNDA:1,(anonymous_2)
FNDA:1,(anonymous_3)
FNDA:1,(anonymous_4)
FNDA:1,(anonymous_5)
FNDA:1,(anonymous_6)
FNDA:0,(anonymous_7)
FNDA:0,(anonymous_8)
FNDA:1,(anonymous_9)
FNDA:0,(anonymous_10)
FNDA:0,(anonymous_11)
FNDA:1,(anonymous_12)
FNDA:1,(anonymous_13)
FNDA:1,(anonymous_14)
FNDA:0,(anonymous_15)
FNDA:0,(anonymous_16)
FNDA:1,(anonymous_17)
FNDA:0,(anonymous_18)
FNDA:0,(anonymous_19)
FNDA:0,(anonymous_20)
FNDA:0,(anonymous_21)
DA:44,2
DA:45,2
DA:46,2
DA:47,2
DA:48,2
DA:61,1
DA:75,1
DA:76,1
DA:77,0
DA:79,1
DA:81,1
DA:84,1
DA:85,1
DA:86,2
DA:87,1
DA:93,1
DA:94,0
DA:102,1
DA:103,1
DA:107,0
DA:108,0
DA:109,0
DA:110,0
DA:111,0
DA:114,0
DA:115,0
DA:116,0
DA:124,1
DA:127,0
DA:130,0
DA:131,0
DA:132,0
DA:133,0
DA:137,1
DA:140,1
DA:141,0
DA:142,0
DA:143,0
DA:145,0
DA:146,0
DA:149,1
DA:153,1
DA:154,1
DA:155,1
DA:156,0
DA:157,0
DA:158,0
DA:159,0
DA:169,0
DA:170,0
DA:171,0
DA:174,0
DA:175,0
DA:177,0
DA:178,0
DA:180,0
DA:191,0
DA:197,1
DA:198,1
DA:199,1
DA:200,1
DA:201,0
DA:206,0
DA:210,1
DA:213,0
LF:65
LH:29
BRDA:76,0,0,0
BRDA:76,0,1,1
BRDA:93,1,0,0
BRDA:93,1,1,1
BRDA:109,2,0,0
BRDA:109,2,1,0
BRDA:130,3,0,0
BRDA:130,3,1,0
BRDA:140,4,0,0
BRDA:140,4,1,1
BRDA:142,5,0,0
BRDA:142,5,1,0
BRDA:154,6,0,1
BRDA:154,6,1,1
BRDA:155,7,0,0
BRDA:155,7,1,1
BRDA:156,8,0,0
BRDA:156,8,1,0
BRDA:157,9,0,0
BRDA:157,9,1,0
BRDA:177,10,0,0
BRDA:177,10,1,0
BRF:22
BRH:6
end_of_record
TN:
SF:/Users/zhupengcong/wallet/FiveToken-Wallet-Chrome-Extension/src/pages/setting-address/component/address-list.vue
FN:43,(anonymous_1)
FN:53,(anonymous_2)
FN:62,(anonymous_3)
FN:65,(anonymous_4)
FN:68,(anonymous_5)
FN:71,(anonymous_6)
FN:74,(anonymous_7)
FNF:7
FNH:5
FNDA:1,(anonymous_1)
FNDA:0,(anonymous_2)
FNDA:1,(anonymous_3)
FNDA:1,(anonymous_4)
FNDA:1,(anonymous_5)
FNDA:0,(anonymous_6)
FNDA:1,(anonymous_7)
DA:36,2
DA:44,1
DA:54,0
DA:55,0
DA:57,0
DA:63,1
DA:66,1
DA:69,1
DA:72,0
DA:75,1
LF:10
LH:6
BRDA:54,0,0,0
BRDA:54,0,1,0
BRF:2
BRH:0
end_of_record
TN:
SF:/Users/zhupengcong/wallet/FiveToken-Wallet-Chrome-Extension/src/pages/setting-address/component/delete-address.vue
FN:22,(anonymous_1)
FN:26,(anonymous_2)
FN:29,(anonymous_3)
FNF:3
FNH:3
FNDA:1,(anonymous_1)
FNDA:1,(anonymous_2)
FNDA:1,(anonymous_3)
DA:23,1
DA:27,1
DA:30,1
LF:3
LH:3
BRF:0
BRH:0
end_of_record
TN:
SF:/Users/zhupengcong/wallet/FiveToken-Wallet-Chrome-Extension/src/pages/setting-address/component/index.vue
FN:37,(anonymous_1)
FN:51,(anonymous_2)
FN:59,(anonymous_3)
FN:65,(anonymous_4)
FN:73,(anonymous_5)
FN:77,(anonymous_6)
FN:82,(anonymous_7)
FN:86,(anonymous_8)
FN:90,(anonymous_9)
FN:95,(anonymous_10)
FN:99,(anonymous_11)
FNF:11
FNH:6
FNDA:1,(anonymous_1)
FNDA:1,(anonymous_2)
FNDA:1,(anonymous_3)
FNDA:0,(anonymous_4)
FNDA:0,(anonymous_5)
FNDA:0,(anonymous_6)
FNDA:1,(anonymous_7)
FNDA:1,(anonymous_8)
FNDA:0,(anonymous_9)
FNDA:1,(anonymous_10)
FNDA:0,(anonymous_11)
DA:27,1
DA:28,1
DA:29,1
DA:30,1
DA:31,1
DA:38,1
DA:52,1
DA:53,1
DA:54,1
DA:55,1
DA:60,1
DA:61,1
DA:62,1
DA:63,1
DA:64,1
DA:65,0
DA:66,0
DA:68,0
DA:71,1
DA:72,1
DA:73,0
DA:74,0
DA:78,0
DA:79,0
DA:80,0
DA:83,1
DA:84,1
DA:87,1
DA:88,1
DA:89,1
DA:90,1
DA:91,1
DA:93,1
DA:96,1
DA:97,1
DA:98,1
DA:99,1
DA:100,1
DA:102,1
LF:39
LH:31
BRDA:53,0,0,1
BRDA:53,0,1,0
BRDA:64,1,0,0
BRDA:64,1,1,1
BRDA:66,2,0,0
BRDA:66,2,1,0
BRDA:72,3,0,0
BRDA:72,3,1,1
BRDA:88,4,0,1
BRDA:88,4,1,1
BRDA:89,5,0,1
BRDA:89,5,1,0
BRDA:97,6,0,1
BRDA:97,6,1,1
BRDA:98,7,0,1
BRDA:98,7,1,0
BRF:16
BRH:9
end_of_record
TN:
SF:/Users/zhupengcong/wallet/FiveToken-Wallet-Chrome-Extension/src/pages/setting-backups/index.js
FN:25,(anonymous_0)
FNF:1
FNH:0
FNDA:0,(anonymous_0)
DA:8,0
DA:9,0
DA:10,0
DA:11,0
DA:12,0
DA:13,0
DA:14,0
DA:15,0
DA:16,0
DA:18,0
DA:20,0
DA:26,0
LF:12
LH:0
BRF:0
BRH:0
end_of_record
TN:
SF:/Users/zhupengcong/wallet/FiveToken-Wallet-Chrome-Extension/src/pages/setting-backups/component/index.vue
FN:84,(anonymous_1)
FN:107,(anonymous_2)
FN:117,(anonymous_3)
FN:128,(anonymous_4)
FN:131,(anonymous_5)
FN:134,(anonymous_6)
FN:137,(anonymous_7)
FN:140,(anonymous_8)
FN:166,(anonymous_9)
FNF:9
FNH:7
FNDA:1,(anonymous_1)
FNDA:0,(anonymous_2)
FNDA:1,(anonymous_3)
FNDA:0,(anonymous_4)
FNDA:1,(anonymous_5)
FNDA:1,(anonymous_6)
FNDA:1,(anonymous_7)
FNDA:1,(anonymous_8)
FNDA:1,(anonymous_9)
DA:77,1
DA:78,1
DA:79,1
DA:80,1
DA:81,1
DA:82,1
DA:85,1
DA:108,0
DA:109,0
DA:110,0
DA:112,0
DA:114,0
DA:118,1
DA:119,1
DA:120,1
DA:121,1
DA:122,1
DA:123,0
DA:124,0
DA:129,0
DA:132,1
DA:135,1
DA:138,1
DA:141,1
DA:142,0
DA:144,1
DA:145,1
DA:146,1
DA:147,0
DA:148,0
DA:149,0
DA:150,0
DA:151,0
DA:152,0
DA:153,0
DA:156,0
DA:157,0
DA:158,0
DA:159,0
DA:163,1
DA:167,1
LF:41
LH:21
BRDA:109,0,0,0
BRDA:109,0,1,0
BRDA:122,1,0,0
BRDA:122,1,1,1
BRDA:138,2,0,1
BRDA:138,2,1,0
BRDA:141,3,0,0
BRDA:141,3,1,1
BRDA:146,4,0,0
BRDA:146,4,1,1
BRDA:148,5,0,0
BRDA:148,5,1,0
BRDA:151,6,0,0
BRDA:151,6,1,0
BRDA:158,7,0,0
BRDA:158,7,1,0
BRF:16
BRH:4
end_of_record
TN:
SF:/Users/zhupengcong/wallet/FiveToken-Wallet-Chrome-Extension/src/pages/setting-networks/index.js
FN:25,(anonymous_0)
FNF:1
FNH:0
FNDA:0,(anonymous_0)
DA:8,0
DA:9,0
DA:10,0
DA:11,0
DA:12,0
DA:13,0
DA:14,0
DA:15,0
DA:16,0
DA:17,0
DA:18,0
DA:20,0
DA:26,0
LF:13
LH:0
BRF:0
BRH:0
end_of_record
TN:
SF:/Users/zhupengcong/wallet/FiveToken-Wallet-Chrome-Extension/src/pages/setting-networks/component/delete-network.vue
FN:22,(anonymous_1)
FN:26,(anonymous_2)
FN:29,(anonymous_3)
FNF:3
FNH:3
FNDA:1,(anonymous_1)
FNDA:1,(anonymous_2)
FNDA:1,(anonymous_3)
DA:23,1
DA:27,1
DA:30,1
LF:3
LH:3
BRF:0
BRH:0
end_of_record
TN:
SF:/Users/zhupengcong/wallet/FiveToken-Wallet-Chrome-Extension/src/pages/setting-networks/component/index.vue
FN:27,(anonymous_1)
FN:40,(anonymous_2)
FN:47,(anonymous_3)
FN:52,(anonymous_4)
FN:57,(anonymous_5)
FN:64,(anonymous_6)
FNF:6
FNH:6
FNDA:1,(anonymous_1)
FNDA:1,(anonymous_2)
FNDA:1,(anonymous_3)
FNDA:1,(anonymous_4)
FNDA:1,(anonymous_5)
FNDA:1,(anonymous_6)
DA:23,1
DA:24,1
DA:25,1
DA:28,1
DA:41,1
DA:42,1
DA:43,1
DA:44,1
DA:48,1
DA:49,1
DA:50,1
DA:53,1
DA:54,1
DA:55,1
DA:58,1
DA:59,1
DA:60,1
DA:62,1
DA:65,1
DA:66,1
DA:67,1
DA:69,1
LF:22
LH:22
BRDA:59,0,0,1
BRDA:59,0,1,0
BRDA:66,1,0,1
BRDA:66,1,1,0
BRF:4
BRH:2
end_of_record
TN:
SF:/Users/zhupengcong/wallet/FiveToken-Wallet-Chrome-Extension/src/pages/setting-networks/component/networks-form.vue
FN:64,(anonymous_1)
FN:88,(anonymous_2)
FN:101,(anonymous_3)
FN:107,(anonymous_4)
FN:117,(anonymous_5)
FN:122,(anonymous_6)
FN:133,(anonymous_7)
FN:150,(anonymous_8)
FN:154,(anonymous_9)
FN:169,(anonymous_10)
FN:176,(anonymous_11)
FN:185,(anonymous_12)
FN:188,(anonymous_13)
FN:191,(anonymous_14)
FN:194,(anonymous_15)
FN:198,(anonymous_16)
FN:246,(anonymous_17)
FN:276,(anonymous_18)
FNF:18
FNH:13
FNDA:1,(anonymous_1)
FNDA:1,(anonymous_2)
FNDA:1,(anonymous_3)
FNDA:1,(anonymous_4)
FNDA:1,(anonymous_5)
FNDA:2,(anonymous_6)
FNDA:0,(anonymous_7)
FNDA:6,(anonymous_8)
FNDA:2,(anonymous_9)
FNDA:0,(anonymous_10)
FNDA:0,(anonymous_11)
FNDA:1,(anonymous_12)
FNDA:1,(anonymous_13)
FNDA:1,(anonymous_14)
FNDA:1,(anonymous_15)
FNDA:3,(anonymous_16)
FNDA:0,(anonymous_17)
FNDA:0,(anonymous_18)
DA:51,2
DA:52,2
DA:53,2
DA:54,2
DA:65,1
DA:89,1
DA:90,1
DA:91,0
DA:93,1
DA:94,0
DA:96,1
DA:99,1
DA:102,1
DA:108,1
DA:109,0
DA:110,0
DA:118,1
DA:119,1
DA:123,2
DA:124,2
DA:125,2
DA:126,2
DA:127,2
DA:128,0
DA:129,0
DA:130,0
DA:131,0
DA:132,0
DA:133,0
DA:134,0
DA:135,0
DA:136,0
DA:137,0
DA:138,0
DA:146,0
DA:149,2
DA:150,8
DA:151,2
DA:153,2
DA:154,4
DA:155,2
DA:157,2
DA:158,2
DA:159,2
DA:166,0
DA:170,0
DA:171,0
DA:172,0
DA:173,0
DA:174,0
DA:175,0
DA:176,0
DA:177,0
DA:178,0
DA:179,0
DA:183,0
DA:186,1
DA:189,1
DA:192,1
DA:195,1
DA:196,1
DA:197,1
DA:198,1
DA:199,3
DA:201,1
DA:202,0
DA:203,0
DA:207,1
DA:208,0
DA:209,0
DA:210,0
DA:211,0
DA:212,0
DA:213,0
DA:214,0
DA:215,0
DA:216,0
DA:218,0
DA:219,0
DA:221,0
DA:222,0
DA:223,0
DA:224,0
DA:227,0
DA:228,0
DA:245,0
DA:246,0
DA:247,0
DA:268,0
DA:269,0
DA:270,0
DA:272,0
DA:273,0
DA:277,0
DA:278,0
LF:95
LH:38
BRDA:90,0,0,0
BRDA:90,0,1,1
BRDA:93,1,0,0
BRDA:93,1,1,1
BRDA:102,2,0,1
BRDA:102,2,1,0
BRDA:102,2,2,0
BRDA:102,2,3,0
BRDA:102,2,4,0
BRDA:108,3,0,0
BRDA:108,3,1,1
BRDA:127,4,0,0
BRDA:127,4,1,2
BRDA:130,5,0,0
BRDA:130,5,1,0
BRDA:132,6,0,0
BRDA:132,6,1,0
BRDA:134,7,0,0
BRDA:134,7,1,0
BRDA:149,8,0,2
BRDA:149,8,1,0
BRDA:153,9,0,2
BRDA:153,9,1,0
BRDA:174,10,0,0
BRDA:174,10,1,0
BRDA:177,11,0,0
BRDA:177,11,1,0
BRDA:196,12,0,1
BRDA:196,12,1,0
BRDA:197,13,0,1
BRDA:197,13,1,0
BRDA:201,14,0,0
BRDA:201,14,1,1
BRDA:207,15,0,0
BRDA:207,15,1,1
BRDA:213,16,0,0
BRDA:213,16,1,0
BRDA:213,17,0,0
BRDA:213,17,1,0
BRDA:215,18,0,0
BRDA:215,18,1,0
BRDA:218,19,0,0
BRDA:218,19,1,0
BRDA:223,20,0,0
BRDA:223,20,1,0
BRDA:227,21,0,0
BRDA:227,21,1,0
BRDA:245,22,0,0
BRDA:245,22,1,0
BRDA:277,23,0,0
BRDA:277,23,1,0
BRF:51
BRH:11
end_of_record
TN:
SF:/Users/zhupengcong/wallet/FiveToken-Wallet-Chrome-Extension/src/pages/setting-networks/component/networks-list.vue
FN:26,(anonymous_1)
FN:38,(anonymous_2)
FN:41,(anonymous_3)
FN:44,(anonymous_4)
FN:47,(anonymous_5)
FNF:5
FNH:5
FNDA:1,(anonymous_1)
FNDA:1,(anonymous_2)
FNDA:1,(anonymous_3)
FNDA:1,(anonymous_4)
FNDA:1,(anonymous_5)
DA:24,2
DA:27,1
DA:39,1
DA:42,1
DA:45,1
DA:48,1
LF:6
LH:6
BRF:0
BRH:0
end_of_record
TN:
SF:/Users/zhupengcong/wallet/FiveToken-Wallet-Chrome-Extension/src/pages/setting-password/index.js
FN:26,(anonymous_0)
FNF:1
FNH:0
FNDA:0,(anonymous_0)
DA:8,0
DA:9,0
DA:10,0
DA:11,0
DA:12,0
DA:13,0
DA:14,0
DA:15,0
DA:16,0
DA:17,0
DA:18,0
DA:19,0
DA:21,0
DA:27,0
LF:14
LH:0
BRF:0
BRH:0
end_of_record
TN:
SF:/Users/zhupengcong/wallet/FiveToken-Wallet-Chrome-Extension/src/pages/setting-password/component/index.vue
FN:68,(anonymous_1)
FN:91,(anonymous_2)
FN:93,(anonymous_3)
FN:99,(anonymous_4)
FN:103,(anonymous_5)
FN:105,(anonymous_6)
FN:108,(anonymous_7)
FN:111,(anonymous_8)
FN:114,(anonymous_9)
FN:117,(anonymous_10)
FN:121,(anonymous_11)
FN:124,(anonymous_12)
FN:130,(anonymous_13)
FN:162,(anonymous_14)
FN:177,(anonymous_15)
FN:207,(anonymous_16)
FN:210,(anonymous_17)
FN:213,(anonymous_18)
FNF:18
FNH:16
FNDA:1,(anonymous_1)
FNDA:2,(anonymous_2)
FNDA:4,(anonymous_3)
FNDA:1,(anonymous_4)
FNDA:0,(anonymous_5)
FNDA:1,(anonymous_6)
FNDA:1,(anonymous_7)
FNDA:1,(anonymous_8)
FNDA:1,(anonymous_9)
FNDA:1,(anonymous_10)
FNDA:1,(anonymous_11)
FNDA:2,(anonymous_12)
FNDA:1,(anonymous_13)
FNDA:1,(anonymous_14)
FNDA:0,(anonymous_15)
FNDA:1,(anonymous_16)
FNDA:1,(anonymous_17)
FNDA:1,(anonymous_18)
DA:62,1
DA:63,1
DA:64,1
DA:65,1
DA:66,1
DA:69,1
DA:92,2
DA:93,2
DA:94,4
DA:96,2
DA:100,1
DA:106,1
DA:109,1
DA:112,1
DA:115,1
DA:118,1
DA:119,1
DA:122,1
DA:125,2
DA:126,2
DA:127,2
DA:128,2
DA:131,1
DA:132,1
DA:133,1
DA:134,1
DA:136,0
DA:138,0
DA:139,0
DA:140,0
DA:142,0
DA:144,0
DA:145,0
DA:146,0
DA:148,0
DA:150,0
DA:151,0
DA:152,0
DA:153,0
DA:154,0
DA:156,0
DA:157,0
DA:158,0
DA:160,0
DA:163,1
DA:164,1
DA:165,1
DA:166,1
DA:167,0
DA:168,0
DA:169,0
DA:170,0
DA:171,0
DA:172,0
DA:173,0
DA:174,0
DA:175,0
DA:176,0
DA:177,0
DA:178,0
DA:179,0
DA:180,0
DA:181,0
DA:192,0
DA:196,0
DA:197,0
DA:198,0
DA:199,0
DA:201,0
DA:202,0
DA:208,1
DA:211,1
DA:214,1
LF:73
LH:33
BRDA:106,0,0,1
BRDA:106,0,1,0
BRDA:109,1,0,1
BRDA:109,1,1,0
BRDA:112,2,0,1
BRDA:112,2,1,0
BRDA:132,3,0,1
BRDA:132,3,1,0
BRDA:138,4,0,0
BRDA:138,4,1,0
BRDA:144,5,0,0
BRDA:144,5,1,0
BRDA:150,6,0,0
BRDA:150,6,1,0
BRDA:163,7,0,1
BRDA:163,7,1,0
BRDA:166,8,0,0
BRDA:166,8,1,1
BRDA:174,9,0,0
BRDA:174,9,1,0
BRF:20
BRH:6
end_of_record
TN:
SF:/Users/zhupengcong/wallet/FiveToken-Wallet-Chrome-Extension/src/pages/setting/component/currency.vue
FN:20,(anonymous_1)
FN:29,(anonymous_2)
FN:32,(anonymous_3)
FNF:3
FNH:0
FNDA:0,(anonymous_1)
FNDA:0,(anonymous_2)
FNDA:0,(anonymous_3)
DA:18,1
DA:21,0
DA:30,0
DA:33,0
LF:4
LH:1
BRF:0
BRH:0
end_of_record
TN:
SF:/Users/zhupengcong/wallet/FiveToken-Wallet-Chrome-Extension/src/pages/setting/component/index.vue
FN:67,(anonymous_1)
FN:77,(anonymous_2)
FN:89,(anonymous_3)
FN:104,(anonymous_4)
FN:116,(anonymous_5)
FN:119,(anonymous_6)
FN:125,(anonymous_7)
FN:128,(anonymous_8)
FN:143,(anonymous_9)
FNF:9
FNH:8
FNDA:1,(anonymous_1)
FNDA:1,(anonymous_2)
FNDA:1,(anonymous_3)
FNDA:1,(anonymous_4)
FNDA:1,(anonymous_5)
FNDA:1,(anonymous_6)
FNDA:1,(anonymous_7)
FNDA:0,(anonymous_8)
FNDA:1,(anonymous_9)
DA:58,1
DA:59,1
DA:60,1
DA:61,1
DA:68,1
DA:78,1
DA:79,1
DA:84,1
DA:85,0
DA:87,1
DA:90,1
DA:91,1
DA:98,1
DA:99,0
DA:101,1
DA:105,1
DA:106,1
DA:107,1
DA:108,1
DA:117,1
DA:120,1
DA:121,1
DA:122,1
DA:123,1
DA:126,1
DA:129,0
DA:130,0
DA:131,0
DA:132,0
DA:133,0
DA:135,0
DA:136,0
DA:137,0
DA:138,0
DA:139,0
DA:140,0
DA:144,1
LF:37
LH:24
BRDA:84,0,0,0
BRDA:84,0,1,1
BRDA:98,1,0,0
BRDA:98,1,1,1
BRDA:137,2,0,0
BRDA:137,2,1,0
BRF:6
BRH:2
end_of_record
TN:
SF:/Users/zhupengcong/wallet/FiveToken-Wallet-Chrome-Extension/src/pages/setting/component/language.vue
FN:20,(anonymous_1)
FN:29,(anonymous_2)
FN:32,(anonymous_3)
FNF:3
FNH:0
FNDA:0,(anonymous_1)
FNDA:0,(anonymous_2)
FNDA:0,(anonymous_3)
DA:18,1
DA:21,0
DA:30,0
DA:33,0
LF:4
LH:1
BRF:0
BRH:0
end_of_record
TN:
SF:/Users/zhupengcong/wallet/FiveToken-Wallet-Chrome-Extension/src/pages/wallet/index.js
FN:29,(anonymous_0)
FNF:1
FNH:0
FNDA:0,(anonymous_0)
DA:8,0
DA:9,0
DA:10,0
DA:11,0
DA:12,0
DA:13,0
DA:14,0
DA:15,0
DA:16,0
DA:17,0
DA:18,0
DA:19,0
DA:20,0
DA:21,0
DA:22,0
DA:24,0
DA:30,0
LF:17
LH:0
BRF:0
BRH:0
end_of_record
TN:
SF:/Users/zhupengcong/wallet/FiveToken-Wallet-Chrome-Extension/src/pages/wallet/component/delete-user.vue
FN:36,(anonymous_1)
FN:45,(anonymous_2)
FN:50,(anonymous_3)
FN:53,(anonymous_4)
FN:56,(anonymous_5)
FN:64,(anonymous_6)
FNF:6
FNH:0
FNDA:0,(anonymous_1)
FNDA:0,(anonymous_2)
FNDA:0,(anonymous_3)
FNDA:0,(anonymous_4)
FNDA:0,(anonymous_5)
FNDA:0,(anonymous_6)
DA:33,2
DA:34,2
DA:37,0
DA:46,0
DA:51,0
DA:54,0
DA:57,0
DA:58,0
DA:59,0
DA:60,0
DA:65,0
LF:11
LH:2
BRDA:54,0,0,0
BRDA:54,0,1,0
BRDA:57,1,0,0
BRDA:57,1,1,0
BRDA:59,2,0,0
BRDA:59,2,1,0
BRF:6
BRH:0
end_of_record
TN:
SF:/Users/zhupengcong/wallet/FiveToken-Wallet-Chrome-Extension/src/pages/wallet/component/edit-name.vue
FN:29,(anonymous_1)
FN:33,(anonymous_2)
FN:38,(anonymous_3)
FN:41,(anonymous_4)
FN:44,(anonymous_5)
FNF:5
FNH:0
FNDA:0,(anonymous_1)
FNDA:0,(anonymous_2)
FNDA:0,(anonymous_3)
FNDA:0,(anonymous_4)
FNDA:0,(anonymous_5)
DA:30,0
DA:34,0
DA:39,0
DA:42,0
DA:45,0
LF:5
LH:0
BRF:0
BRH:0
end_of_record
TN:
SF:/Users/zhupengcong/wallet/FiveToken-Wallet-Chrome-Extension/src/pages/wallet/component/index.vue
FN:131,(anonymous_1)
FN:169,(anonymous_2)
FN:180,(anonymous_3)
FN:195,(anonymous_4)
FN:199,(anonymous_5)
FN:203,(anonymous_6)
FN:207,(anonymous_7)
FN:212,(anonymous_8)
FN:220,(anonymous_9)
FN:243,(anonymous_10)
FN:247,(anonymous_11)
FN:254,(anonymous_12)
FN:269,(anonymous_13)
FN:275,(anonymous_14)
FN:284,(anonymous_15)
FN:296,(anonymous_16)
FN:298,(anonymous_17)
FN:309,(anonymous_18)
FN:323,(anonymous_19)
FN:327,(anonymous_20)
FN:341,(anonymous_21)
FN:345,(anonymous_22)
FN:363,(anonymous_23)
FN:377,(anonymous_24)
FN:380,(anonymous_25)
FN:384,(anonymous_26)
FN:385,(anonymous_27)
FN:390,(anonymous_28)
FN:398,(anonymous_29)
FN:402,(anonymous_30)
FN:403,(anonymous_31)
FN:406,(anonymous_32)
FN:407,(anonymous_33)
FN:418,(anonymous_34)
FN:422,(anonymous_35)
FN:431,(anonymous_36)
FN:435,(anonymous_37)
FN:440,(anonymous_38)
FN:444,(anonymous_39)
FN:462,(anonymous_40)
FN:465,(anonymous_41)
FN:468,(anonymous_42)
FN:474,(anonymous_43)
FN:475,(anonymous_44)
FN:495,(anonymous_45)
FN:503,(anonymous_46)
FN:506,(anonymous_47)
FN:520,(anonymous_48)
FNF:48
FNH:10
FNDA:1,(anonymous_1)
FNDA:1,(anonymous_2)
FNDA:1,(anonymous_3)
FNDA:1,(anonymous_4)
FNDA:1,(anonymous_5)
FNDA:2,(anonymous_6)
FNDA:1,(anonymous_7)
FNDA:0,(anonymous_8)
FNDA:0,(anonymous_9)
FNDA:1,(anonymous_10)
FNDA:0,(anonymous_11)
FNDA:0,(anonymous_12)
FNDA:0,(anonymous_13)
FNDA:0,(anonymous_14)
FNDA:0,(anonymous_15)
FNDA:0,(anonymous_16)
FNDA:0,(anonymous_17)
FNDA:0,(anonymous_18)
FNDA:0,(anonymous_19)
FNDA:0,(anonymous_20)
FNDA:0,(anonymous_21)
FNDA:1,(anonymous_22)
FNDA:0,(anonymous_23)
FNDA:0,(anonymous_24)
FNDA:0,(anonymous_25)
FNDA:1,(anonymous_26)
FNDA:0,(anonymous_27)
FNDA:0,(anonymous_28)
FNDA:0,(anonymous_29)
FNDA:0,(anonymous_30)
FNDA:0,(anonymous_31)
FNDA:0,(anonymous_32)
FNDA:0,(anonymous_33)
FNDA:0,(anonymous_34)
FNDA:0,(anonymous_35)
FNDA:0,(anonymous_36)
FNDA:0,(anonymous_37)
FNDA:0,(anonymous_38)
FNDA:0,(anonymous_39)
FNDA:0,(anonymous_40)
FNDA:0,(anonymous_41)
FNDA:0,(anonymous_42)
FNDA:0,(anonymous_43)
FNDA:0,(anonymous_44)
FNDA:0,(anonymous_45)
FNDA:0,(anonymous_46)
FNDA:0,(anonymous_47)
FNDA:0,(anonymous_48)
DA:106,2
DA:107,2
DA:108,2
DA:109,2
DA:110,2
DA:111,2
DA:112,2
DA:113,2
DA:114,2
DA:115,2
DA:116,2
DA:117,2
DA:118,2
DA:119,2
DA:120,2
DA:132,1
DA:170,1
DA:171,1
DA:172,1
DA:173,1
DA:181,1
DA:182,1
DA:183,1
DA:184,1
DA:185,1
DA:186,0
DA:187,0
DA:188,0
DA:189,0
DA:190,0
DA:192,0
DA:196,1
DA:197,1
DA:200,1
DA:201,1
DA:204,2
DA:205,2
DA:208,1
DA:209,1
DA:213,0
DA:214,0
DA:215,0
DA:216,0
DA:217,0
DA:218,0
DA:219,0
DA:220,0
DA:221,0
DA:223,0
DA:233,0
DA:240,0
DA:244,1
DA:245,1
DA:248,0
DA:249,0
DA:250,0
DA:251,0
DA:252,0
DA:253,0
DA:254,0
DA:255,0
DA:256,0
DA:257,0
DA:261,0
DA:270,0
DA:271,0
DA:272,0
DA:273,0
DA:274,0
DA:275,0
DA:276,0
DA:278,0
DA:284,0
DA:285,0
DA:287,0
DA:293,0
DA:294,0
DA:295,0
DA:296,0
DA:297,0
DA:298,0
DA:299,0
DA:301,0
DA:302,0
DA:304,0
DA:305,0
DA:306,0
DA:307,0
DA:308,0
DA:309,0
DA:310,0
DA:311,0
DA:312,0
DA:316,0
DA:324,0
DA:328,0
DA:329,0
DA:330,0
DA:331,0
DA:332,0
DA:333,0
DA:334,0
DA:335,0
DA:337,0
DA:342,0
DA:346,1
DA:347,1
DA:348,1
DA:349,1
DA:350,1
DA:351,1
DA:352,1
DA:353,1
DA:354,0
DA:355,0
DA:356,0
DA:362,0
DA:363,0
DA:364,0
DA:367,0
DA:378,0
DA:381,0
DA:385,1
DA:386,0
DA:391,0
DA:392,0
DA:393,0
DA:394,0
DA:395,0
DA:396,0
DA:397,0
DA:398,0
DA:399,0
DA:402,0
DA:403,0
DA:404,0
DA:406,0
DA:407,0
DA:408,0
DA:410,0
DA:415,0
DA:419,0
DA:420,0
DA:421,0
DA:422,0
DA:423,0
DA:425,0
DA:427,0
DA:432,0
DA:433,0
DA:434,0
DA:435,0
DA:436,0
DA:438,0
DA:439,0
DA:440,0
DA:441,0
DA:442,0
DA:444,0
DA:445,0
DA:446,0
DA:447,0
DA:453,0
DA:456,0
DA:459,0
DA:463,0
DA:464,0
DA:465,0
DA:466,0
DA:468,0
DA:470,0
DA:471,0
DA:472,0
DA:474,0
DA:475,0
DA:476,0
DA:491,0
DA:496,0
DA:497,0
DA:498,0
DA:499,0
DA:500,0
DA:504,0
DA:505,0
DA:506,0
DA:507,0
DA:509,0
DA:510,0
DA:511,0
DA:512,0
DA:513,0
DA:515,0
DA:519,0
DA:520,0
DA:521,0
DA:524,0
LF:196
LH:44
BRDA:214,0,0,0
BRDA:214,0,1,0
BRDA:221,1,0,0
BRDA:221,1,1,0
BRDA:252,2,0,0
BRDA:252,2,1,0
BRDA:255,3,0,0
BRDA:255,3,1,0
BRDA:273,4,0,0
BRDA:273,4,1,0
BRDA:295,5,0,0
BRDA:295,5,1,0
BRDA:297,6,0,0
BRDA:297,6,1,0
BRDA:305,7,0,0
BRDA:305,7,1,0
BRDA:308,8,0,0
BRDA:308,8,1,0
BRDA:310,9,0,0
BRDA:310,9,1,0
BRDA:328,10,0,0
BRDA:328,10,1,0
BRDA:334,11,0,0
BRDA:334,11,1,0
BRDA:354,12,0,0
BRDA:354,12,1,0
BRDA:364,13,0,0
BRDA:364,13,1,0
BRDA:397,14,0,0
BRDA:397,14,1,0
BRDA:399,15,0,0
BRDA:399,15,1,0
BRDA:399,15,2,0
BRDA:399,15,3,0
BRDA:420,16,0,0
BRDA:420,16,1,0
BRDA:423,17,0,0
BRDA:423,17,1,0
BRDA:423,17,2,0
BRDA:423,17,3,0
BRDA:432,18,0,0
BRDA:432,18,1,0
BRDA:434,19,0,0
BRDA:434,19,1,0
BRDA:436,20,0,0
BRDA:436,20,1,0
BRDA:464,21,0,0
BRDA:464,21,1,0
BRDA:466,22,0,0
BRDA:466,22,1,0
BRDA:466,22,2,0
BRDA:470,23,0,0
BRDA:470,23,1,0
BRDA:472,24,0,0
BRDA:472,24,1,0
BRDA:505,25,0,0
BRDA:505,25,1,0
BRDA:507,26,0,0
BRDA:507,26,1,0
BRDA:512,27,0,0
BRDA:512,27,1,0
BRDA:519,28,0,0
BRDA:519,28,1,0
BRDA:521,29,0,0
BRDA:521,29,1,0
BRF:65
BRH:0
end_of_record
TN:
SF:/Users/zhupengcong/wallet/FiveToken-Wallet-Chrome-Extension/src/pages/wallet/component/receive.vue
FN:37,(anonymous_1)
FN:44,(anonymous_2)
FN:47,(anonymous_3)
FN:51,(anonymous_4)
FN:56,(anonymous_5)
FN:61,(anonymous_6)
FNF:6
FNH:0
FNDA:0,(anonymous_1)
FNDA:0,(anonymous_2)
FNDA:0,(anonymous_3)
FNDA:0,(anonymous_4)
FNDA:0,(anonymous_5)
FNDA:0,(anonymous_6)
DA:30,2
DA:38,0
DA:45,0
DA:48,0
DA:49,0
DA:50,0
DA:51,0
DA:52,0
DA:57,0
DA:61,0
LF:10
LH:1
BRF:0
BRH:0
end_of_record
TN:
SF:/Users/zhupengcong/wallet/FiveToken-Wallet-Chrome-Extension/src/pages/wallet/component/token.vue
FN:61,(anonymous_1)
FN:71,(anonymous_2)
FN:79,(anonymous_3)
FN:82,(anonymous_4)
FN:85,(anonymous_5)
FN:88,(anonymous_6)
FNF:6
FNH:0
FNDA:0,(anonymous_1)
FNDA:0,(anonymous_2)
FNDA:0,(anonymous_3)
FNDA:0,(anonymous_4)
FNDA:0,(anonymous_5)
FNDA:0,(anonymous_6)
DA:42,2
DA:43,2
DA:44,2
DA:45,2
DA:62,0
DA:72,0
DA:73,0
DA:74,0
DA:75,0
DA:80,0
DA:83,0
DA:86,0
DA:89,0
DA:92,0
DA:93,0
LF:15
LH:4
BRF:0
BRH:0
end_of_record
TN:
SF:/Users/zhupengcong/wallet/FiveToken-Wallet-Chrome-Extension/src/pages/wallet/component/top.vue
FN:63,(anonymous_1)
FN:75,(anonymous_2)
FN:82,(anonymous_3)
FN:92,(anonymous_4)
FN:112,(anonymous_5)
FN:119,(anonymous_6)
FN:122,(anonymous_7)
FN:125,(anonymous_8)
FN:127,(anonymous_9)
FN:133,(anonymous_10)
FN:154,(anonymous_11)
FN:168,(anonymous_12)
FN:171,(anonymous_13)
FN:174,(anonymous_14)
FN:178,(anonymous_15)
FN:183,(anonymous_16)
FN:188,(anonymous_17)
FNF:17
FNH:0
FNDA:0,(anonymous_1)
FNDA:0,(anonymous_2)
FNDA:0,(anonymous_3)
FNDA:0,(anonymous_4)
FNDA:0,(anonymous_5)
FNDA:0,(anonymous_6)
FNDA:0,(anonymous_7)
FNDA:0,(anonymous_8)
FNDA:0,(anonymous_9)
FNDA:0,(anonymous_10)
FNDA:0,(anonymous_11)
FNDA:0,(anonymous_12)
FNDA:0,(anonymous_13)
FNDA:0,(anonymous_14)
FNDA:0,(anonymous_15)
FNDA:0,(anonymous_16)
FNDA:0,(anonymous_17)
DA:53,2
DA:54,2
DA:55,2
DA:56,2
DA:57,2
DA:64,0
DA:76,0
DA:77,0
DA:79,0
DA:83,0
DA:84,0
DA:85,0
DA:86,0
DA:87,0
DA:89,0
DA:93,0
DA:94,0
DA:96,0
DA:113,0
DA:120,0
DA:123,0
DA:126,0
DA:127,0
DA:128,0
DA:129,0
DA:134,0
DA:135,0
DA:137,0
DA:138,0
DA:139,0
DA:141,0
DA:142,0
DA:143,0
DA:145,0
DA:146,0
DA:147,0
DA:149,0
DA:150,0
DA:151,0
DA:155,0
DA:156,0
DA:157,0
DA:158,0
DA:159,0
DA:161,0
DA:162,0
DA:165,0
DA:169,0
DA:172,0
DA:175,0
DA:176,0
DA:177,0
DA:178,0
DA:179,0
DA:184,0
DA:188,0
LF:56
LH:5
BRDA:76,0,0,0
BRDA:76,0,1,0
BRDA:83,1,0,0
BRDA:83,1,1,0
BRDA:93,2,0,0
BRDA:93,2,1,0
BRDA:128,3,0,0
BRDA:128,3,1,0
BRDA:128,4,0,0
BRDA:128,4,1,0
BRDA:136,5,0,0
BRDA:136,5,1,0
BRDA:136,5,2,0
BRDA:136,5,3,0
BRDA:155,6,0,0
BRDA:155,6,1,0
BRDA:157,7,0,0
BRDA:157,7,1,0
BRF:18
BRH:0
end_of_record
TN:
SF:/Users/zhupengcong/wallet/FiveToken-Wallet-Chrome-Extension/src/pages/wallet/component/transaction-item.vue
FN:60,(anonymous_1)
FN:70,(anonymous_2)
FN:85,(anonymous_3)
FN:99,(anonymous_4)
FN:117,(anonymous_5)
FN:130,(anonymous_6)
FN:133,(anonymous_7)
FN:134,(anonymous_8)
FN:137,(anonymous_9)
FNF:9
FNH:0
FNDA:0,(anonymous_1)
FNDA:0,(anonymous_2)
FNDA:0,(anonymous_3)
FNDA:0,(anonymous_4)
FNDA:0,(anonymous_5)
FNDA:0,(anonymous_6)
FNDA:0,(anonymous_7)
FNDA:0,(anonymous_8)
FNDA:0,(anonymous_9)
DA:53,2
DA:54,2
DA:55,2
DA:61,0
DA:71,0
DA:72,0
DA:73,0
DA:75,0
DA:78,0
DA:79,0
DA:81,0
DA:86,0
DA:87,0
DA:89,0
DA:90,0
DA:91,0
DA:92,0
DA:93,0
DA:95,0
DA:96,0
DA:100,0
DA:101,0
DA:103,0
DA:104,0
DA:106,0
DA:107,0
DA:109,0
DA:110,0
DA:112,0
DA:118,0
DA:119,0
DA:120,0
DA:121,0
DA:123,0
DA:126,0
DA:131,0
DA:135,0
DA:138,0
LF:38
LH:3
BRDA:71,0,0,0
BRDA:71,0,1,0
BRDA:72,1,0,0
BRDA:72,1,1,0
BRDA:78,2,0,0
BRDA:78,2,1,0
BRDA:86,3,0,0
BRDA:86,3,1,0
BRDA:91,4,0,0
BRDA:91,4,1,0
BRDA:91,5,0,0
BRDA:91,5,1,0
BRDA:102,6,0,0
BRDA:102,6,1,0
BRDA:102,6,2,0
BRDA:119,7,0,0
BRDA:119,7,1,0
BRDA:120,8,0,0
BRDA:120,8,1,0
BRF:19
BRH:0
end_of_record
TN:
SF:/Users/zhupengcong/wallet/FiveToken-Wallet-Chrome-Extension/src/pages/wallet/component/transaction-list.vue
FN:101,(anonymous_1)
FN:107,(anonymous_2)
FN:114,(anonymous_3)
FN:134,(anonymous_4)
FN:171,(anonymous_5)
FN:178,(anonymous_6)
FN:185,(anonymous_7)
FN:193,(anonymous_8)
FN:200,(anonymous_9)
FN:203,(anonymous_10)
FN:206,(anonymous_11)
FN:213,(anonymous_12)
FNF:12
FNH:0
FNDA:0,(anonymous_1)
FNDA:0,(anonymous_2)
FNDA:0,(anonymous_3)
FNDA:0,(anonymous_4)
FNDA:0,(anonymous_5)
FNDA:0,(anonymous_6)
FNDA:0,(anonymous_7)
FNDA:0,(anonymous_8)
FNDA:0,(anonymous_9)
FNDA:0,(anonymous_10)
FNDA:0,(anonymous_11)
FNDA:0,(anonymous_12)
DA:83,2
DA:84,2
DA:89,2
DA:90,2
DA:91,2
DA:102,0
DA:108,0
DA:109,0
DA:111,0
DA:115,0
DA:116,0
DA:118,0
DA:119,0
DA:120,0
DA:121,0
DA:122,0
DA:123,0
DA:124,0
DA:126,0
DA:127,0
DA:130,0
DA:135,0
DA:136,0
DA:138,0
DA:139,0
DA:140,0
DA:141,0
DA:142,0
DA:145,0
DA:146,0
DA:147,0
DA:148,0
DA:151,0
DA:172,0
DA:173,0
DA:174,0
DA:176,0
DA:179,0
DA:180,0
DA:181,0
DA:183,0
DA:186,0
DA:187,0
DA:188,0
DA:190,0
DA:194,0
DA:195,0
DA:196,0
DA:201,0
DA:204,0
DA:207,0
DA:210,0
DA:211,0
DA:214,0
LF:54
LH:5
BRDA:108,0,0,0
BRDA:108,0,1,0
BRDA:115,1,0,0
BRDA:115,1,1,0
BRDA:118,2,0,0
BRDA:118,2,1,0
BRDA:122,3,0,0
BRDA:122,3,1,0
BRDA:122,4,0,0
BRDA:122,4,1,0
BRDA:135,5,0,0
BRDA:135,5,1,0
BRDA:138,6,0,0
BRDA:138,6,1,0
BRDA:139,7,0,0
BRDA:139,7,1,0
BRDA:141,8,0,0
BRDA:141,8,1,0
BRDA:173,9,0,0
BRDA:173,9,1,0
BRDA:180,10,0,0
BRDA:180,10,1,0
BRDA:187,11,0,0
BRDA:187,11,1,0
BRDA:195,12,0,0
BRDA:195,12,1,0
BRDA:195,13,0,0
BRDA:195,13,1,0
BRF:28
BRH:0
end_of_record
TN:
SF:/Users/zhupengcong/wallet/FiveToken-Wallet-Chrome-Extension/src/pages/welcome/index.js
FN:20,(anonymous_0)
FNF:1
FNH:0
FNDA:0,(anonymous_0)
DA:8,0
DA:9,0
DA:10,0
DA:11,0
DA:12,0
DA:13,0
DA:15,0
DA:21,0
LF:8
LH:0
BRF:0
BRH:0
end_of_record
TN:
SF:/Users/zhupengcong/wallet/FiveToken-Wallet-Chrome-Extension/src/pages/welcome/component/index.vue
FN:22,(anonymous_1)
FN:30,(anonymous_2)
FN:33,(anonymous_3)
FNF:3
FNH:3
FNDA:1,(anonymous_1)
FNDA:1,(anonymous_2)
FNDA:1,(anonymous_3)
DA:23,1
DA:31,1
DA:34,1
LF:3
LH:3
BRF:0
BRH:0
end_of_record
TN:
SF:/Users/zhupengcong/wallet/FiveToken-Wallet-Chrome-Extension/src/utils/aes-gcm.js
FN:4,getMessageEncoding
FN:9,getMessageDeCoding
FN:14,encryptMessage
FN:49,decryptMessage
FN:76,generateKey
FN:87,encrypt
FN:121,decrypt
FNF:7
FNH:6
FNDA:16,getMessageEncoding
FNDA:0,getMessageDeCoding
FNDA:5,encryptMessage
FNDA:1,decryptMessage
FNDA:11,generateKey
FNDA:11,encrypt
FNDA:2,decrypt
DA:5,16
DA:6,16
DA:10,0
DA:11,0
DA:16,5
DA:17,5
DA:18,5
DA:19,5
DA:20,5
DA:21,5
DA:29,0
DA:30,0
DA:34,0
DA:35,0
DA:36,0
DA:38,5
DA:46,5
DA:50,1
DA:51,1
DA:52,1
DA:53,1
DA:54,1
DA:55,1
DA:62,1
DA:70,0
DA:72,1
DA:77,11
DA:89,11
DA:90,11
DA:91,11
DA:92,11
DA:93,11
DA:94,0
DA:101,11
DA:102,8
DA:106,8
DA:107,8
DA:108,8
DA:110,8
DA:118,8
DA:122,2
DA:123,2
DA:124,2
DA:125,2
DA:126,2
DA:127,2
DA:134,1
DA:142,0
DA:144,2
LF:49
LH:39
BRDA:20,0,0,5
BRDA:20,0,1,0
BRDA:93,1,0,0
BRDA:93,1,1,11
BRF:4
BRH:2
end_of_record
TN:
SF:/Users/zhupengcong/wallet/FiveToken-Wallet-Chrome-Extension/src/utils/encrypt.js
FN:5,encryptCreate
FN:93,importCreate
FN:97,(anonymous_2)
FN:105,(anonymous_3)
FN:145,decryptByPrivateKey
FNF:5
FNH:1
FNDA:0,encryptCreate
FNDA:0,importCreate
FNDA:0,(anonymous_2)
FNDA:0,(anonymous_3)
FNDA:2,decryptByPrivateKey
DA:6,0
DA:7,0
DA:8,0
DA:9,0
DA:10,0
DA:11,0
DA:12,0
DA:13,0
DA:14,0
DA:17,0
DA:18,0
DA:19,0
DA:20,0
DA:21,0
DA:22,0
DA:23,0
DA:32,0
DA:33,0
DA:34,0
DA:35,0
DA:40,0
DA:42,0
DA:43,0
DA:45,0
DA:46,0
DA:48,0
DA:49,0
DA:51,0
DA:52,0
DA:62,0
DA:66,0
DA:67,0
DA:73,0
DA:74,0
DA:75,0
DA:81,0
DA:82,0
DA:94,0
DA:95,0
DA:96,0
DA:97,0
DA:98,0
DA:100,0
DA:101,0
DA:102,0
DA:103,0
DA:104,0
DA:105,0
DA:106,0
DA:107,0
DA:108,0
DA:109,0
DA:120,0
DA:129,0
DA:131,0
DA:137,0
DA:138,0
DA:139,0
DA:141,0
DA:146,2
DA:147,2
DA:148,0
DA:149,0
DA:151,2
LF:64
LH:3
BRDA:8,0,0,0
BRDA:8,0,1,0
BRDA:12,1,0,0
BRDA:12,1,1,0
BRDA:27,2,0,0
BRDA:27,2,1,0
BRDA:40,3,0,0
BRDA:40,3,1,0
BRDA:40,3,2,0
BRDA:66,4,0,0
BRDA:66,4,1,0
BRDA:100,5,0,0
BRDA:100,5,1,0
BRDA:107,6,0,0
BRDA:107,6,1,0
BRDA:108,7,0,0
BRDA:108,7,1,0
BRDA:129,8,0,0
BRDA:129,8,1,0
BRF:19
BRH:0
end_of_record
TN:
SF:/Users/zhupengcong/wallet/FiveToken-Wallet-Chrome-Extension/src/utils/f1.js
FN:20,genT1WalletByMne
FN:36,genT1WalletByCK
FN:54,genPrivateKeyFromMne
FN:70,privateToPublicKey
FN:79,getAddressByPublicKey
FN:100,blake2b
FN:109,genPrivateKeyDigest
FNF:7
FNH:7
FNDA:2,genT1WalletByMne
FNDA:3,genT1WalletByCK
FNDA:4,genPrivateKeyFromMne
FNDA:2,privateToPublicKey
FNDA:5,getAddressByPublicKey
FNDA:10,blake2b
FNDA:1,genPrivateKeyDigest
DA:21,2
DA:22,2
DA:23,2
DA:24,2
DA:25,2
DA:37,3
DA:38,3
DA:39,3
DA:40,3
DA:41,3
DA:57,4
DA:58,4
DA:59,4
DA:60,4
DA:61,4
DA:62,4
DA:71,2
DA:80,5
DA:81,5
DA:82,5
DA:83,5
DA:84,5
DA:85,5
DA:86,5
DA:87,5
DA:88,5
DA:89,5
DA:101,10
DA:110,1
DA:111,1
LF:30
LH:30
BRF:0
BRH:0
end_of_record
TN:
SF:/Users/zhupengcong/wallet/FiveToken-Wallet-Chrome-Extension/src/utils/index.js
FN:29,formatNumber
FN:41,isProxy
FN:50,isFilecoinChain
FN:63,getF1ByMne
FN:102,getF1ByPrivateKey
FN:134,getBackupsPrivateKey
FN:148,strToHexCharCode
FN:167,getQueryString
FN:180,formatDate
FN:200,add0
FN:202,parseE
FN:236,isValidAddress
FN:258,trimStr
FN:267,bigNumbers
FN:271,fil2atto
FN:280,isDecimal
FN:285,zxcvbnFun
FN:290,routePush
FN:297,jsonToString
FN:305,isValidPass
FN:310,reverse
FNF:21
FNH:18
FNDA:5,formatNumber
FNDA:1,isProxy
FNDA:14,isFilecoinChain
FNDA:2,getF1ByMne
FNDA:3,getF1ByPrivateKey
FNDA:0,getBackupsPrivateKey
FNDA:2,strToHexCharCode
FNDA:14,getQueryString
FNDA:1,formatDate
FNDA:4,add0
FNDA:4,parseE
FNDA:1,isValidAddress
FNDA:6,trimStr
FNDA:11,bigNumbers
FNDA:2,fil2atto
FNDA:3,isDecimal
FNDA:3,zxcvbnFun
FNDA:0,routePush
FNDA:0,jsonToString
FNDA:3,isValidPass
FNDA:1,reverse
DA:16,27
DA:21,27
DA:30,5
DA:31,5
DA:32,5
DA:33,5
DA:42,1
DA:51,14
DA:64,2
DA:65,1
DA:66,1
DA:67,1
DA:68,1
DA:69,1
DA:70,1
DA:71,1
DA:72,1
DA:78,1
DA:79,1
DA:80,1
DA:81,1
DA:82,1
DA:83,1
DA:84,1
DA:85,1
DA:86,1
DA:103,3
DA:104,3
DA:105,2
DA:106,2
DA:107,2
DA:108,1
DA:109,1
DA:114,1
DA:115,1
DA:116,1
DA:117,1
DA:118,1
DA:124,1
DA:135,0
DA:136,0
DA:137,0
DA:139,0
DA:149,2
DA:150,1
DA:154,1
DA:155,1
DA:156,1
DA:157,80
DA:159,1
DA:168,14
DA:169,14
DA:170,14
DA:171,2
DA:181,1
DA:182,1
DA:183,1
DA:184,1
DA:185,1
DA:186,1
DA:187,1
DA:188,1
DA:189,1
DA:190,0
DA:192,1
DA:200,4
DA:203,4
DA:204,2
DA:206,2
DA:207,2
DA:208,2
DA:209,2
DA:210,2
DA:211,2
DA:212,1
DA:213,1
DA:214,10
DA:216,1
DA:217,1
DA:219,1
DA:220,1
DA:221,10
DA:223,1
DA:224,1
DA:225,1
DA:227,2
DA:237,1
DA:238,1
DA:239,0
DA:240,0
DA:241,0
DA:242,0
DA:244,0
DA:247,1
DA:248,1
DA:249,1
DA:259,6
DA:268,11
DA:272,2
DA:273,2
DA:274,1
DA:276,1
DA:277,1
DA:281,3
DA:282,3
DA:286,3
DA:287,3
DA:291,0
DA:292,0
DA:294,0
DA:298,0
DA:299,0
DA:300,0
DA:302,0
DA:306,3
DA:307,3
DA:311,1
LF:117
LH:100
BRDA:29,0,0,0
BRDA:51,1,0,14
BRDA:51,1,1,7
BRDA:64,2,0,1
BRDA:64,2,1,1
BRDA:104,3,0,2
BRDA:104,3,1,1
BRDA:135,4,0,0
BRDA:135,4,1,0
BRDA:149,5,0,1
BRDA:149,5,1,1
BRDA:170,6,0,12
BRDA:170,6,1,2
BRDA:181,7,0,0
BRDA:181,7,1,1
BRDA:189,8,0,0
BRDA:189,8,1,1
BRDA:200,9,0,2
BRDA:200,9,1,2
BRDA:203,10,0,2
BRDA:203,10,1,2
BRDA:211,11,0,1
BRDA:211,11,1,1
BRDA:238,12,0,0
BRDA:238,12,1,1
BRDA:241,13,0,0
BRDA:241,13,1,0
BRDA:241,14,0,0
BRDA:241,14,1,0
BRDA:273,15,0,1
BRDA:273,15,1,1
BRDA:291,16,0,0
BRDA:291,16,1,0
BRF:33
BRH:21
end_of_record
TN:
SF:/Users/zhupengcong/wallet/FiveToken-Wallet-Chrome-Extension/src/utils/key.js
FN:4,genSalt
FN:10,genKek
FNF:2
FNH:2
FNDA:1,genSalt
FNDA:1,genKek
DA:2,1
DA:5,1
DA:6,1
DA:7,1
DA:11,1
DA:12,1
DA:15,1
DA:16,1
LF:8
LH:8
BRF:0
BRH:0
end_of_record
TN:
SF:/Users/zhupengcong/wallet/FiveToken-Wallet-Chrome-Extension/src/utils/libsodium.js
FN:6,initSodium
FN:14,splitNonceFromMessage
FN:24,gennerateNonce
FN:34,randomBytes
FN:43,encryptSodium
FN:66,decryptSodium
FN:85,encryptAndPrependNonce
FN:109,decryptAfterExtractingNonce
FN:122,Uint8ArrayToString
FN:131,stringToUint8Array
FN:143,encrypt
FN:153,decrypt
FN:163,hashSodium
FNF:13
FNH:13
FNDA:12,initSodium
FNDA:1,splitNonceFromMessage
FNDA:1,gennerateNonce
FNDA:1,randomBytes
FNDA:1,encryptSodium
FNDA:1,decryptSodium
FNDA:1,encryptAndPrependNonce
FNDA:1,decryptAfterExtractingNonce
FNDA:5,Uint8ArrayToString
FNDA:2,stringToUint8Array
FNDA:1,encrypt
FNDA:1,decrypt
FNDA:2,hashSodium
DA:3,1
DA:7,12
DA:8,12
DA:15,1
DA:16,1
DA:17,1
DA:18,1
DA:19,1
DA:25,1
DA:26,1
DA:27,1
DA:28,1
DA:35,1
DA:36,1
DA:44,1
DA:45,1
DA:46,1
DA:47,1
DA:48,1
DA:49,1
DA:55,1
DA:56,1
DA:57,1
DA:58,1
DA:59,1
DA:67,1
DA:68,1
DA:69,1
DA:70,1
DA:71,1
DA:72,1
DA:73,1
DA:79,1
DA:86,1
DA:87,1
DA:88,1
DA:89,1
DA:91,1
DA:92,1
DA:93,0
DA:95,1
DA:96,1
DA:98,1
DA:99,1
DA:100,1
DA:101,1
DA:102,1
DA:103,1
DA:110,1
DA:111,1
DA:112,1
DA:113,1
DA:115,0
DA:117,1
DA:118,1
DA:119,1
DA:123,5
DA:124,5
DA:125,168
DA:128,5
DA:132,2
DA:133,2
DA:134,112
DA:137,2
DA:138,2
DA:144,1
DA:145,1
DA:146,1
DA:147,1
DA:148,1
DA:154,1
DA:155,1
DA:156,1
DA:157,1
DA:158,1
DA:164,2
DA:165,2
DA:166,2
LF:78
LH:76
BRDA:92,0,0,0
BRDA:92,0,1,1
BRDA:113,1,0,0
BRDA:113,1,1,1
BRF:4
BRH:2
end_of_record
TN:
SF:/Users/zhupengcong/wallet/FiveToken-Wallet-Chrome-Extension/src/utils/local-store.js
FN:11,(anonymous_0)
FN:22,(anonymous_1)
FN:45,(anonymous_2)
FN:54,(anonymous_3)
FN:62,(anonymous_4)
FN:71,(anonymous_5)
FN:73,(anonymous_6)
FN:74,(anonymous_7)
FN:91,(anonymous_8)
FN:93,(anonymous_9)
FN:94,(anonymous_10)
FN:111,(anonymous_11)
FN:113,(anonymous_12)
FN:114,(anonymous_13)
FN:130,(anonymous_14)
FN:151,isEmpty
FN:160,checkForError
FNF:17
FNH:4
FNDA:1,(anonymous_0)
FNDA:0,(anonymous_1)
FNDA:1,(anonymous_2)
FNDA:0,(anonymous_3)
FNDA:0,(anonymous_4)
FNDA:0,(anonymous_5)
FNDA:0,(anonymous_6)
FNDA:0,(anonymous_7)
FNDA:1,(anonymous_8)
FNDA:1,(anonymous_9)
FNDA:0,(anonymous_10)
FNDA:0,(anonymous_11)
FNDA:0,(anonymous_12)
FNDA:0,(anonymous_13)
FNDA:0,(anonymous_14)
FNDA:0,isEmpty
FNDA:0,checkForError
DA:12,1
DA:13,1
DA:14,0
DA:23,0
DA:24,0
DA:26,0
DA:29,0
DA:30,0
DA:32,0
DA:33,0
DA:35,0
DA:46,1
DA:55,0
DA:63,0
DA:72,0
DA:73,0
DA:74,0
DA:75,0
DA:76,0
DA:77,0
DA:79,0
DA:92,1
DA:93,1
DA:94,1
DA:95,0
DA:96,0
DA:97,0
DA:99,0
DA:112,0
DA:113,0
DA:114,0
DA:115,0
DA:116,0
DA:117,0
DA:119,0
DA:131,0
DA:132,0
DA:152,0
DA:161,0
DA:162,0
DA:163,0
DA:166,0
DA:167,0
DA:170,0
LF:44
LH:6
BRDA:12,0,0,1
BRDA:12,0,1,0
BRDA:13,1,0,0
BRDA:13,1,1,1
BRDA:23,2,0,0
BRDA:23,2,1,0
BRDA:29,3,0,0
BRDA:29,3,1,0
BRDA:32,4,0,0
BRDA:32,4,1,0
BRDA:76,5,0,0
BRDA:76,5,1,0
BRDA:96,6,0,0
BRDA:96,6,1,0
BRDA:116,7,0,0
BRDA:116,7,1,0
BRDA:162,8,0,0
BRDA:162,8,1,0
BRDA:166,9,0,0
BRDA:166,9,1,0
BRDA:166,10,0,0
BRDA:166,10,1,0
BRF:22
BRH:2
end_of_record
TN:
SF:/Users/zhupengcong/wallet/FiveToken-Wallet-Chrome-Extension/src/utils/message.js
FN:18,getT1SignedMsg
FN:35,getT1Sig
FN:52,getCid
FN:60,t1Sign
FN:68,serializeMsg
FN:88,blake2b
FN:92,cborAddress
FN:103,getAddressBuff
FN:113,getBigIntBuffer
FNF:9
FNH:9
FNDA:1,getT1SignedMsg
FNDA:1,getT1Sig
FNDA:1,getCid
FNDA:1,t1Sign
FNDA:1,serializeMsg
FNDA:1,blake2b
FNDA:2,cborAddress
FNDA:2,getAddressBuff
FNDA:3,getBigIntBuffer
DA:19,1
DA:20,1
DA:36,1
DA:37,1
DA:38,1
DA:40,1
DA:41,1
DA:43,1
DA:44,1
DA:53,1
DA:54,1
DA:55,1
DA:56,1
DA:57,1
DA:61,1
DA:62,1
DA:63,1
DA:64,1
DA:65,1
DA:69,1
DA:70,1
DA:71,1
DA:72,1
DA:73,1
DA:74,1
DA:75,1
DA:76,1
DA:77,1
DA:78,1
DA:79,1
DA:89,1
DA:93,2
DA:94,2
DA:95,0
DA:96,0
DA:97,0
DA:98,0
DA:100,2
DA:104,2
DA:105,2
DA:106,2
DA:107,2
DA:108,2
DA:109,2
DA:110,2
DA:114,3
DA:115,0
DA:117,3
DA:118,3
DA:123,3
LF:50
LH:45
BRDA:37,0,0,1
BRDA:37,0,1,0
BRDA:40,1,0,1
BRDA:40,1,1,0
BRDA:63,2,0,0
BRDA:63,2,1,1
BRDA:94,3,0,0
BRDA:94,3,1,2
BRDA:114,4,0,0
BRDA:114,4,1,3
BRF:10
BRH:5
end_of_record
TN:
SF:/Users/zhupengcong/wallet/FiveToken-Wallet-Chrome-Extension/src/utils/request.js
FN:11,(anonymous_0)
FN:19,(anonymous_1)
FN:25,(anonymous_2)
FN:33,(anonymous_3)
FNF:4
FNH:1
FNDA:5,(anonymous_0)
FNDA:0,(anonymous_1)
FNDA:0,(anonymous_2)
FNDA:0,(anonymous_3)
DA:2,28
DA:5,28
DA:10,28
DA:12,5
DA:13,5
DA:14,5
DA:15,5
DA:17,5
DA:20,0
DA:24,28
DA:26,0
DA:27,0
DA:28,0
DA:30,0
DA:34,0
LF:15
LH:9
BRDA:14,0,0,5
BRDA:14,0,1,0
BRDA:27,1,0,0
BRDA:27,1,1,0
BRDA:27,2,0,0
BRDA:27,2,1,0
BRDA:28,3,0,0
BRDA:28,3,1,0
BRF:8
BRH:1
end_of_record
TN:
SF:/Users/zhupengcong/wallet/FiveToken-Wallet-Chrome-Extension/src/utils/typeof.js
FN:1,Uint8ArrayToString
FN:10,stringToUint8Array
FN:19,ArrayBufferToString
FN:23,StringToArrayBuffer
FNF:4
FNH:4
FNDA:1,Uint8ArrayToString
FNDA:20,stringToUint8Array
FNDA:14,ArrayBufferToString
FNDA:4,StringToArrayBuffer
DA:2,1
DA:3,1
DA:4,9
DA:7,1
DA:11,20
DA:12,20
DA:13,798
DA:15,20
DA:16,20
DA:20,14
DA:24,4
DA:25,4
DA:26,4
DA:27,41
DA:29,4
LF:15
LH:15
BRF:0
BRH:0
end_of_record
